[0.018s] Invoking command in '/home/blade_master/pnx/pnx_dart_ros2/build/rm_gimbal_description': CMAKE_PREFIX_PATH=/opt/ros/humble /usr/bin/cmake /home/blade_master/pnx/pnx_dart_ros2/src/rm_gimbal_description -DAMENT_CMAKE_SYMLINK_INSTALL=1 -DCMAKE_INSTALL_PREFIX=/home/blade_master/pnx/pnx_dart_ros2/install/rm_gimbal_description
[0.086s] -- The C compiler identification is GNU 11.4.0
[0.270s] -- The CXX compiler identification is GNU 11.4.0
[0.419s] -- Detecting C compiler ABI info
[0.528s] -- Detecting C compiler ABI info - done
[0.533s] -- Check for working C compiler: /usr/bin/cc - skipped
[0.533s] -- Detecting C compile features
[0.533s] -- Detecting C compile features - done
[0.536s] -- Detecting CXX compiler ABI info
[0.651s] -- Detecting CXX compiler ABI info - done
[0.656s] -- Check for working CXX compiler: /usr/bin/c++ - skipped
[0.657s] -- Detecting CXX compile features
[0.657s] -- Detecting CXX compile features - done
[0.659s] -- Found ament_cmake: 1.3.11 (/opt/ros/humble/share/ament_cmake/cmake)
[0.789s] -- Found Python3: /usr/bin/python3 (found version "3.10.12") found components: Interpreter 
[0.844s] -- Override CMake install command with custom implementation using symlinks instead of copying resources
[0.860s] -- Found ament_lint_auto: 0.12.12 (/opt/ros/humble/share/ament_lint_auto/cmake)
[0.923s] -- Added test 'lint_cmake' to check CMake code style
[0.924s] -- Added test 'xmllint' to check XML markup files
[0.926s] -- Configuring done
[0.929s] -- Generating done
[0.930s] -- Build files have been written to: /home/blade_master/pnx/pnx_dart_ros2/build/rm_gimbal_description
[0.934s] Invoked command in '/home/blade_master/pnx/pnx_dart_ros2/build/rm_gimbal_description' returned '0': CMAKE_PREFIX_PATH=/opt/ros/humble /usr/bin/cmake /home/blade_master/pnx/pnx_dart_ros2/src/rm_gimbal_description -DAMENT_CMAKE_SYMLINK_INSTALL=1 -DCMAKE_INSTALL_PREFIX=/home/blade_master/pnx/pnx_dart_ros2/install/rm_gimbal_description
[0.937s] Invoking command in '/home/blade_master/pnx/pnx_dart_ros2/build/rm_gimbal_description': CMAKE_PREFIX_PATH=/opt/ros/humble /usr/bin/cmake --build /home/blade_master/pnx/pnx_dart_ros2/build/rm_gimbal_description -- -j22 -l22
[0.962s] Invoked command in '/home/blade_master/pnx/pnx_dart_ros2/build/rm_gimbal_description' returned '0': CMAKE_PREFIX_PATH=/opt/ros/humble /usr/bin/cmake --build /home/blade_master/pnx/pnx_dart_ros2/build/rm_gimbal_description -- -j22 -l22
[0.970s] Invoking command in '/home/blade_master/pnx/pnx_dart_ros2/build/rm_gimbal_description': CMAKE_PREFIX_PATH=/opt/ros/humble /usr/bin/cmake --install /home/blade_master/pnx/pnx_dart_ros2/build/rm_gimbal_description
[0.975s] -- Install configuration: ""
[0.975s] -- Execute custom install script
[0.976s] -- Symlinking: /home/blade_master/pnx/pnx_dart_ros2/install/rm_gimbal_description/share/rm_gimbal_description/urdf/rm_gimbal.urdf.xacro
[0.982s] -- Symlinking: /home/blade_master/pnx/pnx_dart_ros2/install/rm_gimbal_description/share/ament_index/resource_index/package_run_dependencies/rm_gimbal_description
[0.988s] -- Symlinking: /home/blade_master/pnx/pnx_dart_ros2/install/rm_gimbal_description/share/ament_index/resource_index/parent_prefix_path/rm_gimbal_description
[0.994s] -- Symlinking: /home/blade_master/pnx/pnx_dart_ros2/install/rm_gimbal_description/share/rm_gimbal_description/environment/ament_prefix_path.sh
[0.999s] -- Symlinking: /home/blade_master/pnx/pnx_dart_ros2/install/rm_gimbal_description/share/rm_gimbal_description/environment/ament_prefix_path.dsv
[1.004s] -- Symlinking: /home/blade_master/pnx/pnx_dart_ros2/install/rm_gimbal_description/share/rm_gimbal_description/environment/path.sh
[1.010s] -- Symlinking: /home/blade_master/pnx/pnx_dart_ros2/install/rm_gimbal_description/share/rm_gimbal_description/environment/path.dsv
[1.015s] -- Symlinking: /home/blade_master/pnx/pnx_dart_ros2/install/rm_gimbal_description/share/rm_gimbal_description/local_setup.bash
[1.022s] -- Symlinking: /home/blade_master/pnx/pnx_dart_ros2/install/rm_gimbal_description/share/rm_gimbal_description/local_setup.sh
[1.028s] -- Symlinking: /home/blade_master/pnx/pnx_dart_ros2/install/rm_gimbal_description/share/rm_gimbal_description/local_setup.zsh
[1.033s] -- Symlinking: /home/blade_master/pnx/pnx_dart_ros2/install/rm_gimbal_description/share/rm_gimbal_description/local_setup.dsv
[1.039s] -- Symlinking: /home/blade_master/pnx/pnx_dart_ros2/install/rm_gimbal_description/share/rm_gimbal_description/package.dsv
[1.045s] -- Symlinking: /home/blade_master/pnx/pnx_dart_ros2/install/rm_gimbal_description/share/ament_index/resource_index/packages/rm_gimbal_description
[1.051s] -- Symlinking: /home/blade_master/pnx/pnx_dart_ros2/install/rm_gimbal_description/share/rm_gimbal_description/cmake/rm_gimbal_descriptionConfig.cmake
[1.056s] -- Symlinking: /home/blade_master/pnx/pnx_dart_ros2/install/rm_gimbal_description/share/rm_gimbal_description/cmake/rm_gimbal_descriptionConfig-version.cmake
[1.062s] -- Symlinking: /home/blade_master/pnx/pnx_dart_ros2/install/rm_gimbal_description/share/rm_gimbal_description/package.xml
[1.070s] Invoked command in '/home/blade_master/pnx/pnx_dart_ros2/build/rm_gimbal_description' returned '0': CMAKE_PREFIX_PATH=/opt/ros/humble /usr/bin/cmake --install /home/blade_master/pnx/pnx_dart_ros2/build/rm_gimbal_description
