[0.296s] Invoking command in '/home/blade_master/pnx/pnx_dart_ros2/build/rm_auto_aim_dart': AMENT_PREFIX_PATH=/home/blade_master/pnx/pnx_dart_ros2/install/light_detector:/home/blade_master/pnx/pnx_dart_ros2/install/auto_aim_interfaces:${AMENT_PREFIX_PATH} CMAKE_PREFIX_PATH=/home/blade_master/pnx/pnx_dart_ros2/install/light_detector:/home/blade_master/pnx/pnx_dart_ros2/install/auto_aim_interfaces:/opt/ros/humble LD_LIBRARY_PATH=/home/blade_master/pnx/pnx_dart_ros2/install/light_detector/lib:/home/blade_master/pnx/pnx_dart_ros2/install/auto_aim_interfaces/lib:/opt/MVS/lib/64:/opt/MVS/lib/32:/opt/MVS/lib/64:/opt/MVS/lib/32:/opt/MVS/lib/64:/opt/MVS/lib/32:/opt/MVS/lib/64:/opt/MVS/lib/32:/opt/ros/humble/opt/rviz_ogre_vendor/lib:/opt/ros/humble/lib/x86_64-linux-gnu:/opt/ros/humble/lib:/opt/MVS/lib/64:/opt/MVS/lib/32 PYTHONPATH=/home/blade_master/pnx/pnx_dart_ros2/install/auto_aim_interfaces/local/lib/python3.10/dist-packages:${PYTHONPATH} /usr/bin/cmake /home/blade_master/pnx/pnx_dart_ros2/src/auto_aim/rm_auto_aim_dart -DAMENT_CMAKE_SYMLINK_INSTALL=1 -DCMAKE_INSTALL_PREFIX=/home/blade_master/pnx/pnx_dart_ros2/install/rm_auto_aim_dart
[0.446s] -- The C compiler identification is GNU 11.4.0
[1.101s] -- The CXX compiler identification is GNU 11.4.0
[1.482s] -- Detecting C compiler ABI info
[1.649s] -- Detecting C compiler ABI info - done
[1.654s] -- Check for working C compiler: /usr/bin/cc - skipped
[1.654s] -- Detecting C compile features
[1.655s] -- Detecting C compile features - done
[1.658s] -- Detecting CXX compiler ABI info
[1.817s] -- Detecting CXX compiler ABI info - done
[1.822s] -- Check for working CXX compiler: /usr/bin/c++ - skipped
[1.822s] -- Detecting CXX compile features
[1.823s] -- Detecting CXX compile features - done
[1.826s] -- Found ament_cmake_auto: 1.3.11 (/opt/ros/humble/share/ament_cmake_auto/cmake)
[1.944s] -- Found Python3: /usr/bin/python3 (found version "3.10.12") found components: Interpreter 
[1.993s] -- Override CMake install command with custom implementation using symlinks instead of copying resources
[2.009s] -- Found ament_lint_auto: 0.12.12 (/opt/ros/humble/share/ament_lint_auto/cmake)
[2.077s] -- Added test 'lint_cmake' to check CMake code style
[2.077s] -- Added test 'xmllint' to check XML markup files
[2.078s] -- Configuring done
[2.081s] -- Generating done
[2.082s] -- Build files have been written to: /home/blade_master/pnx/pnx_dart_ros2/build/rm_auto_aim_dart
[2.087s] Invoked command in '/home/blade_master/pnx/pnx_dart_ros2/build/rm_auto_aim_dart' returned '0': AMENT_PREFIX_PATH=/home/blade_master/pnx/pnx_dart_ros2/install/light_detector:/home/blade_master/pnx/pnx_dart_ros2/install/auto_aim_interfaces:${AMENT_PREFIX_PATH} CMAKE_PREFIX_PATH=/home/blade_master/pnx/pnx_dart_ros2/install/light_detector:/home/blade_master/pnx/pnx_dart_ros2/install/auto_aim_interfaces:/opt/ros/humble LD_LIBRARY_PATH=/home/blade_master/pnx/pnx_dart_ros2/install/light_detector/lib:/home/blade_master/pnx/pnx_dart_ros2/install/auto_aim_interfaces/lib:/opt/MVS/lib/64:/opt/MVS/lib/32:/opt/MVS/lib/64:/opt/MVS/lib/32:/opt/MVS/lib/64:/opt/MVS/lib/32:/opt/MVS/lib/64:/opt/MVS/lib/32:/opt/ros/humble/opt/rviz_ogre_vendor/lib:/opt/ros/humble/lib/x86_64-linux-gnu:/opt/ros/humble/lib:/opt/MVS/lib/64:/opt/MVS/lib/32 PYTHONPATH=/home/blade_master/pnx/pnx_dart_ros2/install/auto_aim_interfaces/local/lib/python3.10/dist-packages:${PYTHONPATH} /usr/bin/cmake /home/blade_master/pnx/pnx_dart_ros2/src/auto_aim/rm_auto_aim_dart -DAMENT_CMAKE_SYMLINK_INSTALL=1 -DCMAKE_INSTALL_PREFIX=/home/blade_master/pnx/pnx_dart_ros2/install/rm_auto_aim_dart
[2.088s] Invoking command in '/home/blade_master/pnx/pnx_dart_ros2/build/rm_auto_aim_dart': AMENT_PREFIX_PATH=/home/blade_master/pnx/pnx_dart_ros2/install/light_detector:/home/blade_master/pnx/pnx_dart_ros2/install/auto_aim_interfaces:${AMENT_PREFIX_PATH} CMAKE_PREFIX_PATH=/home/blade_master/pnx/pnx_dart_ros2/install/light_detector:/home/blade_master/pnx/pnx_dart_ros2/install/auto_aim_interfaces:/opt/ros/humble LD_LIBRARY_PATH=/home/blade_master/pnx/pnx_dart_ros2/install/light_detector/lib:/home/blade_master/pnx/pnx_dart_ros2/install/auto_aim_interfaces/lib:/opt/MVS/lib/64:/opt/MVS/lib/32:/opt/MVS/lib/64:/opt/MVS/lib/32:/opt/MVS/lib/64:/opt/MVS/lib/32:/opt/MVS/lib/64:/opt/MVS/lib/32:/opt/ros/humble/opt/rviz_ogre_vendor/lib:/opt/ros/humble/lib/x86_64-linux-gnu:/opt/ros/humble/lib:/opt/MVS/lib/64:/opt/MVS/lib/32 PYTHONPATH=/home/blade_master/pnx/pnx_dart_ros2/install/auto_aim_interfaces/local/lib/python3.10/dist-packages:${PYTHONPATH} /usr/bin/cmake --build /home/blade_master/pnx/pnx_dart_ros2/build/rm_auto_aim_dart -- -j22 -l22
[2.115s] Invoked command in '/home/blade_master/pnx/pnx_dart_ros2/build/rm_auto_aim_dart' returned '0': AMENT_PREFIX_PATH=/home/blade_master/pnx/pnx_dart_ros2/install/light_detector:/home/blade_master/pnx/pnx_dart_ros2/install/auto_aim_interfaces:${AMENT_PREFIX_PATH} CMAKE_PREFIX_PATH=/home/blade_master/pnx/pnx_dart_ros2/install/light_detector:/home/blade_master/pnx/pnx_dart_ros2/install/auto_aim_interfaces:/opt/ros/humble LD_LIBRARY_PATH=/home/blade_master/pnx/pnx_dart_ros2/install/light_detector/lib:/home/blade_master/pnx/pnx_dart_ros2/install/auto_aim_interfaces/lib:/opt/MVS/lib/64:/opt/MVS/lib/32:/opt/MVS/lib/64:/opt/MVS/lib/32:/opt/MVS/lib/64:/opt/MVS/lib/32:/opt/MVS/lib/64:/opt/MVS/lib/32:/opt/ros/humble/opt/rviz_ogre_vendor/lib:/opt/ros/humble/lib/x86_64-linux-gnu:/opt/ros/humble/lib:/opt/MVS/lib/64:/opt/MVS/lib/32 PYTHONPATH=/home/blade_master/pnx/pnx_dart_ros2/install/auto_aim_interfaces/local/lib/python3.10/dist-packages:${PYTHONPATH} /usr/bin/cmake --build /home/blade_master/pnx/pnx_dart_ros2/build/rm_auto_aim_dart -- -j22 -l22
[2.117s] Invoking command in '/home/blade_master/pnx/pnx_dart_ros2/build/rm_auto_aim_dart': AMENT_PREFIX_PATH=/home/blade_master/pnx/pnx_dart_ros2/install/light_detector:/home/blade_master/pnx/pnx_dart_ros2/install/auto_aim_interfaces:${AMENT_PREFIX_PATH} CMAKE_PREFIX_PATH=/home/blade_master/pnx/pnx_dart_ros2/install/light_detector:/home/blade_master/pnx/pnx_dart_ros2/install/auto_aim_interfaces:/opt/ros/humble LD_LIBRARY_PATH=/home/blade_master/pnx/pnx_dart_ros2/install/light_detector/lib:/home/blade_master/pnx/pnx_dart_ros2/install/auto_aim_interfaces/lib:/opt/MVS/lib/64:/opt/MVS/lib/32:/opt/MVS/lib/64:/opt/MVS/lib/32:/opt/MVS/lib/64:/opt/MVS/lib/32:/opt/MVS/lib/64:/opt/MVS/lib/32:/opt/ros/humble/opt/rviz_ogre_vendor/lib:/opt/ros/humble/lib/x86_64-linux-gnu:/opt/ros/humble/lib:/opt/MVS/lib/64:/opt/MVS/lib/32 PYTHONPATH=/home/blade_master/pnx/pnx_dart_ros2/install/auto_aim_interfaces/local/lib/python3.10/dist-packages:${PYTHONPATH} /usr/bin/cmake --install /home/blade_master/pnx/pnx_dart_ros2/build/rm_auto_aim_dart
[2.123s] -- Install configuration: ""
[2.123s] -- Execute custom install script
[2.124s] -- Symlinking: /home/blade_master/pnx/pnx_dart_ros2/install/rm_auto_aim_dart/share/ament_index/resource_index/package_run_dependencies/rm_auto_aim_dart
[2.130s] -- Symlinking: /home/blade_master/pnx/pnx_dart_ros2/install/rm_auto_aim_dart/share/ament_index/resource_index/parent_prefix_path/rm_auto_aim_dart
[2.137s] -- Symlinking: /home/blade_master/pnx/pnx_dart_ros2/install/rm_auto_aim_dart/share/rm_auto_aim_dart/environment/ament_prefix_path.sh
[2.144s] -- Symlinking: /home/blade_master/pnx/pnx_dart_ros2/install/rm_auto_aim_dart/share/rm_auto_aim_dart/environment/ament_prefix_path.dsv
[2.153s] -- Symlinking: /home/blade_master/pnx/pnx_dart_ros2/install/rm_auto_aim_dart/share/rm_auto_aim_dart/environment/path.sh
[2.161s] -- Symlinking: /home/blade_master/pnx/pnx_dart_ros2/install/rm_auto_aim_dart/share/rm_auto_aim_dart/environment/path.dsv
[2.170s] -- Symlinking: /home/blade_master/pnx/pnx_dart_ros2/install/rm_auto_aim_dart/share/rm_auto_aim_dart/local_setup.bash
[2.180s] -- Symlinking: /home/blade_master/pnx/pnx_dart_ros2/install/rm_auto_aim_dart/share/rm_auto_aim_dart/local_setup.sh
[2.185s] -- Symlinking: /home/blade_master/pnx/pnx_dart_ros2/install/rm_auto_aim_dart/share/rm_auto_aim_dart/local_setup.zsh
[2.190s] -- Symlinking: /home/blade_master/pnx/pnx_dart_ros2/install/rm_auto_aim_dart/share/rm_auto_aim_dart/local_setup.dsv
[2.200s] -- Symlinking: /home/blade_master/pnx/pnx_dart_ros2/install/rm_auto_aim_dart/share/rm_auto_aim_dart/package.dsv
[2.205s] -- Symlinking: /home/blade_master/pnx/pnx_dart_ros2/install/rm_auto_aim_dart/share/ament_index/resource_index/packages/rm_auto_aim_dart
[2.211s] -- Symlinking: /home/blade_master/pnx/pnx_dart_ros2/install/rm_auto_aim_dart/share/rm_auto_aim_dart/cmake/rm_auto_aim_dartConfig.cmake
[2.216s] -- Symlinking: /home/blade_master/pnx/pnx_dart_ros2/install/rm_auto_aim_dart/share/rm_auto_aim_dart/cmake/rm_auto_aim_dartConfig-version.cmake
[2.222s] -- Symlinking: /home/blade_master/pnx/pnx_dart_ros2/install/rm_auto_aim_dart/share/rm_auto_aim_dart/package.xml
[2.230s] Invoked command in '/home/blade_master/pnx/pnx_dart_ros2/build/rm_auto_aim_dart' returned '0': AMENT_PREFIX_PATH=/home/blade_master/pnx/pnx_dart_ros2/install/light_detector:/home/blade_master/pnx/pnx_dart_ros2/install/auto_aim_interfaces:${AMENT_PREFIX_PATH} CMAKE_PREFIX_PATH=/home/blade_master/pnx/pnx_dart_ros2/install/light_detector:/home/blade_master/pnx/pnx_dart_ros2/install/auto_aim_interfaces:/opt/ros/humble LD_LIBRARY_PATH=/home/blade_master/pnx/pnx_dart_ros2/install/light_detector/lib:/home/blade_master/pnx/pnx_dart_ros2/install/auto_aim_interfaces/lib:/opt/MVS/lib/64:/opt/MVS/lib/32:/opt/MVS/lib/64:/opt/MVS/lib/32:/opt/MVS/lib/64:/opt/MVS/lib/32:/opt/MVS/lib/64:/opt/MVS/lib/32:/opt/ros/humble/opt/rviz_ogre_vendor/lib:/opt/ros/humble/lib/x86_64-linux-gnu:/opt/ros/humble/lib:/opt/MVS/lib/64:/opt/MVS/lib/32 PYTHONPATH=/home/blade_master/pnx/pnx_dart_ros2/install/auto_aim_interfaces/local/lib/python3.10/dist-packages:${PYTHONPATH} /usr/bin/cmake --install /home/blade_master/pnx/pnx_dart_ros2/build/rm_auto_aim_dart
