[0.074s] Invoking command in '/home/blade_master/pnx/pnx_dart_ros2/build/rm_auto_aim_dart': AMENT_PREFIX_PATH=/home/blade_master/pnx/pnx_dart_ros2/install/light_detector:/home/blade_master/pnx/pnx_dart_ros2/install/auto_aim_interfaces:${AMENT_PREFIX_PATH} CMAKE_PREFIX_PATH=/home/blade_master/pnx/pnx_dart_ros2/install/light_detector:/home/blade_master/pnx/pnx_dart_ros2/install/auto_aim_interfaces:/opt/ros/humble LD_LIBRARY_PATH=/home/blade_master/pnx/pnx_dart_ros2/install/light_detector/lib:/home/blade_master/pnx/pnx_dart_ros2/install/auto_aim_interfaces/lib:/opt/MVS/lib/64:/opt/MVS/lib/32:/opt/ros/humble/opt/rviz_ogre_vendor/lib:/opt/MVS/lib/64:/opt/MVS/lib/32:/opt/MVS/lib/64:/opt/MVS/lib/32:/opt/ros/humble/lib/x86_64-linux-gnu:/opt/ros/humble/lib:/opt/MVS/lib/64:/opt/MVS/lib/32 PYTHONPATH=/home/blade_master/pnx/pnx_dart_ros2/install/auto_aim_interfaces/local/lib/python3.10/dist-packages:${PYTHONPATH} /usr/bin/cmake /home/blade_master/pnx/pnx_dart_ros2/src/auto_aim/rm_auto_aim_dart -DAMENT_CMAKE_SYMLINK_INSTALL=1 -DCMAKE_INSTALL_PREFIX=/home/blade_master/pnx/pnx_dart_ros2/install/rm_auto_aim_dart
[0.143s] -- The C compiler identification is GNU 11.4.0
[0.367s] -- The CXX compiler identification is GNU 11.4.0
[0.509s] -- Detecting C compiler ABI info
[0.593s] -- Detecting C compiler ABI info - done
[0.598s] -- Check for working C compiler: /usr/bin/cc - skipped
[0.598s] -- Detecting C compile features
[0.598s] -- Detecting C compile features - done
[0.600s] -- Detecting CXX compiler ABI info
[0.686s] -- Detecting CXX compiler ABI info - done
[0.691s] -- Check for working CXX compiler: /usr/bin/c++ - skipped
[0.691s] -- Detecting CXX compile features
[0.691s] -- Detecting CXX compile features - done
[0.693s] -- Found ament_cmake_auto: 1.3.11 (/opt/ros/humble/share/ament_cmake_auto/cmake)
[0.812s] -- Found Python3: /usr/bin/python3 (found version "3.10.12") found components: Interpreter 
[0.866s] -- Override CMake install command with custom implementation using symlinks instead of copying resources
[0.883s] -- Found ament_lint_auto: 0.12.12 (/opt/ros/humble/share/ament_lint_auto/cmake)
[0.945s] -- Added test 'lint_cmake' to check CMake code style
[0.946s] -- Added test 'xmllint' to check XML markup files
[0.947s] -- Configuring done
[0.949s] -- Generating done
[0.951s] -- Build files have been written to: /home/blade_master/pnx/pnx_dart_ros2/build/rm_auto_aim_dart
[0.957s] Invoked command in '/home/blade_master/pnx/pnx_dart_ros2/build/rm_auto_aim_dart' returned '0': AMENT_PREFIX_PATH=/home/blade_master/pnx/pnx_dart_ros2/install/light_detector:/home/blade_master/pnx/pnx_dart_ros2/install/auto_aim_interfaces:${AMENT_PREFIX_PATH} CMAKE_PREFIX_PATH=/home/blade_master/pnx/pnx_dart_ros2/install/light_detector:/home/blade_master/pnx/pnx_dart_ros2/install/auto_aim_interfaces:/opt/ros/humble LD_LIBRARY_PATH=/home/blade_master/pnx/pnx_dart_ros2/install/light_detector/lib:/home/blade_master/pnx/pnx_dart_ros2/install/auto_aim_interfaces/lib:/opt/MVS/lib/64:/opt/MVS/lib/32:/opt/ros/humble/opt/rviz_ogre_vendor/lib:/opt/MVS/lib/64:/opt/MVS/lib/32:/opt/MVS/lib/64:/opt/MVS/lib/32:/opt/ros/humble/lib/x86_64-linux-gnu:/opt/ros/humble/lib:/opt/MVS/lib/64:/opt/MVS/lib/32 PYTHONPATH=/home/blade_master/pnx/pnx_dart_ros2/install/auto_aim_interfaces/local/lib/python3.10/dist-packages:${PYTHONPATH} /usr/bin/cmake /home/blade_master/pnx/pnx_dart_ros2/src/auto_aim/rm_auto_aim_dart -DAMENT_CMAKE_SYMLINK_INSTALL=1 -DCMAKE_INSTALL_PREFIX=/home/blade_master/pnx/pnx_dart_ros2/install/rm_auto_aim_dart
[0.959s] Invoking command in '/home/blade_master/pnx/pnx_dart_ros2/build/rm_auto_aim_dart': AMENT_PREFIX_PATH=/home/blade_master/pnx/pnx_dart_ros2/install/light_detector:/home/blade_master/pnx/pnx_dart_ros2/install/auto_aim_interfaces:${AMENT_PREFIX_PATH} CMAKE_PREFIX_PATH=/home/blade_master/pnx/pnx_dart_ros2/install/light_detector:/home/blade_master/pnx/pnx_dart_ros2/install/auto_aim_interfaces:/opt/ros/humble LD_LIBRARY_PATH=/home/blade_master/pnx/pnx_dart_ros2/install/light_detector/lib:/home/blade_master/pnx/pnx_dart_ros2/install/auto_aim_interfaces/lib:/opt/MVS/lib/64:/opt/MVS/lib/32:/opt/ros/humble/opt/rviz_ogre_vendor/lib:/opt/MVS/lib/64:/opt/MVS/lib/32:/opt/MVS/lib/64:/opt/MVS/lib/32:/opt/ros/humble/lib/x86_64-linux-gnu:/opt/ros/humble/lib:/opt/MVS/lib/64:/opt/MVS/lib/32 PYTHONPATH=/home/blade_master/pnx/pnx_dart_ros2/install/auto_aim_interfaces/local/lib/python3.10/dist-packages:${PYTHONPATH} /usr/bin/cmake --build /home/blade_master/pnx/pnx_dart_ros2/build/rm_auto_aim_dart -- -j22 -l22
[0.989s] Invoked command in '/home/blade_master/pnx/pnx_dart_ros2/build/rm_auto_aim_dart' returned '0': AMENT_PREFIX_PATH=/home/blade_master/pnx/pnx_dart_ros2/install/light_detector:/home/blade_master/pnx/pnx_dart_ros2/install/auto_aim_interfaces:${AMENT_PREFIX_PATH} CMAKE_PREFIX_PATH=/home/blade_master/pnx/pnx_dart_ros2/install/light_detector:/home/blade_master/pnx/pnx_dart_ros2/install/auto_aim_interfaces:/opt/ros/humble LD_LIBRARY_PATH=/home/blade_master/pnx/pnx_dart_ros2/install/light_detector/lib:/home/blade_master/pnx/pnx_dart_ros2/install/auto_aim_interfaces/lib:/opt/MVS/lib/64:/opt/MVS/lib/32:/opt/ros/humble/opt/rviz_ogre_vendor/lib:/opt/MVS/lib/64:/opt/MVS/lib/32:/opt/MVS/lib/64:/opt/MVS/lib/32:/opt/ros/humble/lib/x86_64-linux-gnu:/opt/ros/humble/lib:/opt/MVS/lib/64:/opt/MVS/lib/32 PYTHONPATH=/home/blade_master/pnx/pnx_dart_ros2/install/auto_aim_interfaces/local/lib/python3.10/dist-packages:${PYTHONPATH} /usr/bin/cmake --build /home/blade_master/pnx/pnx_dart_ros2/build/rm_auto_aim_dart -- -j22 -l22
[0.991s] Invoking command in '/home/blade_master/pnx/pnx_dart_ros2/build/rm_auto_aim_dart': AMENT_PREFIX_PATH=/home/blade_master/pnx/pnx_dart_ros2/install/light_detector:/home/blade_master/pnx/pnx_dart_ros2/install/auto_aim_interfaces:${AMENT_PREFIX_PATH} CMAKE_PREFIX_PATH=/home/blade_master/pnx/pnx_dart_ros2/install/light_detector:/home/blade_master/pnx/pnx_dart_ros2/install/auto_aim_interfaces:/opt/ros/humble LD_LIBRARY_PATH=/home/blade_master/pnx/pnx_dart_ros2/install/light_detector/lib:/home/blade_master/pnx/pnx_dart_ros2/install/auto_aim_interfaces/lib:/opt/MVS/lib/64:/opt/MVS/lib/32:/opt/ros/humble/opt/rviz_ogre_vendor/lib:/opt/MVS/lib/64:/opt/MVS/lib/32:/opt/MVS/lib/64:/opt/MVS/lib/32:/opt/ros/humble/lib/x86_64-linux-gnu:/opt/ros/humble/lib:/opt/MVS/lib/64:/opt/MVS/lib/32 PYTHONPATH=/home/blade_master/pnx/pnx_dart_ros2/install/auto_aim_interfaces/local/lib/python3.10/dist-packages:${PYTHONPATH} /usr/bin/cmake --install /home/blade_master/pnx/pnx_dart_ros2/build/rm_auto_aim_dart
[0.996s] -- Install configuration: ""
[0.996s] -- Execute custom install script
[0.997s] -- Symlinking: /home/blade_master/pnx/pnx_dart_ros2/install/rm_auto_aim_dart/share/ament_index/resource_index/package_run_dependencies/rm_auto_aim_dart
[1.004s] -- Symlinking: /home/blade_master/pnx/pnx_dart_ros2/install/rm_auto_aim_dart/share/ament_index/resource_index/parent_prefix_path/rm_auto_aim_dart
[1.011s] -- Symlinking: /home/blade_master/pnx/pnx_dart_ros2/install/rm_auto_aim_dart/share/rm_auto_aim_dart/environment/ament_prefix_path.sh
[1.017s] -- Symlinking: /home/blade_master/pnx/pnx_dart_ros2/install/rm_auto_aim_dart/share/rm_auto_aim_dart/environment/ament_prefix_path.dsv
[1.022s] -- Symlinking: /home/blade_master/pnx/pnx_dart_ros2/install/rm_auto_aim_dart/share/rm_auto_aim_dart/environment/path.sh
[1.028s] -- Symlinking: /home/blade_master/pnx/pnx_dart_ros2/install/rm_auto_aim_dart/share/rm_auto_aim_dart/environment/path.dsv
[1.034s] -- Symlinking: /home/blade_master/pnx/pnx_dart_ros2/install/rm_auto_aim_dart/share/rm_auto_aim_dart/local_setup.bash
[1.040s] -- Symlinking: /home/blade_master/pnx/pnx_dart_ros2/install/rm_auto_aim_dart/share/rm_auto_aim_dart/local_setup.sh
[1.045s] -- Symlinking: /home/blade_master/pnx/pnx_dart_ros2/install/rm_auto_aim_dart/share/rm_auto_aim_dart/local_setup.zsh
[1.051s] -- Symlinking: /home/blade_master/pnx/pnx_dart_ros2/install/rm_auto_aim_dart/share/rm_auto_aim_dart/local_setup.dsv
[1.056s] -- Symlinking: /home/blade_master/pnx/pnx_dart_ros2/install/rm_auto_aim_dart/share/rm_auto_aim_dart/package.dsv
[1.061s] -- Symlinking: /home/blade_master/pnx/pnx_dart_ros2/install/rm_auto_aim_dart/share/ament_index/resource_index/packages/rm_auto_aim_dart
[1.067s] -- Symlinking: /home/blade_master/pnx/pnx_dart_ros2/install/rm_auto_aim_dart/share/rm_auto_aim_dart/cmake/rm_auto_aim_dartConfig.cmake
[1.074s] -- Symlinking: /home/blade_master/pnx/pnx_dart_ros2/install/rm_auto_aim_dart/share/rm_auto_aim_dart/cmake/rm_auto_aim_dartConfig-version.cmake
[1.080s] -- Symlinking: /home/blade_master/pnx/pnx_dart_ros2/install/rm_auto_aim_dart/share/rm_auto_aim_dart/package.xml
[1.090s] Invoked command in '/home/blade_master/pnx/pnx_dart_ros2/build/rm_auto_aim_dart' returned '0': AMENT_PREFIX_PATH=/home/blade_master/pnx/pnx_dart_ros2/install/light_detector:/home/blade_master/pnx/pnx_dart_ros2/install/auto_aim_interfaces:${AMENT_PREFIX_PATH} CMAKE_PREFIX_PATH=/home/blade_master/pnx/pnx_dart_ros2/install/light_detector:/home/blade_master/pnx/pnx_dart_ros2/install/auto_aim_interfaces:/opt/ros/humble LD_LIBRARY_PATH=/home/blade_master/pnx/pnx_dart_ros2/install/light_detector/lib:/home/blade_master/pnx/pnx_dart_ros2/install/auto_aim_interfaces/lib:/opt/MVS/lib/64:/opt/MVS/lib/32:/opt/ros/humble/opt/rviz_ogre_vendor/lib:/opt/MVS/lib/64:/opt/MVS/lib/32:/opt/MVS/lib/64:/opt/MVS/lib/32:/opt/ros/humble/lib/x86_64-linux-gnu:/opt/ros/humble/lib:/opt/MVS/lib/64:/opt/MVS/lib/32 PYTHONPATH=/home/blade_master/pnx/pnx_dart_ros2/install/auto_aim_interfaces/local/lib/python3.10/dist-packages:${PYTHONPATH} /usr/bin/cmake --install /home/blade_master/pnx/pnx_dart_ros2/build/rm_auto_aim_dart
