[0.013s] Invoking command in '/home/blade_master/pnx/pnx_dart_ros2/build/hik_camera': CMAKE_PREFIX_PATH=/opt/ros/humble /usr/bin/cmake /home/blade_master/pnx/pnx_dart_ros2/src/hik-driver -DAMENT_CMAKE_SYMLINK_INSTALL=1 -DCMAKE_INSTALL_PREFIX=/home/blade_master/pnx/pnx_dart_ros2/install/hik_camera
[0.071s] -- The C compiler identification is GNU 11.4.0
[0.256s] -- The CXX compiler identification is GNU 11.4.0
[0.365s] -- Detecting C compiler ABI info
[0.475s] -- Detecting C compiler ABI info - done
[0.481s] -- Check for working C compiler: /usr/bin/cc - skipped
[0.481s] -- Detecting C compile features
[0.482s] -- Detecting C compile features - done
[0.484s] -- Detecting CXX compiler ABI info
[0.602s] -- Detecting CXX compiler ABI info - done
[0.608s] -- Check for working CXX compiler: /usr/bin/c++ - skipped
[0.608s] -- Detecting CXX compile features
[0.609s] -- Detecting CXX compile features - done
[0.610s] -- Found ament_cmake_auto: 1.3.11 (/opt/ros/humble/share/ament_cmake_auto/cmake)
[0.737s] -- Found Python3: /usr/bin/python3 (found version "3.10.12") found components: Interpreter 
[0.788s] -- Override CMake install command with custom implementation using symlinks instead of copying resources
[0.959s] -- Found rosidl_generator_c: 3.1.6 (/opt/ros/humble/share/rosidl_generator_c/cmake)
[0.965s] -- Found rosidl_adapter: 3.1.6 (/opt/ros/humble/share/rosidl_adapter/cmake)
[0.971s] -- Found rosidl_generator_cpp: 3.1.6 (/opt/ros/humble/share/rosidl_generator_cpp/cmake)
[0.978s] -- Using all available rosidl_typesupport_c: rosidl_typesupport_fastrtps_c;rosidl_typesupport_introspection_c
[0.989s] -- Using all available rosidl_typesupport_cpp: rosidl_typesupport_fastrtps_cpp;rosidl_typesupport_introspection_cpp
[1.018s] -- Found rmw_implementation_cmake: 6.1.2 (/opt/ros/humble/share/rmw_implementation_cmake/cmake)
[1.021s] -- Found rmw_fastrtps_cpp: 6.2.7 (/opt/ros/humble/share/rmw_fastrtps_cpp/cmake)
[1.691s] -- Found OpenSSL: /usr/lib/x86_64-linux-gnu/libcrypto.so (found version "3.0.2")  
[2.377s] -- Found FastRTPS: /opt/ros/humble/include  
[3.735s] -- Using RMW implementation 'rmw_fastrtps_cpp' as default
[3.741s] -- Looking for pthread.h
[3.845s] -- Looking for pthread.h - found
[3.845s] -- Performing Test CMAKE_HAVE_LIBC_PTHREAD
[3.960s] -- Performing Test CMAKE_HAVE_LIBC_PTHREAD - Success
[3.961s] -- Found Threads: TRUE  
[5.188s] -- Found ament_lint_auto: 0.12.12 (/opt/ros/humble/share/ament_lint_auto/cmake)
[5.202s] -- Added test 'cppcheck' to perform static code analysis on C / C++ code
[5.202s] -- Configured cppcheck include dirs: /home/blade_master/pnx/pnx_dart_ros2/src/hik-driver/hikSDK/include
[5.202s] -- Configured cppcheck exclude dirs and/or files: 
[5.203s] -- Added test 'flake8' to check Python code syntax and style conventions
[5.203s] -- Added test 'lint_cmake' to check CMake code style
[5.204s] -- Added test 'pep257' to check Python code against some of the docstring style conventions in PEP 257
[5.204s] -- Added test 'xmllint' to check XML markup files
[5.207s] -- Configuring done
[5.223s] -- Generating done
[5.226s] -- Build files have been written to: /home/blade_master/pnx/pnx_dart_ros2/build/hik_camera
[5.237s] Invoked command in '/home/blade_master/pnx/pnx_dart_ros2/build/hik_camera' returned '0': CMAKE_PREFIX_PATH=/opt/ros/humble /usr/bin/cmake /home/blade_master/pnx/pnx_dart_ros2/src/hik-driver -DAMENT_CMAKE_SYMLINK_INSTALL=1 -DCMAKE_INSTALL_PREFIX=/home/blade_master/pnx/pnx_dart_ros2/install/hik_camera
[5.238s] Invoking command in '/home/blade_master/pnx/pnx_dart_ros2/build/hik_camera': CMAKE_PREFIX_PATH=/opt/ros/humble /usr/bin/cmake --build /home/blade_master/pnx/pnx_dart_ros2/build/hik_camera -- -j22 -l22
[5.256s] -- Found ament_cmake_auto: 1.3.11 (/opt/ros/humble/share/ament_cmake_auto/cmake)
[5.355s] -- Override CMake install command with custom implementation using symlinks instead of copying resources
[5.505s] -- Found rosidl_generator_c: 3.1.6 (/opt/ros/humble/share/rosidl_generator_c/cmake)
[5.506s] -- Found rosidl_adapter: 3.1.6 (/opt/ros/humble/share/rosidl_adapter/cmake)
[5.511s] -- Found rosidl_generator_cpp: 3.1.6 (/opt/ros/humble/share/rosidl_generator_cpp/cmake)
[5.518s] -- Using all available rosidl_typesupport_c: rosidl_typesupport_fastrtps_c;rosidl_typesupport_introspection_c
[5.528s] -- Using all available rosidl_typesupport_cpp: rosidl_typesupport_fastrtps_cpp;rosidl_typesupport_introspection_cpp
[5.552s] -- Found rmw_implementation_cmake: 6.1.2 (/opt/ros/humble/share/rmw_implementation_cmake/cmake)
[5.553s] -- Found rmw_fastrtps_cpp: 6.2.7 (/opt/ros/humble/share/rmw_fastrtps_cpp/cmake)
[8.582s] -- Using RMW implementation 'rmw_fastrtps_cpp' as default
[9.398s] -- Found ament_lint_auto: 0.12.12 (/opt/ros/humble/share/ament_lint_auto/cmake)
[9.413s] -- Added test 'cppcheck' to perform static code analysis on C / C++ code
[9.414s] -- Configured cppcheck include dirs: /home/blade_master/pnx/pnx_dart_ros2/src/hik-driver/hikSDK/include
[9.414s] -- Configured cppcheck exclude dirs and/or files: 
[9.414s] -- Added test 'flake8' to check Python code syntax and style conventions
[9.415s] -- Added test 'lint_cmake' to check CMake code style
[9.416s] -- Added test 'pep257' to check Python code against some of the docstring style conventions in PEP 257
[9.416s] -- Added test 'xmllint' to check XML markup files
[9.418s] -- Configuring done
[9.429s] -- Generating done
[9.433s] -- Build files have been written to: /home/blade_master/pnx/pnx_dart_ros2/build/hik_camera
[9.461s] [ 25%] [32mBuilding CXX object CMakeFiles/hik_camera.dir/src/hik_camera_node.cpp.o[0m
[9.461s] [ 50%] [32mBuilding CXX object CMakeFiles/hik_camera_node.dir/rclcpp_components/node_main_hik_camera_node.cpp.o[0m
[12.382s] [ 75%] [32m[1mLinking CXX executable hik_camera_node[0m
[12.554s] [ 75%] Built target hik_camera_node
[12.895s] [100%] [32m[1mLinking CXX shared library libhik_camera.so[0m
[13.104s] [100%] Built target hik_camera
[13.115s] Invoked command in '/home/blade_master/pnx/pnx_dart_ros2/build/hik_camera' returned '0': CMAKE_PREFIX_PATH=/opt/ros/humble /usr/bin/cmake --build /home/blade_master/pnx/pnx_dart_ros2/build/hik_camera -- -j22 -l22
[13.117s] Invoking command in '/home/blade_master/pnx/pnx_dart_ros2/build/hik_camera': CMAKE_PREFIX_PATH=/opt/ros/humble /usr/bin/cmake --install /home/blade_master/pnx/pnx_dart_ros2/build/hik_camera
[13.123s] -- Install configuration: ""
[13.124s] -- Execute custom install script
[13.124s] -- Symlinking: /home/blade_master/pnx/pnx_dart_ros2/install/hik_camera/lib/libFormatConversion.so
[13.132s] -- Symlinking: /home/blade_master/pnx/pnx_dart_ros2/install/hik_camera/lib/libMVRender.so
[13.145s] -- Symlinking: /home/blade_master/pnx/pnx_dart_ros2/install/hik_camera/lib/libMediaProcess.so
[13.156s] -- Symlinking: /home/blade_master/pnx/pnx_dart_ros2/install/hik_camera/lib/libMvCameraControl.so
[13.164s] -- Symlinking: /home/blade_master/pnx/pnx_dart_ros2/install/hik_camera/lib/libMvUsb3vTL.so
[13.172s] -- Symlinking: /home/blade_master/pnx/pnx_dart_ros2/install/hik_camera/lib/hik_camera/hik_camera_node
[13.181s] -- Symlinking: /home/blade_master/pnx/pnx_dart_ros2/install/hik_camera/share/hik_camera/environment/library_path.sh
[13.193s] -- Symlinking: /home/blade_master/pnx/pnx_dart_ros2/install/hik_camera/share/hik_camera/environment/library_path.dsv
[13.203s] -- Symlinking: /home/blade_master/pnx/pnx_dart_ros2/install/hik_camera/lib/libhik_camera.so
[13.216s] -- Symlinking: /home/blade_master/pnx/pnx_dart_ros2/install/hik_camera/share/hik_camera/config/camera_info.yaml
[13.228s] -- Symlinking: /home/blade_master/pnx/pnx_dart_ros2/install/hik_camera/share/hik_camera/config/camera_params.yaml
[13.241s] -- Symlinking: /home/blade_master/pnx/pnx_dart_ros2/install/hik_camera/share/hik_camera/launch/hik_camera.launch.py
[13.256s] -- Symlinking: /home/blade_master/pnx/pnx_dart_ros2/install/hik_camera/share/ament_index/resource_index/package_run_dependencies/hik_camera
[13.266s] -- Symlinking: /home/blade_master/pnx/pnx_dart_ros2/install/hik_camera/share/ament_index/resource_index/parent_prefix_path/hik_camera
[13.273s] -- Symlinking: /home/blade_master/pnx/pnx_dart_ros2/install/hik_camera/share/hik_camera/environment/ament_prefix_path.sh
[13.281s] -- Symlinking: /home/blade_master/pnx/pnx_dart_ros2/install/hik_camera/share/hik_camera/environment/ament_prefix_path.dsv
[13.289s] -- Symlinking: /home/blade_master/pnx/pnx_dart_ros2/install/hik_camera/share/hik_camera/environment/path.sh
[13.299s] -- Symlinking: /home/blade_master/pnx/pnx_dart_ros2/install/hik_camera/share/hik_camera/environment/path.dsv
[13.311s] -- Symlinking: /home/blade_master/pnx/pnx_dart_ros2/install/hik_camera/share/hik_camera/local_setup.bash
[13.322s] -- Symlinking: /home/blade_master/pnx/pnx_dart_ros2/install/hik_camera/share/hik_camera/local_setup.sh
[13.330s] -- Symlinking: /home/blade_master/pnx/pnx_dart_ros2/install/hik_camera/share/hik_camera/local_setup.zsh
[13.338s] -- Symlinking: /home/blade_master/pnx/pnx_dart_ros2/install/hik_camera/share/hik_camera/local_setup.dsv
[13.347s] -- Symlinking: /home/blade_master/pnx/pnx_dart_ros2/install/hik_camera/share/hik_camera/package.dsv
[13.357s] -- Symlinking: /home/blade_master/pnx/pnx_dart_ros2/install/hik_camera/share/ament_index/resource_index/packages/hik_camera
[13.370s] -- Symlinking: /home/blade_master/pnx/pnx_dart_ros2/install/hik_camera/share/ament_index/resource_index/rclcpp_components/hik_camera
[13.380s] -- Symlinking: /home/blade_master/pnx/pnx_dart_ros2/install/hik_camera/share/hik_camera/cmake/ament_cmake_export_dependencies-extras.cmake
[13.394s] -- Symlinking: /home/blade_master/pnx/pnx_dart_ros2/install/hik_camera/share/hik_camera/cmake/ament_cmake_export_libraries-extras.cmake
[13.400s] -- Symlinking: /home/blade_master/pnx/pnx_dart_ros2/install/hik_camera/share/hik_camera/cmake/hik_cameraConfig.cmake
[13.410s] -- Symlinking: /home/blade_master/pnx/pnx_dart_ros2/install/hik_camera/share/hik_camera/cmake/hik_cameraConfig-version.cmake
[13.420s] -- Symlinking: /home/blade_master/pnx/pnx_dart_ros2/install/hik_camera/share/hik_camera/package.xml
[13.433s] Invoked command in '/home/blade_master/pnx/pnx_dart_ros2/build/hik_camera' returned '0': CMAKE_PREFIX_PATH=/opt/ros/humble /usr/bin/cmake --install /home/blade_master/pnx/pnx_dart_ros2/build/hik_camera
