[0.064s] Invoking command in '/home/blade_master/pnx/pnx_dart_ros2/build/light_detector': AMENT_PREFIX_PATH=/home/blade_master/pnx/pnx_dart_ros2/install/auto_aim_interfaces:${AMENT_PREFIX_PATH} CMAKE_PREFIX_PATH=/home/blade_master/pnx/pnx_dart_ros2/install/auto_aim_interfaces:/opt/ros/humble LD_LIBRARY_PATH=/home/blade_master/pnx/pnx_dart_ros2/install/auto_aim_interfaces/lib:/opt/MVS/lib/64:/opt/MVS/lib/32:/opt/MVS/lib/64:/opt/MVS/lib/32:/opt/MVS/lib/64:/opt/MVS/lib/32:/opt/MVS/lib/64:/opt/MVS/lib/32:/opt/ros/humble/opt/rviz_ogre_vendor/lib:/opt/ros/humble/lib/x86_64-linux-gnu:/opt/ros/humble/lib:/opt/MVS/lib/64:/opt/MVS/lib/32 PYTHONPATH=/home/blade_master/pnx/pnx_dart_ros2/install/auto_aim_interfaces/local/lib/python3.10/dist-packages:${PYTHONPATH} /usr/bin/cmake /home/blade_master/pnx/pnx_dart_ros2/src/auto_aim/light_detector -DAMENT_CMAKE_SYMLINK_INSTALL=1 -DCMAKE_INSTALL_PREFIX=/home/blade_master/pnx/pnx_dart_ros2/install/light_detector
[0.160s] -- The C compiler identification is GNU 11.4.0
[0.539s] -- The CXX compiler identification is GNU 11.4.0
[0.870s] -- Detecting C compiler ABI info
[0.981s] -- Detecting C compiler ABI info - done
[0.987s] -- Check for working C compiler: /usr/bin/cc - skipped
[0.987s] -- Detecting C compile features
[0.987s] -- Detecting C compile features - done
[0.989s] -- Detecting CXX compiler ABI info
[1.106s] -- Detecting CXX compiler ABI info - done
[1.112s] -- Check for working CXX compiler: /usr/bin/c++ - skipped
[1.113s] -- Detecting CXX compile features
[1.113s] -- Detecting CXX compile features - done
[1.662s] -- Found OpenGL: /usr/lib/x86_64-linux-gnu/libOpenGL.so   
[1.663s] -- Found ament_cmake_auto: 1.3.11 (/opt/ros/humble/share/ament_cmake_auto/cmake)
[1.807s] -- Found Python3: /usr/bin/python3 (found version "3.10.12") found components: Interpreter 
[1.860s] -- Override CMake install command with custom implementation using symlinks instead of copying resources
[1.946s] -- Looking for pthread.h
[2.078s] -- Looking for pthread.h - found
[2.078s] -- Performing Test CMAKE_HAVE_LIBC_PTHREAD
[2.230s] -- Performing Test CMAKE_HAVE_LIBC_PTHREAD - Success
[2.230s] -- Found Threads: TRUE  
[2.242s] -- Found OpenCV: /usr (found version "4.5.4") 
[2.243s] -- Found rclcpp: 16.0.12 (/opt/ros/humble/share/rclcpp/cmake)
[2.308s] -- Found rosidl_generator_c: 3.1.6 (/opt/ros/humble/share/rosidl_generator_c/cmake)
[2.311s] -- Found rosidl_adapter: 3.1.6 (/opt/ros/humble/share/rosidl_adapter/cmake)
[2.316s] -- Found rosidl_generator_cpp: 3.1.6 (/opt/ros/humble/share/rosidl_generator_cpp/cmake)
[2.324s] -- Using all available rosidl_typesupport_c: rosidl_typesupport_fastrtps_c;rosidl_typesupport_introspection_c
[2.337s] -- Using all available rosidl_typesupport_cpp: rosidl_typesupport_fastrtps_cpp;rosidl_typesupport_introspection_cpp
[2.370s] -- Found rmw_implementation_cmake: 6.1.2 (/opt/ros/humble/share/rmw_implementation_cmake/cmake)
[2.371s] -- Found rmw_fastrtps_cpp: 6.2.7 (/opt/ros/humble/share/rmw_fastrtps_cpp/cmake)
[3.857s] -- Found OpenSSL: /usr/lib/x86_64-linux-gnu/libcrypto.so (found version "3.0.2")  
[5.900s] -- Found FastRTPS: /opt/ros/humble/include  
[9.396s] -- Using RMW implementation 'rmw_fastrtps_cpp' as default
[11.578s] -- Found eigen3_cmake_module: 0.1.1 (/opt/ros/humble/share/eigen3_cmake_module/cmake)
[11.580s] -- Found Eigen3: TRUE (found version "3.4.0") 
[11.580s] -- Ensuring Eigen3 include directory is part of orocos-kdl CMake target
[11.649s] -- g2o, OpenCV and fmt found, building light_detector
[11.660s] -- Configuring done
[11.678s] -- Generating done
[11.684s] -- Build files have been written to: /home/blade_master/pnx/pnx_dart_ros2/build/light_detector
[11.698s] Invoked command in '/home/blade_master/pnx/pnx_dart_ros2/build/light_detector' returned '0': AMENT_PREFIX_PATH=/home/blade_master/pnx/pnx_dart_ros2/install/auto_aim_interfaces:${AMENT_PREFIX_PATH} CMAKE_PREFIX_PATH=/home/blade_master/pnx/pnx_dart_ros2/install/auto_aim_interfaces:/opt/ros/humble LD_LIBRARY_PATH=/home/blade_master/pnx/pnx_dart_ros2/install/auto_aim_interfaces/lib:/opt/MVS/lib/64:/opt/MVS/lib/32:/opt/MVS/lib/64:/opt/MVS/lib/32:/opt/MVS/lib/64:/opt/MVS/lib/32:/opt/MVS/lib/64:/opt/MVS/lib/32:/opt/ros/humble/opt/rviz_ogre_vendor/lib:/opt/ros/humble/lib/x86_64-linux-gnu:/opt/ros/humble/lib:/opt/MVS/lib/64:/opt/MVS/lib/32 PYTHONPATH=/home/blade_master/pnx/pnx_dart_ros2/install/auto_aim_interfaces/local/lib/python3.10/dist-packages:${PYTHONPATH} /usr/bin/cmake /home/blade_master/pnx/pnx_dart_ros2/src/auto_aim/light_detector -DAMENT_CMAKE_SYMLINK_INSTALL=1 -DCMAKE_INSTALL_PREFIX=/home/blade_master/pnx/pnx_dart_ros2/install/light_detector
[11.701s] Invoking command in '/home/blade_master/pnx/pnx_dart_ros2/build/light_detector': AMENT_PREFIX_PATH=/home/blade_master/pnx/pnx_dart_ros2/install/auto_aim_interfaces:${AMENT_PREFIX_PATH} CMAKE_PREFIX_PATH=/home/blade_master/pnx/pnx_dart_ros2/install/auto_aim_interfaces:/opt/ros/humble LD_LIBRARY_PATH=/home/blade_master/pnx/pnx_dart_ros2/install/auto_aim_interfaces/lib:/opt/MVS/lib/64:/opt/MVS/lib/32:/opt/MVS/lib/64:/opt/MVS/lib/32:/opt/MVS/lib/64:/opt/MVS/lib/32:/opt/MVS/lib/64:/opt/MVS/lib/32:/opt/ros/humble/opt/rviz_ogre_vendor/lib:/opt/ros/humble/lib/x86_64-linux-gnu:/opt/ros/humble/lib:/opt/MVS/lib/64:/opt/MVS/lib/32 PYTHONPATH=/home/blade_master/pnx/pnx_dart_ros2/install/auto_aim_interfaces/local/lib/python3.10/dist-packages:${PYTHONPATH} /usr/bin/cmake --build /home/blade_master/pnx/pnx_dart_ros2/build/light_detector -- -j22 -l22
[11.738s] [ 16%] [32mBuilding CXX object CMakeFiles/light_detector.dir/src/pnp_solver.cpp.o[0m
[11.738s] [ 33%] [32mBuilding CXX object CMakeFiles/light_detector.dir/src/detector.cpp.o[0m
[11.738s] [ 50%] [32mBuilding CXX object CMakeFiles/light_detector.dir/src/detector_node.cpp.o[0m
[11.741s] [ 66%] [32mBuilding CXX object CMakeFiles/light_detector_node.dir/rclcpp_components/node_main_light_detector_node.cpp.o[0m
[15.079s] [ 83%] [32m[1mLinking CXX executable light_detector_node[0m
[15.254s] [ 83%] Built target light_detector_node
[30.643s] [100%] [32m[1mLinking CXX shared library liblight_detector.so[0m
[31.786s] [100%] Built target light_detector
[31.793s] Invoked command in '/home/blade_master/pnx/pnx_dart_ros2/build/light_detector' returned '0': AMENT_PREFIX_PATH=/home/blade_master/pnx/pnx_dart_ros2/install/auto_aim_interfaces:${AMENT_PREFIX_PATH} CMAKE_PREFIX_PATH=/home/blade_master/pnx/pnx_dart_ros2/install/auto_aim_interfaces:/opt/ros/humble LD_LIBRARY_PATH=/home/blade_master/pnx/pnx_dart_ros2/install/auto_aim_interfaces/lib:/opt/MVS/lib/64:/opt/MVS/lib/32:/opt/MVS/lib/64:/opt/MVS/lib/32:/opt/MVS/lib/64:/opt/MVS/lib/32:/opt/MVS/lib/64:/opt/MVS/lib/32:/opt/ros/humble/opt/rviz_ogre_vendor/lib:/opt/ros/humble/lib/x86_64-linux-gnu:/opt/ros/humble/lib:/opt/MVS/lib/64:/opt/MVS/lib/32 PYTHONPATH=/home/blade_master/pnx/pnx_dart_ros2/install/auto_aim_interfaces/local/lib/python3.10/dist-packages:${PYTHONPATH} /usr/bin/cmake --build /home/blade_master/pnx/pnx_dart_ros2/build/light_detector -- -j22 -l22
[31.796s] Invoking command in '/home/blade_master/pnx/pnx_dart_ros2/build/light_detector': AMENT_PREFIX_PATH=/home/blade_master/pnx/pnx_dart_ros2/install/auto_aim_interfaces:${AMENT_PREFIX_PATH} CMAKE_PREFIX_PATH=/home/blade_master/pnx/pnx_dart_ros2/install/auto_aim_interfaces:/opt/ros/humble LD_LIBRARY_PATH=/home/blade_master/pnx/pnx_dart_ros2/install/auto_aim_interfaces/lib:/opt/MVS/lib/64:/opt/MVS/lib/32:/opt/MVS/lib/64:/opt/MVS/lib/32:/opt/MVS/lib/64:/opt/MVS/lib/32:/opt/MVS/lib/64:/opt/MVS/lib/32:/opt/ros/humble/opt/rviz_ogre_vendor/lib:/opt/ros/humble/lib/x86_64-linux-gnu:/opt/ros/humble/lib:/opt/MVS/lib/64:/opt/MVS/lib/32 PYTHONPATH=/home/blade_master/pnx/pnx_dart_ros2/install/auto_aim_interfaces/local/lib/python3.10/dist-packages:${PYTHONPATH} /usr/bin/cmake --install /home/blade_master/pnx/pnx_dart_ros2/build/light_detector
[31.799s] -- Install configuration: ""
[31.800s] -- Execute custom install script
[31.801s] -- Symlinking: /home/blade_master/pnx/pnx_dart_ros2/install/light_detector/lib/light_detector/light_detector_node
[31.806s] -- Symlinking: /home/blade_master/pnx/pnx_dart_ros2/install/light_detector/include/detector.hpp
[31.811s] -- Symlinking: /home/blade_master/pnx/pnx_dart_ros2/install/light_detector/include/detector_node.hpp
[31.816s] -- Symlinking: /home/blade_master/pnx/pnx_dart_ros2/install/light_detector/include/pnp_solver.hpp
[31.821s] -- Symlinking: /home/blade_master/pnx/pnx_dart_ros2/install/light_detector/share/light_detector/environment/library_path.sh
[31.826s] -- Symlinking: /home/blade_master/pnx/pnx_dart_ros2/install/light_detector/share/light_detector/environment/library_path.dsv
[31.834s] -- Symlinking: /home/blade_master/pnx/pnx_dart_ros2/install/light_detector/lib/liblight_detector.so
[31.838s] -- Symlinking: /home/blade_master/pnx/pnx_dart_ros2/install/light_detector/share/ament_index/resource_index/package_run_dependencies/light_detector
[31.842s] -- Symlinking: /home/blade_master/pnx/pnx_dart_ros2/install/light_detector/share/ament_index/resource_index/parent_prefix_path/light_detector
[31.848s] -- Symlinking: /home/blade_master/pnx/pnx_dart_ros2/install/light_detector/share/light_detector/environment/ament_prefix_path.sh
[31.856s] -- Symlinking: /home/blade_master/pnx/pnx_dart_ros2/install/light_detector/share/light_detector/environment/ament_prefix_path.dsv
[31.861s] -- Symlinking: /home/blade_master/pnx/pnx_dart_ros2/install/light_detector/share/light_detector/environment/path.sh
[31.866s] -- Symlinking: /home/blade_master/pnx/pnx_dart_ros2/install/light_detector/share/light_detector/environment/path.dsv
[31.871s] -- Symlinking: /home/blade_master/pnx/pnx_dart_ros2/install/light_detector/share/light_detector/local_setup.bash
[31.876s] -- Symlinking: /home/blade_master/pnx/pnx_dart_ros2/install/light_detector/share/light_detector/local_setup.sh
[31.880s] -- Symlinking: /home/blade_master/pnx/pnx_dart_ros2/install/light_detector/share/light_detector/local_setup.zsh
[31.885s] -- Symlinking: /home/blade_master/pnx/pnx_dart_ros2/install/light_detector/share/light_detector/local_setup.dsv
[31.891s] -- Symlinking: /home/blade_master/pnx/pnx_dart_ros2/install/light_detector/share/light_detector/package.dsv
[31.895s] -- Symlinking: /home/blade_master/pnx/pnx_dart_ros2/install/light_detector/share/ament_index/resource_index/packages/light_detector
[31.900s] -- Symlinking: /home/blade_master/pnx/pnx_dart_ros2/install/light_detector/share/ament_index/resource_index/rclcpp_components/light_detector
[31.906s] -- Symlinking: /home/blade_master/pnx/pnx_dart_ros2/install/light_detector/share/light_detector/cmake/ament_cmake_export_dependencies-extras.cmake
[31.912s] -- Symlinking: /home/blade_master/pnx/pnx_dart_ros2/install/light_detector/share/light_detector/cmake/ament_cmake_export_include_directories-extras.cmake
[31.917s] -- Symlinking: /home/blade_master/pnx/pnx_dart_ros2/install/light_detector/share/light_detector/cmake/ament_cmake_export_libraries-extras.cmake
[31.926s] -- Symlinking: /home/blade_master/pnx/pnx_dart_ros2/install/light_detector/share/light_detector/cmake/light_detectorConfig.cmake
[31.932s] -- Symlinking: /home/blade_master/pnx/pnx_dart_ros2/install/light_detector/share/light_detector/cmake/light_detectorConfig-version.cmake
[31.937s] -- Symlinking: /home/blade_master/pnx/pnx_dart_ros2/install/light_detector/share/light_detector/package.xml
[31.945s] Invoked command in '/home/blade_master/pnx/pnx_dart_ros2/build/light_detector' returned '0': AMENT_PREFIX_PATH=/home/blade_master/pnx/pnx_dart_ros2/install/auto_aim_interfaces:${AMENT_PREFIX_PATH} CMAKE_PREFIX_PATH=/home/blade_master/pnx/pnx_dart_ros2/install/auto_aim_interfaces:/opt/ros/humble LD_LIBRARY_PATH=/home/blade_master/pnx/pnx_dart_ros2/install/auto_aim_interfaces/lib:/opt/MVS/lib/64:/opt/MVS/lib/32:/opt/MVS/lib/64:/opt/MVS/lib/32:/opt/MVS/lib/64:/opt/MVS/lib/32:/opt/MVS/lib/64:/opt/MVS/lib/32:/opt/ros/humble/opt/rviz_ogre_vendor/lib:/opt/ros/humble/lib/x86_64-linux-gnu:/opt/ros/humble/lib:/opt/MVS/lib/64:/opt/MVS/lib/32 PYTHONPATH=/home/blade_master/pnx/pnx_dart_ros2/install/auto_aim_interfaces/local/lib/python3.10/dist-packages:${PYTHONPATH} /usr/bin/cmake --install /home/blade_master/pnx/pnx_dart_ros2/build/light_detector
