[0.190s] Invoking command in '/home/blade_master/pnx/pnx_dart_ros2/build/rm_vision_bringup': AMENT_PREFIX_PATH=/home/blade_master/pnx/pnx_dart_ros2/install/rm_auto_aim_dart:/home/blade_master/pnx/pnx_dart_ros2/install/rm_serial_driver:/home/blade_master/pnx/pnx_dart_ros2/install/light_detector:/home/blade_master/pnx/pnx_dart_ros2/install/rm_gimbal_description:/home/blade_master/pnx/pnx_dart_ros2/install/hik_camera:/home/blade_master/pnx/pnx_dart_ros2/install/auto_aim_interfaces:${AMENT_PREFIX_PATH} CMAKE_PREFIX_PATH=/home/blade_master/pnx/pnx_dart_ros2/install/rm_auto_aim_dart:/home/blade_master/pnx/pnx_dart_ros2/install/rm_serial_driver:/home/blade_master/pnx/pnx_dart_ros2/install/light_detector:/home/blade_master/pnx/pnx_dart_ros2/install/rm_gimbal_description:/home/blade_master/pnx/pnx_dart_ros2/install/hik_camera:/home/blade_master/pnx/pnx_dart_ros2/install/auto_aim_interfaces:/opt/ros/humble LD_LIBRARY_PATH=/home/blade_master/pnx/pnx_dart_ros2/install/rm_serial_driver/lib:/home/blade_master/pnx/pnx_dart_ros2/install/light_detector/lib:/home/blade_master/pnx/pnx_dart_ros2/install/hik_camera/lib:/home/blade_master/pnx/pnx_dart_ros2/install/auto_aim_interfaces/lib:/opt/MVS/lib/64:/opt/MVS/lib/32:/opt/ros/humble/opt/rviz_ogre_vendor/lib:/opt/MVS/lib/64:/opt/MVS/lib/32:/opt/MVS/lib/64:/opt/MVS/lib/32:/opt/ros/humble/lib/x86_64-linux-gnu:/opt/ros/humble/lib:/opt/MVS/lib/64:/opt/MVS/lib/32 PYTHONPATH=/home/blade_master/pnx/pnx_dart_ros2/install/auto_aim_interfaces/local/lib/python3.10/dist-packages:${PYTHONPATH} /usr/bin/cmake /home/blade_master/pnx/pnx_dart_ros2/src/vision_bringup/rm_vision_bringup -DAMENT_CMAKE_SYMLINK_INSTALL=1 -DCMAKE_INSTALL_PREFIX=/home/blade_master/pnx/pnx_dart_ros2/install/rm_vision_bringup
[0.260s] -- The C compiler identification is GNU 11.4.0
[0.467s] -- The CXX compiler identification is GNU 11.4.0
[0.653s] -- Detecting C compiler ABI info
[0.746s] -- Detecting C compiler ABI info - done
[0.751s] -- Check for working C compiler: /usr/bin/cc - skipped
[0.751s] -- Detecting C compile features
[0.751s] -- Detecting C compile features - done
[0.754s] -- Detecting CXX compiler ABI info
[0.846s] -- Detecting CXX compiler ABI info - done
[0.850s] -- Check for working CXX compiler: /usr/bin/c++ - skipped
[0.850s] -- Detecting CXX compile features
[0.851s] -- Detecting CXX compile features - done
[0.852s] -- Found ament_cmake_auto: 1.3.11 (/opt/ros/humble/share/ament_cmake_auto/cmake)
[0.976s] -- Found Python3: /usr/bin/python3 (found version "3.10.12") found components: Interpreter 
[1.030s] -- Override CMake install command with custom implementation using symlinks instead of copying resources
[1.052s] -- Found ament_lint_auto: 0.12.12 (/opt/ros/humble/share/ament_lint_auto/cmake)
[1.107s] -- Configuring done
[1.109s] -- Generating done
[1.110s] -- Build files have been written to: /home/blade_master/pnx/pnx_dart_ros2/build/rm_vision_bringup
[1.116s] Invoked command in '/home/blade_master/pnx/pnx_dart_ros2/build/rm_vision_bringup' returned '0': AMENT_PREFIX_PATH=/home/blade_master/pnx/pnx_dart_ros2/install/rm_auto_aim_dart:/home/blade_master/pnx/pnx_dart_ros2/install/rm_serial_driver:/home/blade_master/pnx/pnx_dart_ros2/install/light_detector:/home/blade_master/pnx/pnx_dart_ros2/install/rm_gimbal_description:/home/blade_master/pnx/pnx_dart_ros2/install/hik_camera:/home/blade_master/pnx/pnx_dart_ros2/install/auto_aim_interfaces:${AMENT_PREFIX_PATH} CMAKE_PREFIX_PATH=/home/blade_master/pnx/pnx_dart_ros2/install/rm_auto_aim_dart:/home/blade_master/pnx/pnx_dart_ros2/install/rm_serial_driver:/home/blade_master/pnx/pnx_dart_ros2/install/light_detector:/home/blade_master/pnx/pnx_dart_ros2/install/rm_gimbal_description:/home/blade_master/pnx/pnx_dart_ros2/install/hik_camera:/home/blade_master/pnx/pnx_dart_ros2/install/auto_aim_interfaces:/opt/ros/humble LD_LIBRARY_PATH=/home/blade_master/pnx/pnx_dart_ros2/install/rm_serial_driver/lib:/home/blade_master/pnx/pnx_dart_ros2/install/light_detector/lib:/home/blade_master/pnx/pnx_dart_ros2/install/hik_camera/lib:/home/blade_master/pnx/pnx_dart_ros2/install/auto_aim_interfaces/lib:/opt/MVS/lib/64:/opt/MVS/lib/32:/opt/ros/humble/opt/rviz_ogre_vendor/lib:/opt/MVS/lib/64:/opt/MVS/lib/32:/opt/MVS/lib/64:/opt/MVS/lib/32:/opt/ros/humble/lib/x86_64-linux-gnu:/opt/ros/humble/lib:/opt/MVS/lib/64:/opt/MVS/lib/32 PYTHONPATH=/home/blade_master/pnx/pnx_dart_ros2/install/auto_aim_interfaces/local/lib/python3.10/dist-packages:${PYTHONPATH} /usr/bin/cmake /home/blade_master/pnx/pnx_dart_ros2/src/vision_bringup/rm_vision_bringup -DAMENT_CMAKE_SYMLINK_INSTALL=1 -DCMAKE_INSTALL_PREFIX=/home/blade_master/pnx/pnx_dart_ros2/install/rm_vision_bringup
[1.117s] Invoking command in '/home/blade_master/pnx/pnx_dart_ros2/build/rm_vision_bringup': AMENT_PREFIX_PATH=/home/blade_master/pnx/pnx_dart_ros2/install/rm_auto_aim_dart:/home/blade_master/pnx/pnx_dart_ros2/install/rm_serial_driver:/home/blade_master/pnx/pnx_dart_ros2/install/light_detector:/home/blade_master/pnx/pnx_dart_ros2/install/rm_gimbal_description:/home/blade_master/pnx/pnx_dart_ros2/install/hik_camera:/home/blade_master/pnx/pnx_dart_ros2/install/auto_aim_interfaces:${AMENT_PREFIX_PATH} CMAKE_PREFIX_PATH=/home/blade_master/pnx/pnx_dart_ros2/install/rm_auto_aim_dart:/home/blade_master/pnx/pnx_dart_ros2/install/rm_serial_driver:/home/blade_master/pnx/pnx_dart_ros2/install/light_detector:/home/blade_master/pnx/pnx_dart_ros2/install/rm_gimbal_description:/home/blade_master/pnx/pnx_dart_ros2/install/hik_camera:/home/blade_master/pnx/pnx_dart_ros2/install/auto_aim_interfaces:/opt/ros/humble LD_LIBRARY_PATH=/home/blade_master/pnx/pnx_dart_ros2/install/rm_serial_driver/lib:/home/blade_master/pnx/pnx_dart_ros2/install/light_detector/lib:/home/blade_master/pnx/pnx_dart_ros2/install/hik_camera/lib:/home/blade_master/pnx/pnx_dart_ros2/install/auto_aim_interfaces/lib:/opt/MVS/lib/64:/opt/MVS/lib/32:/opt/ros/humble/opt/rviz_ogre_vendor/lib:/opt/MVS/lib/64:/opt/MVS/lib/32:/opt/MVS/lib/64:/opt/MVS/lib/32:/opt/ros/humble/lib/x86_64-linux-gnu:/opt/ros/humble/lib:/opt/MVS/lib/64:/opt/MVS/lib/32 PYTHONPATH=/home/blade_master/pnx/pnx_dart_ros2/install/auto_aim_interfaces/local/lib/python3.10/dist-packages:${PYTHONPATH} /usr/bin/cmake --build /home/blade_master/pnx/pnx_dart_ros2/build/rm_vision_bringup -- -j22 -l22
[1.144s] Invoked command in '/home/blade_master/pnx/pnx_dart_ros2/build/rm_vision_bringup' returned '0': AMENT_PREFIX_PATH=/home/blade_master/pnx/pnx_dart_ros2/install/rm_auto_aim_dart:/home/blade_master/pnx/pnx_dart_ros2/install/rm_serial_driver:/home/blade_master/pnx/pnx_dart_ros2/install/light_detector:/home/blade_master/pnx/pnx_dart_ros2/install/rm_gimbal_description:/home/blade_master/pnx/pnx_dart_ros2/install/hik_camera:/home/blade_master/pnx/pnx_dart_ros2/install/auto_aim_interfaces:${AMENT_PREFIX_PATH} CMAKE_PREFIX_PATH=/home/blade_master/pnx/pnx_dart_ros2/install/rm_auto_aim_dart:/home/blade_master/pnx/pnx_dart_ros2/install/rm_serial_driver:/home/blade_master/pnx/pnx_dart_ros2/install/light_detector:/home/blade_master/pnx/pnx_dart_ros2/install/rm_gimbal_description:/home/blade_master/pnx/pnx_dart_ros2/install/hik_camera:/home/blade_master/pnx/pnx_dart_ros2/install/auto_aim_interfaces:/opt/ros/humble LD_LIBRARY_PATH=/home/blade_master/pnx/pnx_dart_ros2/install/rm_serial_driver/lib:/home/blade_master/pnx/pnx_dart_ros2/install/light_detector/lib:/home/blade_master/pnx/pnx_dart_ros2/install/hik_camera/lib:/home/blade_master/pnx/pnx_dart_ros2/install/auto_aim_interfaces/lib:/opt/MVS/lib/64:/opt/MVS/lib/32:/opt/ros/humble/opt/rviz_ogre_vendor/lib:/opt/MVS/lib/64:/opt/MVS/lib/32:/opt/MVS/lib/64:/opt/MVS/lib/32:/opt/ros/humble/lib/x86_64-linux-gnu:/opt/ros/humble/lib:/opt/MVS/lib/64:/opt/MVS/lib/32 PYTHONPATH=/home/blade_master/pnx/pnx_dart_ros2/install/auto_aim_interfaces/local/lib/python3.10/dist-packages:${PYTHONPATH} /usr/bin/cmake --build /home/blade_master/pnx/pnx_dart_ros2/build/rm_vision_bringup -- -j22 -l22
[1.147s] Invoking command in '/home/blade_master/pnx/pnx_dart_ros2/build/rm_vision_bringup': AMENT_PREFIX_PATH=/home/blade_master/pnx/pnx_dart_ros2/install/rm_auto_aim_dart:/home/blade_master/pnx/pnx_dart_ros2/install/rm_serial_driver:/home/blade_master/pnx/pnx_dart_ros2/install/light_detector:/home/blade_master/pnx/pnx_dart_ros2/install/rm_gimbal_description:/home/blade_master/pnx/pnx_dart_ros2/install/hik_camera:/home/blade_master/pnx/pnx_dart_ros2/install/auto_aim_interfaces:${AMENT_PREFIX_PATH} CMAKE_PREFIX_PATH=/home/blade_master/pnx/pnx_dart_ros2/install/rm_auto_aim_dart:/home/blade_master/pnx/pnx_dart_ros2/install/rm_serial_driver:/home/blade_master/pnx/pnx_dart_ros2/install/light_detector:/home/blade_master/pnx/pnx_dart_ros2/install/rm_gimbal_description:/home/blade_master/pnx/pnx_dart_ros2/install/hik_camera:/home/blade_master/pnx/pnx_dart_ros2/install/auto_aim_interfaces:/opt/ros/humble LD_LIBRARY_PATH=/home/blade_master/pnx/pnx_dart_ros2/install/rm_serial_driver/lib:/home/blade_master/pnx/pnx_dart_ros2/install/light_detector/lib:/home/blade_master/pnx/pnx_dart_ros2/install/hik_camera/lib:/home/blade_master/pnx/pnx_dart_ros2/install/auto_aim_interfaces/lib:/opt/MVS/lib/64:/opt/MVS/lib/32:/opt/ros/humble/opt/rviz_ogre_vendor/lib:/opt/MVS/lib/64:/opt/MVS/lib/32:/opt/MVS/lib/64:/opt/MVS/lib/32:/opt/ros/humble/lib/x86_64-linux-gnu:/opt/ros/humble/lib:/opt/MVS/lib/64:/opt/MVS/lib/32 PYTHONPATH=/home/blade_master/pnx/pnx_dart_ros2/install/auto_aim_interfaces/local/lib/python3.10/dist-packages:${PYTHONPATH} /usr/bin/cmake --install /home/blade_master/pnx/pnx_dart_ros2/build/rm_vision_bringup
[1.151s] -- Install configuration: ""
[1.152s] -- Execute custom install script
[1.152s] -- Symlinking: /home/blade_master/pnx/pnx_dart_ros2/install/rm_vision_bringup/share/rm_vision_bringup/launch/common.py
[1.159s] -- Symlinking: /home/blade_master/pnx/pnx_dart_ros2/install/rm_vision_bringup/share/rm_vision_bringup/launch/no_hardware.launch.py
[1.166s] -- Symlinking: /home/blade_master/pnx/pnx_dart_ros2/install/rm_vision_bringup/share/rm_vision_bringup/launch/vision_bringup.launch.py
[1.171s] -- Symlinking: /home/blade_master/pnx/pnx_dart_ros2/install/rm_vision_bringup/share/rm_vision_bringup/config/camera_info.yaml
[1.177s] -- Symlinking: /home/blade_master/pnx/pnx_dart_ros2/install/rm_vision_bringup/share/rm_vision_bringup/config/launch_params.yaml
[1.182s] -- Symlinking: /home/blade_master/pnx/pnx_dart_ros2/install/rm_vision_bringup/share/rm_vision_bringup/config/node_params.yaml
[1.188s] -- Symlinking: /home/blade_master/pnx/pnx_dart_ros2/install/rm_vision_bringup/share/rm_vision_bringup/config/topic_record_params.yaml
[1.194s] -- Symlinking: /home/blade_master/pnx/pnx_dart_ros2/install/rm_vision_bringup/share/ament_index/resource_index/package_run_dependencies/rm_vision_bringup
[1.199s] -- Symlinking: /home/blade_master/pnx/pnx_dart_ros2/install/rm_vision_bringup/share/ament_index/resource_index/parent_prefix_path/rm_vision_bringup
[1.206s] -- Symlinking: /home/blade_master/pnx/pnx_dart_ros2/install/rm_vision_bringup/share/rm_vision_bringup/environment/ament_prefix_path.sh
[1.211s] -- Symlinking: /home/blade_master/pnx/pnx_dart_ros2/install/rm_vision_bringup/share/rm_vision_bringup/environment/ament_prefix_path.dsv
[1.217s] -- Symlinking: /home/blade_master/pnx/pnx_dart_ros2/install/rm_vision_bringup/share/rm_vision_bringup/environment/path.sh
[1.223s] -- Symlinking: /home/blade_master/pnx/pnx_dart_ros2/install/rm_vision_bringup/share/rm_vision_bringup/environment/path.dsv
[1.228s] -- Symlinking: /home/blade_master/pnx/pnx_dart_ros2/install/rm_vision_bringup/share/rm_vision_bringup/local_setup.bash
[1.234s] -- Symlinking: /home/blade_master/pnx/pnx_dart_ros2/install/rm_vision_bringup/share/rm_vision_bringup/local_setup.sh
[1.239s] -- Symlinking: /home/blade_master/pnx/pnx_dart_ros2/install/rm_vision_bringup/share/rm_vision_bringup/local_setup.zsh
[1.245s] -- Symlinking: /home/blade_master/pnx/pnx_dart_ros2/install/rm_vision_bringup/share/rm_vision_bringup/local_setup.dsv
[1.251s] -- Symlinking: /home/blade_master/pnx/pnx_dart_ros2/install/rm_vision_bringup/share/rm_vision_bringup/package.dsv
[1.258s] -- Symlinking: /home/blade_master/pnx/pnx_dart_ros2/install/rm_vision_bringup/share/ament_index/resource_index/packages/rm_vision_bringup
[1.264s] -- Symlinking: /home/blade_master/pnx/pnx_dart_ros2/install/rm_vision_bringup/share/rm_vision_bringup/cmake/rm_vision_bringupConfig.cmake
[1.270s] -- Symlinking: /home/blade_master/pnx/pnx_dart_ros2/install/rm_vision_bringup/share/rm_vision_bringup/cmake/rm_vision_bringupConfig-version.cmake
[1.276s] -- Symlinking: /home/blade_master/pnx/pnx_dart_ros2/install/rm_vision_bringup/share/rm_vision_bringup/package.xml
[1.284s] Invoked command in '/home/blade_master/pnx/pnx_dart_ros2/build/rm_vision_bringup' returned '0': AMENT_PREFIX_PATH=/home/blade_master/pnx/pnx_dart_ros2/install/rm_auto_aim_dart:/home/blade_master/pnx/pnx_dart_ros2/install/rm_serial_driver:/home/blade_master/pnx/pnx_dart_ros2/install/light_detector:/home/blade_master/pnx/pnx_dart_ros2/install/rm_gimbal_description:/home/blade_master/pnx/pnx_dart_ros2/install/hik_camera:/home/blade_master/pnx/pnx_dart_ros2/install/auto_aim_interfaces:${AMENT_PREFIX_PATH} CMAKE_PREFIX_PATH=/home/blade_master/pnx/pnx_dart_ros2/install/rm_auto_aim_dart:/home/blade_master/pnx/pnx_dart_ros2/install/rm_serial_driver:/home/blade_master/pnx/pnx_dart_ros2/install/light_detector:/home/blade_master/pnx/pnx_dart_ros2/install/rm_gimbal_description:/home/blade_master/pnx/pnx_dart_ros2/install/hik_camera:/home/blade_master/pnx/pnx_dart_ros2/install/auto_aim_interfaces:/opt/ros/humble LD_LIBRARY_PATH=/home/blade_master/pnx/pnx_dart_ros2/install/rm_serial_driver/lib:/home/blade_master/pnx/pnx_dart_ros2/install/light_detector/lib:/home/blade_master/pnx/pnx_dart_ros2/install/hik_camera/lib:/home/blade_master/pnx/pnx_dart_ros2/install/auto_aim_interfaces/lib:/opt/MVS/lib/64:/opt/MVS/lib/32:/opt/ros/humble/opt/rviz_ogre_vendor/lib:/opt/MVS/lib/64:/opt/MVS/lib/32:/opt/MVS/lib/64:/opt/MVS/lib/32:/opt/ros/humble/lib/x86_64-linux-gnu:/opt/ros/humble/lib:/opt/MVS/lib/64:/opt/MVS/lib/32 PYTHONPATH=/home/blade_master/pnx/pnx_dart_ros2/install/auto_aim_interfaces/local/lib/python3.10/dist-packages:${PYTHONPATH} /usr/bin/cmake --install /home/blade_master/pnx/pnx_dart_ros2/build/rm_vision_bringup
