[0.019s] Invoking command in '/home/blade_master/pnx/pnx_dart_ros2/build/hik_camera': CMAKE_PREFIX_PATH=/opt/ros/humble /usr/bin/cmake /home/blade_master/pnx/pnx_dart_ros2/src/hik-driver -DAMENT_CMAKE_SYMLINK_INSTALL=1 -DCMAKE_INSTALL_PREFIX=/home/blade_master/pnx/pnx_dart_ros2/install/hik_camera
[0.068s] -- The C compiler identification is GNU 11.4.0
[0.263s] -- The CXX compiler identification is GNU 11.4.0
[0.390s] -- Detecting C compiler ABI info
[0.474s] -- Detecting C compiler ABI info - done
[0.479s] -- Check for working C compiler: /usr/bin/cc - skipped
[0.479s] -- Detecting C compile features
[0.479s] -- Detecting C compile features - done
[0.481s] -- Detecting CXX compiler ABI info
[0.578s] -- Detecting CXX compiler ABI info - done
[0.583s] -- Check for working CXX compiler: /usr/bin/c++ - skipped
[0.583s] -- Detecting CXX compile features
[0.583s] -- Detecting CXX compile features - done
[0.585s] -- Found ament_cmake_auto: 1.3.11 (/opt/ros/humble/share/ament_cmake_auto/cmake)
[0.697s] -- Found Python3: /usr/bin/python3 (found version "3.10.12") found components: Interpreter 
[0.751s] -- Override CMake install command with custom implementation using symlinks instead of copying resources
[0.932s] -- Found rosidl_generator_c: 3.1.6 (/opt/ros/humble/share/rosidl_generator_c/cmake)
[0.935s] -- Found rosidl_adapter: 3.1.6 (/opt/ros/humble/share/rosidl_adapter/cmake)
[0.940s] -- Found rosidl_generator_cpp: 3.1.6 (/opt/ros/humble/share/rosidl_generator_cpp/cmake)
[0.948s] -- Using all available rosidl_typesupport_c: rosidl_typesupport_fastrtps_c;rosidl_typesupport_introspection_c
[0.958s] -- Using all available rosidl_typesupport_cpp: rosidl_typesupport_fastrtps_cpp;rosidl_typesupport_introspection_cpp
[0.985s] -- Found rmw_implementation_cmake: 6.1.2 (/opt/ros/humble/share/rmw_implementation_cmake/cmake)
[0.986s] -- Found rmw_fastrtps_cpp: 6.2.7 (/opt/ros/humble/share/rmw_fastrtps_cpp/cmake)
[1.653s] -- Found OpenSSL: /usr/lib/x86_64-linux-gnu/libcrypto.so (found version "3.0.2")  
[2.367s] -- Found FastRTPS: /opt/ros/humble/include  
[4.204s] -- Using RMW implementation 'rmw_fastrtps_cpp' as default
[4.209s] -- Looking for pthread.h
[4.297s] -- Looking for pthread.h - found
[4.297s] -- Performing Test CMAKE_HAVE_LIBC_PTHREAD
[4.407s] -- Performing Test CMAKE_HAVE_LIBC_PTHREAD - Success
[4.407s] -- Found Threads: TRUE  
[5.255s] -- Found ament_lint_auto: 0.12.12 (/opt/ros/humble/share/ament_lint_auto/cmake)
[5.269s] -- Added test 'cppcheck' to perform static code analysis on C / C++ code
[5.269s] -- Configured cppcheck include dirs: /home/blade_master/pnx/pnx_dart_ros2/src/hik-driver/hikSDK/include
[5.269s] -- Configured cppcheck exclude dirs and/or files: 
[5.270s] -- Added test 'flake8' to check Python code syntax and style conventions
[5.271s] -- Added test 'lint_cmake' to check CMake code style
[5.271s] -- Added test 'pep257' to check Python code against some of the docstring style conventions in PEP 257
[5.272s] -- Added test 'xmllint' to check XML markup files
[5.274s] -- Configuring done
[5.285s] -- Generating done
[5.289s] -- Build files have been written to: /home/blade_master/pnx/pnx_dart_ros2/build/hik_camera
[5.300s] Invoked command in '/home/blade_master/pnx/pnx_dart_ros2/build/hik_camera' returned '0': CMAKE_PREFIX_PATH=/opt/ros/humble /usr/bin/cmake /home/blade_master/pnx/pnx_dart_ros2/src/hik-driver -DAMENT_CMAKE_SYMLINK_INSTALL=1 -DCMAKE_INSTALL_PREFIX=/home/blade_master/pnx/pnx_dart_ros2/install/hik_camera
[5.302s] Invoking command in '/home/blade_master/pnx/pnx_dart_ros2/build/hik_camera': CMAKE_PREFIX_PATH=/opt/ros/humble /usr/bin/cmake --build /home/blade_master/pnx/pnx_dart_ros2/build/hik_camera -- -j22 -l22
[5.332s] [ 25%] [32mBuilding CXX object CMakeFiles/hik_camera.dir/src/hik_camera_node.cpp.o[0m
[5.333s] [ 50%] [32mBuilding CXX object CMakeFiles/hik_camera_node.dir/rclcpp_components/node_main_hik_camera_node.cpp.o[0m
[8.129s] [ 75%] [32m[1mLinking CXX executable hik_camera_node[0m
[8.283s] [ 75%] Built target hik_camera_node
[8.419s] [100%] [32m[1mLinking CXX shared library libhik_camera.so[0m
[8.569s] [100%] Built target hik_camera
[8.579s] Invoked command in '/home/blade_master/pnx/pnx_dart_ros2/build/hik_camera' returned '0': CMAKE_PREFIX_PATH=/opt/ros/humble /usr/bin/cmake --build /home/blade_master/pnx/pnx_dart_ros2/build/hik_camera -- -j22 -l22
[8.581s] Invoking command in '/home/blade_master/pnx/pnx_dart_ros2/build/hik_camera': CMAKE_PREFIX_PATH=/opt/ros/humble /usr/bin/cmake --install /home/blade_master/pnx/pnx_dart_ros2/build/hik_camera
[8.587s] -- Install configuration: ""
[8.587s] -- Execute custom install script
[8.588s] -- Symlinking: /home/blade_master/pnx/pnx_dart_ros2/install/hik_camera/lib/libFormatConversion.so
[8.597s] -- Symlinking: /home/blade_master/pnx/pnx_dart_ros2/install/hik_camera/lib/libMVRender.so
[8.605s] -- Symlinking: /home/blade_master/pnx/pnx_dart_ros2/install/hik_camera/lib/libMediaProcess.so
[8.611s] -- Symlinking: /home/blade_master/pnx/pnx_dart_ros2/install/hik_camera/lib/libMvCameraControl.so
[8.618s] -- Symlinking: /home/blade_master/pnx/pnx_dart_ros2/install/hik_camera/lib/libMvUsb3vTL.so
[8.627s] -- Symlinking: /home/blade_master/pnx/pnx_dart_ros2/install/hik_camera/lib/hik_camera/hik_camera_node
[8.634s] -- Symlinking: /home/blade_master/pnx/pnx_dart_ros2/install/hik_camera/share/hik_camera/environment/library_path.sh
[8.641s] -- Symlinking: /home/blade_master/pnx/pnx_dart_ros2/install/hik_camera/share/hik_camera/environment/library_path.dsv
[8.648s] -- Symlinking: /home/blade_master/pnx/pnx_dart_ros2/install/hik_camera/lib/libhik_camera.so
[8.655s] -- Symlinking: /home/blade_master/pnx/pnx_dart_ros2/install/hik_camera/share/hik_camera/config/camera_info.yaml
[8.662s] -- Symlinking: /home/blade_master/pnx/pnx_dart_ros2/install/hik_camera/share/hik_camera/config/camera_params.yaml
[8.669s] -- Symlinking: /home/blade_master/pnx/pnx_dart_ros2/install/hik_camera/share/hik_camera/launch/hik_camera.launch.py
[8.677s] -- Symlinking: /home/blade_master/pnx/pnx_dart_ros2/install/hik_camera/share/ament_index/resource_index/package_run_dependencies/hik_camera
[8.685s] -- Symlinking: /home/blade_master/pnx/pnx_dart_ros2/install/hik_camera/share/ament_index/resource_index/parent_prefix_path/hik_camera
[8.693s] -- Symlinking: /home/blade_master/pnx/pnx_dart_ros2/install/hik_camera/share/hik_camera/environment/ament_prefix_path.sh
[8.704s] -- Symlinking: /home/blade_master/pnx/pnx_dart_ros2/install/hik_camera/share/hik_camera/environment/ament_prefix_path.dsv
[8.711s] -- Symlinking: /home/blade_master/pnx/pnx_dart_ros2/install/hik_camera/share/hik_camera/environment/path.sh
[8.718s] -- Symlinking: /home/blade_master/pnx/pnx_dart_ros2/install/hik_camera/share/hik_camera/environment/path.dsv
[8.725s] -- Symlinking: /home/blade_master/pnx/pnx_dart_ros2/install/hik_camera/share/hik_camera/local_setup.bash
[8.732s] -- Symlinking: /home/blade_master/pnx/pnx_dart_ros2/install/hik_camera/share/hik_camera/local_setup.sh
[8.739s] -- Symlinking: /home/blade_master/pnx/pnx_dart_ros2/install/hik_camera/share/hik_camera/local_setup.zsh
[8.746s] -- Symlinking: /home/blade_master/pnx/pnx_dart_ros2/install/hik_camera/share/hik_camera/local_setup.dsv
[8.753s] -- Symlinking: /home/blade_master/pnx/pnx_dart_ros2/install/hik_camera/share/hik_camera/package.dsv
[8.760s] -- Symlinking: /home/blade_master/pnx/pnx_dart_ros2/install/hik_camera/share/ament_index/resource_index/packages/hik_camera
[8.767s] -- Symlinking: /home/blade_master/pnx/pnx_dart_ros2/install/hik_camera/share/ament_index/resource_index/rclcpp_components/hik_camera
[8.774s] -- Symlinking: /home/blade_master/pnx/pnx_dart_ros2/install/hik_camera/share/hik_camera/cmake/ament_cmake_export_dependencies-extras.cmake
[8.781s] -- Symlinking: /home/blade_master/pnx/pnx_dart_ros2/install/hik_camera/share/hik_camera/cmake/ament_cmake_export_libraries-extras.cmake
[8.788s] -- Symlinking: /home/blade_master/pnx/pnx_dart_ros2/install/hik_camera/share/hik_camera/cmake/hik_cameraConfig.cmake
[8.795s] -- Symlinking: /home/blade_master/pnx/pnx_dart_ros2/install/hik_camera/share/hik_camera/cmake/hik_cameraConfig-version.cmake
[8.804s] -- Symlinking: /home/blade_master/pnx/pnx_dart_ros2/install/hik_camera/share/hik_camera/package.xml
[8.813s] Invoked command in '/home/blade_master/pnx/pnx_dart_ros2/build/hik_camera' returned '0': CMAKE_PREFIX_PATH=/opt/ros/humble /usr/bin/cmake --install /home/blade_master/pnx/pnx_dart_ros2/build/hik_camera
