[0.045s] Invoking command in '/home/blade_master/pnx/pnx_dart_ros2/build/light_detector': AMENT_PREFIX_PATH=/home/blade_master/pnx/pnx_dart_ros2/install/auto_aim_interfaces:${AMENT_PREFIX_PATH} CMAKE_PREFIX_PATH=/home/blade_master/pnx/pnx_dart_ros2/install/auto_aim_interfaces:/opt/ros/humble LD_LIBRARY_PATH=/home/blade_master/pnx/pnx_dart_ros2/install/auto_aim_interfaces/lib:/opt/MVS/lib/64:/opt/MVS/lib/32:/opt/ros/humble/opt/rviz_ogre_vendor/lib:/opt/MVS/lib/64:/opt/MVS/lib/32:/opt/MVS/lib/64:/opt/MVS/lib/32:/opt/ros/humble/lib/x86_64-linux-gnu:/opt/ros/humble/lib:/opt/MVS/lib/64:/opt/MVS/lib/32 PYTHONPATH=/home/blade_master/pnx/pnx_dart_ros2/install/auto_aim_interfaces/local/lib/python3.10/dist-packages:${PYTHONPATH} /usr/bin/cmake /home/blade_master/pnx/pnx_dart_ros2/src/auto_aim/light_detector -DAMENT_CMAKE_SYMLINK_INSTALL=1 -DCMAKE_INSTALL_PREFIX=/home/blade_master/pnx/pnx_dart_ros2/install/light_detector
[0.110s] -- The C compiler identification is GNU 11.4.0
[0.322s] -- The CXX compiler identification is GNU 11.4.0
[0.429s] -- Detecting C compiler ABI info
[0.517s] -- Detecting C compiler ABI info - done
[0.522s] -- Check for working C compiler: /usr/bin/cc - skipped
[0.522s] -- Detecting C compile features
[0.522s] -- Detecting C compile features - done
[0.526s] -- Detecting CXX compiler ABI info
[0.625s] -- Detecting CXX compiler ABI info - done
[0.630s] -- Check for working CXX compiler: /usr/bin/c++ - skipped
[0.631s] -- Detecting CXX compile features
[0.631s] -- Detecting CXX compile features - done
[0.874s] -- Found OpenGL: /usr/lib/x86_64-linux-gnu/libOpenGL.so   
[0.875s] -- Found ament_cmake_auto: 1.3.11 (/opt/ros/humble/share/ament_cmake_auto/cmake)
[1.017s] -- Found Python3: /usr/bin/python3 (found version "3.10.12") found components: Interpreter 
[1.072s] -- Override CMake install command with custom implementation using symlinks instead of copying resources
[1.110s] -- Looking for pthread.h
[1.202s] -- Looking for pthread.h - found
[1.203s] -- Performing Test CMAKE_HAVE_LIBC_PTHREAD
[1.295s] -- Performing Test CMAKE_HAVE_LIBC_PTHREAD - Success
[1.296s] -- Found Threads: TRUE  
[1.304s] -- Found OpenCV: /usr (found version "4.5.4") 
[1.305s] -- Found rclcpp: 16.0.12 (/opt/ros/humble/share/rclcpp/cmake)
[1.343s] -- Found rosidl_generator_c: 3.1.6 (/opt/ros/humble/share/rosidl_generator_c/cmake)
[1.346s] -- Found rosidl_adapter: 3.1.6 (/opt/ros/humble/share/rosidl_adapter/cmake)
[1.352s] -- Found rosidl_generator_cpp: 3.1.6 (/opt/ros/humble/share/rosidl_generator_cpp/cmake)
[1.361s] -- Using all available rosidl_typesupport_c: rosidl_typesupport_fastrtps_c;rosidl_typesupport_introspection_c
[1.375s] -- Using all available rosidl_typesupport_cpp: rosidl_typesupport_fastrtps_cpp;rosidl_typesupport_introspection_cpp
[1.405s] -- Found rmw_implementation_cmake: 6.1.2 (/opt/ros/humble/share/rmw_implementation_cmake/cmake)
[1.407s] -- Found rmw_fastrtps_cpp: 6.2.7 (/opt/ros/humble/share/rmw_fastrtps_cpp/cmake)
[2.328s] -- Found OpenSSL: /usr/lib/x86_64-linux-gnu/libcrypto.so (found version "3.0.2")  
[3.184s] -- Found FastRTPS: /opt/ros/humble/include  
[4.806s] -- Using RMW implementation 'rmw_fastrtps_cpp' as default
[5.884s] -- Found eigen3_cmake_module: 0.1.1 (/opt/ros/humble/share/eigen3_cmake_module/cmake)
[5.885s] -- Found Eigen3: TRUE (found version "3.4.0") 
[5.885s] -- Ensuring Eigen3 include directory is part of orocos-kdl CMake target
[5.966s] -- g2o, OpenCV and fmt found, building light_detector
[5.984s] -- Configuring done
[6.002s] -- Generating done
[6.012s] -- Build files have been written to: /home/blade_master/pnx/pnx_dart_ros2/build/light_detector
[6.029s] Invoked command in '/home/blade_master/pnx/pnx_dart_ros2/build/light_detector' returned '0': AMENT_PREFIX_PATH=/home/blade_master/pnx/pnx_dart_ros2/install/auto_aim_interfaces:${AMENT_PREFIX_PATH} CMAKE_PREFIX_PATH=/home/blade_master/pnx/pnx_dart_ros2/install/auto_aim_interfaces:/opt/ros/humble LD_LIBRARY_PATH=/home/blade_master/pnx/pnx_dart_ros2/install/auto_aim_interfaces/lib:/opt/MVS/lib/64:/opt/MVS/lib/32:/opt/ros/humble/opt/rviz_ogre_vendor/lib:/opt/MVS/lib/64:/opt/MVS/lib/32:/opt/MVS/lib/64:/opt/MVS/lib/32:/opt/ros/humble/lib/x86_64-linux-gnu:/opt/ros/humble/lib:/opt/MVS/lib/64:/opt/MVS/lib/32 PYTHONPATH=/home/blade_master/pnx/pnx_dart_ros2/install/auto_aim_interfaces/local/lib/python3.10/dist-packages:${PYTHONPATH} /usr/bin/cmake /home/blade_master/pnx/pnx_dart_ros2/src/auto_aim/light_detector -DAMENT_CMAKE_SYMLINK_INSTALL=1 -DCMAKE_INSTALL_PREFIX=/home/blade_master/pnx/pnx_dart_ros2/install/light_detector
[6.031s] Invoking command in '/home/blade_master/pnx/pnx_dart_ros2/build/light_detector': AMENT_PREFIX_PATH=/home/blade_master/pnx/pnx_dart_ros2/install/auto_aim_interfaces:${AMENT_PREFIX_PATH} CMAKE_PREFIX_PATH=/home/blade_master/pnx/pnx_dart_ros2/install/auto_aim_interfaces:/opt/ros/humble LD_LIBRARY_PATH=/home/blade_master/pnx/pnx_dart_ros2/install/auto_aim_interfaces/lib:/opt/MVS/lib/64:/opt/MVS/lib/32:/opt/ros/humble/opt/rviz_ogre_vendor/lib:/opt/MVS/lib/64:/opt/MVS/lib/32:/opt/MVS/lib/64:/opt/MVS/lib/32:/opt/ros/humble/lib/x86_64-linux-gnu:/opt/ros/humble/lib:/opt/MVS/lib/64:/opt/MVS/lib/32 PYTHONPATH=/home/blade_master/pnx/pnx_dart_ros2/install/auto_aim_interfaces/local/lib/python3.10/dist-packages:${PYTHONPATH} /usr/bin/cmake --build /home/blade_master/pnx/pnx_dart_ros2/build/light_detector -- -j22 -l22
[6.071s] [ 33%] [32mBuilding CXX object CMakeFiles/light_detector.dir/src/detector.cpp.o[0m
[6.071s] [ 33%] [32mBuilding CXX object CMakeFiles/light_detector_node.dir/rclcpp_components/node_main_light_detector_node.cpp.o[0m
[6.071s] [ 50%] [32mBuilding CXX object CMakeFiles/light_detector.dir/src/pnp_solver.cpp.o[0m
[6.073s] [ 66%] [32mBuilding CXX object CMakeFiles/light_detector.dir/src/detector_node.cpp.o[0m
[9.484s] [ 83%] [32m[1mLinking CXX executable light_detector_node[0m
[9.623s] [ 83%] Built target light_detector_node
[24.401s] [100%] [32m[1mLinking CXX shared library liblight_detector.so[0m
[25.334s] [100%] Built target light_detector
[25.342s] Invoked command in '/home/blade_master/pnx/pnx_dart_ros2/build/light_detector' returned '0': AMENT_PREFIX_PATH=/home/blade_master/pnx/pnx_dart_ros2/install/auto_aim_interfaces:${AMENT_PREFIX_PATH} CMAKE_PREFIX_PATH=/home/blade_master/pnx/pnx_dart_ros2/install/auto_aim_interfaces:/opt/ros/humble LD_LIBRARY_PATH=/home/blade_master/pnx/pnx_dart_ros2/install/auto_aim_interfaces/lib:/opt/MVS/lib/64:/opt/MVS/lib/32:/opt/ros/humble/opt/rviz_ogre_vendor/lib:/opt/MVS/lib/64:/opt/MVS/lib/32:/opt/MVS/lib/64:/opt/MVS/lib/32:/opt/ros/humble/lib/x86_64-linux-gnu:/opt/ros/humble/lib:/opt/MVS/lib/64:/opt/MVS/lib/32 PYTHONPATH=/home/blade_master/pnx/pnx_dart_ros2/install/auto_aim_interfaces/local/lib/python3.10/dist-packages:${PYTHONPATH} /usr/bin/cmake --build /home/blade_master/pnx/pnx_dart_ros2/build/light_detector -- -j22 -l22
[25.344s] Invoking command in '/home/blade_master/pnx/pnx_dart_ros2/build/light_detector': AMENT_PREFIX_PATH=/home/blade_master/pnx/pnx_dart_ros2/install/auto_aim_interfaces:${AMENT_PREFIX_PATH} CMAKE_PREFIX_PATH=/home/blade_master/pnx/pnx_dart_ros2/install/auto_aim_interfaces:/opt/ros/humble LD_LIBRARY_PATH=/home/blade_master/pnx/pnx_dart_ros2/install/auto_aim_interfaces/lib:/opt/MVS/lib/64:/opt/MVS/lib/32:/opt/ros/humble/opt/rviz_ogre_vendor/lib:/opt/MVS/lib/64:/opt/MVS/lib/32:/opt/MVS/lib/64:/opt/MVS/lib/32:/opt/ros/humble/lib/x86_64-linux-gnu:/opt/ros/humble/lib:/opt/MVS/lib/64:/opt/MVS/lib/32 PYTHONPATH=/home/blade_master/pnx/pnx_dart_ros2/install/auto_aim_interfaces/local/lib/python3.10/dist-packages:${PYTHONPATH} /usr/bin/cmake --install /home/blade_master/pnx/pnx_dart_ros2/build/light_detector
[25.347s] -- Install configuration: ""
[25.348s] -- Execute custom install script
[25.348s] -- Symlinking: /home/blade_master/pnx/pnx_dart_ros2/install/light_detector/lib/light_detector/light_detector_node
[25.354s] -- Symlinking: /home/blade_master/pnx/pnx_dart_ros2/install/light_detector/include/detector.hpp
[25.359s] -- Symlinking: /home/blade_master/pnx/pnx_dart_ros2/install/light_detector/include/detector_node.hpp
[25.365s] -- Symlinking: /home/blade_master/pnx/pnx_dart_ros2/install/light_detector/include/pnp_solver.hpp
[25.371s] -- Symlinking: /home/blade_master/pnx/pnx_dart_ros2/install/light_detector/share/light_detector/environment/library_path.sh
[25.375s] -- Symlinking: /home/blade_master/pnx/pnx_dart_ros2/install/light_detector/share/light_detector/environment/library_path.dsv
[25.382s] -- Symlinking: /home/blade_master/pnx/pnx_dart_ros2/install/light_detector/lib/liblight_detector.so
[25.389s] -- Symlinking: /home/blade_master/pnx/pnx_dart_ros2/install/light_detector/share/ament_index/resource_index/package_run_dependencies/light_detector
[25.396s] -- Symlinking: /home/blade_master/pnx/pnx_dart_ros2/install/light_detector/share/ament_index/resource_index/parent_prefix_path/light_detector
[25.402s] -- Symlinking: /home/blade_master/pnx/pnx_dart_ros2/install/light_detector/share/light_detector/environment/ament_prefix_path.sh
[25.408s] -- Symlinking: /home/blade_master/pnx/pnx_dart_ros2/install/light_detector/share/light_detector/environment/ament_prefix_path.dsv
[25.414s] -- Symlinking: /home/blade_master/pnx/pnx_dart_ros2/install/light_detector/share/light_detector/environment/path.sh
[25.420s] -- Symlinking: /home/blade_master/pnx/pnx_dart_ros2/install/light_detector/share/light_detector/environment/path.dsv
[25.426s] -- Symlinking: /home/blade_master/pnx/pnx_dart_ros2/install/light_detector/share/light_detector/local_setup.bash
[25.432s] -- Symlinking: /home/blade_master/pnx/pnx_dart_ros2/install/light_detector/share/light_detector/local_setup.sh
[25.437s] -- Symlinking: /home/blade_master/pnx/pnx_dart_ros2/install/light_detector/share/light_detector/local_setup.zsh
[25.443s] -- Symlinking: /home/blade_master/pnx/pnx_dart_ros2/install/light_detector/share/light_detector/local_setup.dsv
[25.449s] -- Symlinking: /home/blade_master/pnx/pnx_dart_ros2/install/light_detector/share/light_detector/package.dsv
[25.454s] -- Symlinking: /home/blade_master/pnx/pnx_dart_ros2/install/light_detector/share/ament_index/resource_index/packages/light_detector
[25.460s] -- Symlinking: /home/blade_master/pnx/pnx_dart_ros2/install/light_detector/share/ament_index/resource_index/rclcpp_components/light_detector
[25.465s] -- Symlinking: /home/blade_master/pnx/pnx_dart_ros2/install/light_detector/share/light_detector/cmake/ament_cmake_export_dependencies-extras.cmake
[25.470s] -- Symlinking: /home/blade_master/pnx/pnx_dart_ros2/install/light_detector/share/light_detector/cmake/ament_cmake_export_include_directories-extras.cmake
[25.476s] -- Symlinking: /home/blade_master/pnx/pnx_dart_ros2/install/light_detector/share/light_detector/cmake/ament_cmake_export_libraries-extras.cmake
[25.482s] -- Symlinking: /home/blade_master/pnx/pnx_dart_ros2/install/light_detector/share/light_detector/cmake/light_detectorConfig.cmake
[25.488s] -- Symlinking: /home/blade_master/pnx/pnx_dart_ros2/install/light_detector/share/light_detector/cmake/light_detectorConfig-version.cmake
[25.495s] -- Symlinking: /home/blade_master/pnx/pnx_dart_ros2/install/light_detector/share/light_detector/package.xml
[25.503s] Invoked command in '/home/blade_master/pnx/pnx_dart_ros2/build/light_detector' returned '0': AMENT_PREFIX_PATH=/home/blade_master/pnx/pnx_dart_ros2/install/auto_aim_interfaces:${AMENT_PREFIX_PATH} CMAKE_PREFIX_PATH=/home/blade_master/pnx/pnx_dart_ros2/install/auto_aim_interfaces:/opt/ros/humble LD_LIBRARY_PATH=/home/blade_master/pnx/pnx_dart_ros2/install/auto_aim_interfaces/lib:/opt/MVS/lib/64:/opt/MVS/lib/32:/opt/ros/humble/opt/rviz_ogre_vendor/lib:/opt/MVS/lib/64:/opt/MVS/lib/32:/opt/MVS/lib/64:/opt/MVS/lib/32:/opt/ros/humble/lib/x86_64-linux-gnu:/opt/ros/humble/lib:/opt/MVS/lib/64:/opt/MVS/lib/32 PYTHONPATH=/home/blade_master/pnx/pnx_dart_ros2/install/auto_aim_interfaces/local/lib/python3.10/dist-packages:${PYTHONPATH} /usr/bin/cmake --install /home/blade_master/pnx/pnx_dart_ros2/build/light_detector
