[0.355s] Invoking command in '/home/blade_master/pnx/pnx_dart_ros2/build/rm_vision_bringup': AMENT_PREFIX_PATH=/home/blade_master/pnx/pnx_dart_ros2/install/rm_auto_aim_dart:/home/blade_master/pnx/pnx_dart_ros2/install/rm_serial_driver:/home/blade_master/pnx/pnx_dart_ros2/install/light_detector:/home/blade_master/pnx/pnx_dart_ros2/install/rm_gimbal_description:/home/blade_master/pnx/pnx_dart_ros2/install/hik_camera:/home/blade_master/pnx/pnx_dart_ros2/install/auto_aim_interfaces:${AMENT_PREFIX_PATH} CMAKE_PREFIX_PATH=/home/blade_master/pnx/pnx_dart_ros2/install/rm_auto_aim_dart:/home/blade_master/pnx/pnx_dart_ros2/install/rm_serial_driver:/home/blade_master/pnx/pnx_dart_ros2/install/light_detector:/home/blade_master/pnx/pnx_dart_ros2/install/rm_gimbal_description:/home/blade_master/pnx/pnx_dart_ros2/install/hik_camera:/home/blade_master/pnx/pnx_dart_ros2/install/auto_aim_interfaces:/opt/ros/humble LD_LIBRARY_PATH=/home/blade_master/pnx/pnx_dart_ros2/install/rm_serial_driver/lib:/home/blade_master/pnx/pnx_dart_ros2/install/light_detector/lib:/home/blade_master/pnx/pnx_dart_ros2/install/hik_camera/lib:/home/blade_master/pnx/pnx_dart_ros2/install/auto_aim_interfaces/lib:/opt/MVS/lib/64:/opt/MVS/lib/32:/opt/MVS/lib/64:/opt/MVS/lib/32:/opt/MVS/lib/64:/opt/MVS/lib/32:/opt/MVS/lib/64:/opt/MVS/lib/32:/opt/ros/humble/opt/rviz_ogre_vendor/lib:/opt/ros/humble/lib/x86_64-linux-gnu:/opt/ros/humble/lib:/opt/MVS/lib/64:/opt/MVS/lib/32 PYTHONPATH=/home/blade_master/pnx/pnx_dart_ros2/install/auto_aim_interfaces/local/lib/python3.10/dist-packages:${PYTHONPATH} /usr/bin/cmake /home/blade_master/pnx/pnx_dart_ros2/src/vision_bringup/rm_vision_bringup -DAMENT_CMAKE_SYMLINK_INSTALL=1 -DCMAKE_INSTALL_PREFIX=/home/blade_master/pnx/pnx_dart_ros2/install/rm_vision_bringup
[0.447s] -- The C compiler identification is GNU 11.4.0
[0.899s] -- The CXX compiler identification is GNU 11.4.0
[1.206s] -- Detecting C compiler ABI info
[1.320s] -- Detecting C compiler ABI info - done
[1.325s] -- Check for working C compiler: /usr/bin/cc - skipped
[1.325s] -- Detecting C compile features
[1.325s] -- Detecting C compile features - done
[1.327s] -- Detecting CXX compiler ABI info
[1.534s] -- Detecting CXX compiler ABI info - done
[1.539s] -- Check for working CXX compiler: /usr/bin/c++ - skipped
[1.539s] -- Detecting CXX compile features
[1.540s] -- Detecting CXX compile features - done
[1.540s] -- Found ament_cmake_auto: 1.3.11 (/opt/ros/humble/share/ament_cmake_auto/cmake)
[1.649s] -- Found Python3: /usr/bin/python3 (found version "3.10.12") found components: Interpreter 
[1.701s] -- Override CMake install command with custom implementation using symlinks instead of copying resources
[1.721s] -- Found ament_lint_auto: 0.12.12 (/opt/ros/humble/share/ament_lint_auto/cmake)
[1.771s] -- Configuring done
[1.773s] -- Generating done
[1.774s] -- Build files have been written to: /home/blade_master/pnx/pnx_dart_ros2/build/rm_vision_bringup
[1.778s] Invoked command in '/home/blade_master/pnx/pnx_dart_ros2/build/rm_vision_bringup' returned '0': AMENT_PREFIX_PATH=/home/blade_master/pnx/pnx_dart_ros2/install/rm_auto_aim_dart:/home/blade_master/pnx/pnx_dart_ros2/install/rm_serial_driver:/home/blade_master/pnx/pnx_dart_ros2/install/light_detector:/home/blade_master/pnx/pnx_dart_ros2/install/rm_gimbal_description:/home/blade_master/pnx/pnx_dart_ros2/install/hik_camera:/home/blade_master/pnx/pnx_dart_ros2/install/auto_aim_interfaces:${AMENT_PREFIX_PATH} CMAKE_PREFIX_PATH=/home/blade_master/pnx/pnx_dart_ros2/install/rm_auto_aim_dart:/home/blade_master/pnx/pnx_dart_ros2/install/rm_serial_driver:/home/blade_master/pnx/pnx_dart_ros2/install/light_detector:/home/blade_master/pnx/pnx_dart_ros2/install/rm_gimbal_description:/home/blade_master/pnx/pnx_dart_ros2/install/hik_camera:/home/blade_master/pnx/pnx_dart_ros2/install/auto_aim_interfaces:/opt/ros/humble LD_LIBRARY_PATH=/home/blade_master/pnx/pnx_dart_ros2/install/rm_serial_driver/lib:/home/blade_master/pnx/pnx_dart_ros2/install/light_detector/lib:/home/blade_master/pnx/pnx_dart_ros2/install/hik_camera/lib:/home/blade_master/pnx/pnx_dart_ros2/install/auto_aim_interfaces/lib:/opt/MVS/lib/64:/opt/MVS/lib/32:/opt/MVS/lib/64:/opt/MVS/lib/32:/opt/MVS/lib/64:/opt/MVS/lib/32:/opt/MVS/lib/64:/opt/MVS/lib/32:/opt/ros/humble/opt/rviz_ogre_vendor/lib:/opt/ros/humble/lib/x86_64-linux-gnu:/opt/ros/humble/lib:/opt/MVS/lib/64:/opt/MVS/lib/32 PYTHONPATH=/home/blade_master/pnx/pnx_dart_ros2/install/auto_aim_interfaces/local/lib/python3.10/dist-packages:${PYTHONPATH} /usr/bin/cmake /home/blade_master/pnx/pnx_dart_ros2/src/vision_bringup/rm_vision_bringup -DAMENT_CMAKE_SYMLINK_INSTALL=1 -DCMAKE_INSTALL_PREFIX=/home/blade_master/pnx/pnx_dart_ros2/install/rm_vision_bringup
[1.780s] Invoking command in '/home/blade_master/pnx/pnx_dart_ros2/build/rm_vision_bringup': AMENT_PREFIX_PATH=/home/blade_master/pnx/pnx_dart_ros2/install/rm_auto_aim_dart:/home/blade_master/pnx/pnx_dart_ros2/install/rm_serial_driver:/home/blade_master/pnx/pnx_dart_ros2/install/light_detector:/home/blade_master/pnx/pnx_dart_ros2/install/rm_gimbal_description:/home/blade_master/pnx/pnx_dart_ros2/install/hik_camera:/home/blade_master/pnx/pnx_dart_ros2/install/auto_aim_interfaces:${AMENT_PREFIX_PATH} CMAKE_PREFIX_PATH=/home/blade_master/pnx/pnx_dart_ros2/install/rm_auto_aim_dart:/home/blade_master/pnx/pnx_dart_ros2/install/rm_serial_driver:/home/blade_master/pnx/pnx_dart_ros2/install/light_detector:/home/blade_master/pnx/pnx_dart_ros2/install/rm_gimbal_description:/home/blade_master/pnx/pnx_dart_ros2/install/hik_camera:/home/blade_master/pnx/pnx_dart_ros2/install/auto_aim_interfaces:/opt/ros/humble LD_LIBRARY_PATH=/home/blade_master/pnx/pnx_dart_ros2/install/rm_serial_driver/lib:/home/blade_master/pnx/pnx_dart_ros2/install/light_detector/lib:/home/blade_master/pnx/pnx_dart_ros2/install/hik_camera/lib:/home/blade_master/pnx/pnx_dart_ros2/install/auto_aim_interfaces/lib:/opt/MVS/lib/64:/opt/MVS/lib/32:/opt/MVS/lib/64:/opt/MVS/lib/32:/opt/MVS/lib/64:/opt/MVS/lib/32:/opt/MVS/lib/64:/opt/MVS/lib/32:/opt/ros/humble/opt/rviz_ogre_vendor/lib:/opt/ros/humble/lib/x86_64-linux-gnu:/opt/ros/humble/lib:/opt/MVS/lib/64:/opt/MVS/lib/32 PYTHONPATH=/home/blade_master/pnx/pnx_dart_ros2/install/auto_aim_interfaces/local/lib/python3.10/dist-packages:${PYTHONPATH} /usr/bin/cmake --build /home/blade_master/pnx/pnx_dart_ros2/build/rm_vision_bringup -- -j22 -l22
[1.800s] Invoked command in '/home/blade_master/pnx/pnx_dart_ros2/build/rm_vision_bringup' returned '0': AMENT_PREFIX_PATH=/home/blade_master/pnx/pnx_dart_ros2/install/rm_auto_aim_dart:/home/blade_master/pnx/pnx_dart_ros2/install/rm_serial_driver:/home/blade_master/pnx/pnx_dart_ros2/install/light_detector:/home/blade_master/pnx/pnx_dart_ros2/install/rm_gimbal_description:/home/blade_master/pnx/pnx_dart_ros2/install/hik_camera:/home/blade_master/pnx/pnx_dart_ros2/install/auto_aim_interfaces:${AMENT_PREFIX_PATH} CMAKE_PREFIX_PATH=/home/blade_master/pnx/pnx_dart_ros2/install/rm_auto_aim_dart:/home/blade_master/pnx/pnx_dart_ros2/install/rm_serial_driver:/home/blade_master/pnx/pnx_dart_ros2/install/light_detector:/home/blade_master/pnx/pnx_dart_ros2/install/rm_gimbal_description:/home/blade_master/pnx/pnx_dart_ros2/install/hik_camera:/home/blade_master/pnx/pnx_dart_ros2/install/auto_aim_interfaces:/opt/ros/humble LD_LIBRARY_PATH=/home/blade_master/pnx/pnx_dart_ros2/install/rm_serial_driver/lib:/home/blade_master/pnx/pnx_dart_ros2/install/light_detector/lib:/home/blade_master/pnx/pnx_dart_ros2/install/hik_camera/lib:/home/blade_master/pnx/pnx_dart_ros2/install/auto_aim_interfaces/lib:/opt/MVS/lib/64:/opt/MVS/lib/32:/opt/MVS/lib/64:/opt/MVS/lib/32:/opt/MVS/lib/64:/opt/MVS/lib/32:/opt/MVS/lib/64:/opt/MVS/lib/32:/opt/ros/humble/opt/rviz_ogre_vendor/lib:/opt/ros/humble/lib/x86_64-linux-gnu:/opt/ros/humble/lib:/opt/MVS/lib/64:/opt/MVS/lib/32 PYTHONPATH=/home/blade_master/pnx/pnx_dart_ros2/install/auto_aim_interfaces/local/lib/python3.10/dist-packages:${PYTHONPATH} /usr/bin/cmake --build /home/blade_master/pnx/pnx_dart_ros2/build/rm_vision_bringup -- -j22 -l22
[1.802s] Invoking command in '/home/blade_master/pnx/pnx_dart_ros2/build/rm_vision_bringup': AMENT_PREFIX_PATH=/home/blade_master/pnx/pnx_dart_ros2/install/rm_auto_aim_dart:/home/blade_master/pnx/pnx_dart_ros2/install/rm_serial_driver:/home/blade_master/pnx/pnx_dart_ros2/install/light_detector:/home/blade_master/pnx/pnx_dart_ros2/install/rm_gimbal_description:/home/blade_master/pnx/pnx_dart_ros2/install/hik_camera:/home/blade_master/pnx/pnx_dart_ros2/install/auto_aim_interfaces:${AMENT_PREFIX_PATH} CMAKE_PREFIX_PATH=/home/blade_master/pnx/pnx_dart_ros2/install/rm_auto_aim_dart:/home/blade_master/pnx/pnx_dart_ros2/install/rm_serial_driver:/home/blade_master/pnx/pnx_dart_ros2/install/light_detector:/home/blade_master/pnx/pnx_dart_ros2/install/rm_gimbal_description:/home/blade_master/pnx/pnx_dart_ros2/install/hik_camera:/home/blade_master/pnx/pnx_dart_ros2/install/auto_aim_interfaces:/opt/ros/humble LD_LIBRARY_PATH=/home/blade_master/pnx/pnx_dart_ros2/install/rm_serial_driver/lib:/home/blade_master/pnx/pnx_dart_ros2/install/light_detector/lib:/home/blade_master/pnx/pnx_dart_ros2/install/hik_camera/lib:/home/blade_master/pnx/pnx_dart_ros2/install/auto_aim_interfaces/lib:/opt/MVS/lib/64:/opt/MVS/lib/32:/opt/MVS/lib/64:/opt/MVS/lib/32:/opt/MVS/lib/64:/opt/MVS/lib/32:/opt/MVS/lib/64:/opt/MVS/lib/32:/opt/ros/humble/opt/rviz_ogre_vendor/lib:/opt/ros/humble/lib/x86_64-linux-gnu:/opt/ros/humble/lib:/opt/MVS/lib/64:/opt/MVS/lib/32 PYTHONPATH=/home/blade_master/pnx/pnx_dart_ros2/install/auto_aim_interfaces/local/lib/python3.10/dist-packages:${PYTHONPATH} /usr/bin/cmake --install /home/blade_master/pnx/pnx_dart_ros2/build/rm_vision_bringup
[1.805s] -- Install configuration: ""
[1.805s] -- Execute custom install script
[1.806s] -- Symlinking: /home/blade_master/pnx/pnx_dart_ros2/install/rm_vision_bringup/share/rm_vision_bringup/launch/common.py
[1.812s] -- Symlinking: /home/blade_master/pnx/pnx_dart_ros2/install/rm_vision_bringup/share/rm_vision_bringup/launch/no_hardware.launch.py
[1.817s] -- Symlinking: /home/blade_master/pnx/pnx_dart_ros2/install/rm_vision_bringup/share/rm_vision_bringup/launch/vision_bringup.launch.py
[1.822s] -- Symlinking: /home/blade_master/pnx/pnx_dart_ros2/install/rm_vision_bringup/share/rm_vision_bringup/config/camera_info.yaml
[1.827s] -- Symlinking: /home/blade_master/pnx/pnx_dart_ros2/install/rm_vision_bringup/share/rm_vision_bringup/config/launch_params.yaml
[1.833s] -- Symlinking: /home/blade_master/pnx/pnx_dart_ros2/install/rm_vision_bringup/share/rm_vision_bringup/config/node_params.yaml
[1.839s] -- Symlinking: /home/blade_master/pnx/pnx_dart_ros2/install/rm_vision_bringup/share/ament_index/resource_index/package_run_dependencies/rm_vision_bringup
[1.845s] -- Symlinking: /home/blade_master/pnx/pnx_dart_ros2/install/rm_vision_bringup/share/ament_index/resource_index/parent_prefix_path/rm_vision_bringup
[1.851s] -- Symlinking: /home/blade_master/pnx/pnx_dart_ros2/install/rm_vision_bringup/share/rm_vision_bringup/environment/ament_prefix_path.sh
[1.858s] -- Symlinking: /home/blade_master/pnx/pnx_dart_ros2/install/rm_vision_bringup/share/rm_vision_bringup/environment/ament_prefix_path.dsv
[1.864s] -- Symlinking: /home/blade_master/pnx/pnx_dart_ros2/install/rm_vision_bringup/share/rm_vision_bringup/environment/path.sh
[1.869s] -- Symlinking: /home/blade_master/pnx/pnx_dart_ros2/install/rm_vision_bringup/share/rm_vision_bringup/environment/path.dsv
[1.874s] -- Symlinking: /home/blade_master/pnx/pnx_dart_ros2/install/rm_vision_bringup/share/rm_vision_bringup/local_setup.bash
[1.880s] -- Symlinking: /home/blade_master/pnx/pnx_dart_ros2/install/rm_vision_bringup/share/rm_vision_bringup/local_setup.sh
[1.884s] -- Symlinking: /home/blade_master/pnx/pnx_dart_ros2/install/rm_vision_bringup/share/rm_vision_bringup/local_setup.zsh
[1.889s] -- Symlinking: /home/blade_master/pnx/pnx_dart_ros2/install/rm_vision_bringup/share/rm_vision_bringup/local_setup.dsv
[1.894s] -- Symlinking: /home/blade_master/pnx/pnx_dart_ros2/install/rm_vision_bringup/share/rm_vision_bringup/package.dsv
[1.898s] -- Symlinking: /home/blade_master/pnx/pnx_dart_ros2/install/rm_vision_bringup/share/ament_index/resource_index/packages/rm_vision_bringup
[1.903s] -- Symlinking: /home/blade_master/pnx/pnx_dart_ros2/install/rm_vision_bringup/share/rm_vision_bringup/cmake/rm_vision_bringupConfig.cmake
[1.908s] -- Symlinking: /home/blade_master/pnx/pnx_dart_ros2/install/rm_vision_bringup/share/rm_vision_bringup/cmake/rm_vision_bringupConfig-version.cmake
[1.914s] -- Symlinking: /home/blade_master/pnx/pnx_dart_ros2/install/rm_vision_bringup/share/rm_vision_bringup/package.xml
[1.920s] Invoked command in '/home/blade_master/pnx/pnx_dart_ros2/build/rm_vision_bringup' returned '0': AMENT_PREFIX_PATH=/home/blade_master/pnx/pnx_dart_ros2/install/rm_auto_aim_dart:/home/blade_master/pnx/pnx_dart_ros2/install/rm_serial_driver:/home/blade_master/pnx/pnx_dart_ros2/install/light_detector:/home/blade_master/pnx/pnx_dart_ros2/install/rm_gimbal_description:/home/blade_master/pnx/pnx_dart_ros2/install/hik_camera:/home/blade_master/pnx/pnx_dart_ros2/install/auto_aim_interfaces:${AMENT_PREFIX_PATH} CMAKE_PREFIX_PATH=/home/blade_master/pnx/pnx_dart_ros2/install/rm_auto_aim_dart:/home/blade_master/pnx/pnx_dart_ros2/install/rm_serial_driver:/home/blade_master/pnx/pnx_dart_ros2/install/light_detector:/home/blade_master/pnx/pnx_dart_ros2/install/rm_gimbal_description:/home/blade_master/pnx/pnx_dart_ros2/install/hik_camera:/home/blade_master/pnx/pnx_dart_ros2/install/auto_aim_interfaces:/opt/ros/humble LD_LIBRARY_PATH=/home/blade_master/pnx/pnx_dart_ros2/install/rm_serial_driver/lib:/home/blade_master/pnx/pnx_dart_ros2/install/light_detector/lib:/home/blade_master/pnx/pnx_dart_ros2/install/hik_camera/lib:/home/blade_master/pnx/pnx_dart_ros2/install/auto_aim_interfaces/lib:/opt/MVS/lib/64:/opt/MVS/lib/32:/opt/MVS/lib/64:/opt/MVS/lib/32:/opt/MVS/lib/64:/opt/MVS/lib/32:/opt/MVS/lib/64:/opt/MVS/lib/32:/opt/ros/humble/opt/rviz_ogre_vendor/lib:/opt/ros/humble/lib/x86_64-linux-gnu:/opt/ros/humble/lib:/opt/MVS/lib/64:/opt/MVS/lib/32 PYTHONPATH=/home/blade_master/pnx/pnx_dart_ros2/install/auto_aim_interfaces/local/lib/python3.10/dist-packages:${PYTHONPATH} /usr/bin/cmake --install /home/blade_master/pnx/pnx_dart_ros2/build/rm_vision_bringup
