[0.044s] Invoking command in '/home/blade_master/pnx/pnx_dart_ros2/build/light_detector': AMENT_PREFIX_PATH=/home/blade_master/pnx/pnx_dart_ros2/install/auto_aim_interfaces:${AMENT_PREFIX_PATH} CMAKE_PREFIX_PATH=/home/blade_master/pnx/pnx_dart_ros2/install/auto_aim_interfaces:/opt/ros/humble LD_LIBRARY_PATH=/home/blade_master/pnx/pnx_dart_ros2/install/auto_aim_interfaces/lib:/opt/MVS/lib/64:/opt/MVS/lib/32:/opt/ros/humble/opt/rviz_ogre_vendor/lib:/opt/MVS/lib/64:/opt/MVS/lib/32:/opt/MVS/lib/64:/opt/MVS/lib/32:/opt/ros/humble/lib/x86_64-linux-gnu:/opt/ros/humble/lib:/opt/MVS/lib/64:/opt/MVS/lib/32 PYTHONPATH=/home/blade_master/pnx/pnx_dart_ros2/install/auto_aim_interfaces/local/lib/python3.10/dist-packages:${PYTHONPATH} /usr/bin/cmake /home/blade_master/pnx/pnx_dart_ros2/src/auto_aim/light_detector -DAMENT_CMAKE_SYMLINK_INSTALL=1 -DCMAKE_INSTALL_PREFIX=/home/blade_master/pnx/pnx_dart_ros2/install/light_detector
[0.106s] -- The C compiler identification is GNU 11.4.0
[0.342s] -- The CXX compiler identification is GNU 11.4.0
[0.500s] -- Detecting C compiler ABI info
[0.613s] -- Detecting C compiler ABI info - done
[0.620s] -- Check for working C compiler: /usr/bin/cc - skipped
[0.621s] -- Detecting C compile features
[0.621s] -- Detecting C compile features - done
[0.625s] -- Detecting CXX compiler ABI info
[0.723s] -- Detecting CXX compiler ABI info - done
[0.729s] -- Check for working CXX compiler: /usr/bin/c++ - skipped
[0.729s] -- Detecting CXX compile features
[0.730s] -- Detecting CXX compile features - done
[1.028s] -- Found OpenGL: /usr/lib/x86_64-linux-gnu/libOpenGL.so   
[1.029s] -- Found ament_cmake_auto: 1.3.11 (/opt/ros/humble/share/ament_cmake_auto/cmake)
[1.155s] -- Found Python3: /usr/bin/python3 (found version "3.10.12") found components: Interpreter 
[1.211s] -- Override CMake install command with custom implementation using symlinks instead of copying resources
[1.258s] -- Looking for pthread.h
[1.350s] -- Looking for pthread.h - found
[1.350s] -- Performing Test CMAKE_HAVE_LIBC_PTHREAD
[1.444s] -- Performing Test CMAKE_HAVE_LIBC_PTHREAD - Success
[1.444s] -- Found Threads: TRUE  
[1.453s] -- Found OpenCV: /usr (found version "4.5.4") 
[1.454s] -- Found rclcpp: 16.0.12 (/opt/ros/humble/share/rclcpp/cmake)
[1.496s] -- Found rosidl_generator_c: 3.1.6 (/opt/ros/humble/share/rosidl_generator_c/cmake)
[1.499s] -- Found rosidl_adapter: 3.1.6 (/opt/ros/humble/share/rosidl_adapter/cmake)
[1.505s] -- Found rosidl_generator_cpp: 3.1.6 (/opt/ros/humble/share/rosidl_generator_cpp/cmake)
[1.514s] -- Using all available rosidl_typesupport_c: rosidl_typesupport_fastrtps_c;rosidl_typesupport_introspection_c
[1.526s] -- Using all available rosidl_typesupport_cpp: rosidl_typesupport_fastrtps_cpp;rosidl_typesupport_introspection_cpp
[1.556s] -- Found rmw_implementation_cmake: 6.1.2 (/opt/ros/humble/share/rmw_implementation_cmake/cmake)
[1.557s] -- Found rmw_fastrtps_cpp: 6.2.7 (/opt/ros/humble/share/rmw_fastrtps_cpp/cmake)
[2.402s] -- Found OpenSSL: /usr/lib/x86_64-linux-gnu/libcrypto.so (found version "3.0.2")  
[3.379s] -- Found FastRTPS: /opt/ros/humble/include  
[4.848s] -- Using RMW implementation 'rmw_fastrtps_cpp' as default
[5.809s] -- Found eigen3_cmake_module: 0.1.1 (/opt/ros/humble/share/eigen3_cmake_module/cmake)
[5.810s] -- Found Eigen3: TRUE (found version "3.4.0") 
[5.810s] -- Ensuring Eigen3 include directory is part of orocos-kdl CMake target
[5.872s] -- g2o, OpenCV and fmt found, building light_detector
[5.882s] -- Configuring done
[5.899s] -- Generating done
[5.905s] -- Build files have been written to: /home/blade_master/pnx/pnx_dart_ros2/build/light_detector
[5.918s] Invoked command in '/home/blade_master/pnx/pnx_dart_ros2/build/light_detector' returned '0': AMENT_PREFIX_PATH=/home/blade_master/pnx/pnx_dart_ros2/install/auto_aim_interfaces:${AMENT_PREFIX_PATH} CMAKE_PREFIX_PATH=/home/blade_master/pnx/pnx_dart_ros2/install/auto_aim_interfaces:/opt/ros/humble LD_LIBRARY_PATH=/home/blade_master/pnx/pnx_dart_ros2/install/auto_aim_interfaces/lib:/opt/MVS/lib/64:/opt/MVS/lib/32:/opt/ros/humble/opt/rviz_ogre_vendor/lib:/opt/MVS/lib/64:/opt/MVS/lib/32:/opt/MVS/lib/64:/opt/MVS/lib/32:/opt/ros/humble/lib/x86_64-linux-gnu:/opt/ros/humble/lib:/opt/MVS/lib/64:/opt/MVS/lib/32 PYTHONPATH=/home/blade_master/pnx/pnx_dart_ros2/install/auto_aim_interfaces/local/lib/python3.10/dist-packages:${PYTHONPATH} /usr/bin/cmake /home/blade_master/pnx/pnx_dart_ros2/src/auto_aim/light_detector -DAMENT_CMAKE_SYMLINK_INSTALL=1 -DCMAKE_INSTALL_PREFIX=/home/blade_master/pnx/pnx_dart_ros2/install/light_detector
[5.920s] Invoking command in '/home/blade_master/pnx/pnx_dart_ros2/build/light_detector': AMENT_PREFIX_PATH=/home/blade_master/pnx/pnx_dart_ros2/install/auto_aim_interfaces:${AMENT_PREFIX_PATH} CMAKE_PREFIX_PATH=/home/blade_master/pnx/pnx_dart_ros2/install/auto_aim_interfaces:/opt/ros/humble LD_LIBRARY_PATH=/home/blade_master/pnx/pnx_dart_ros2/install/auto_aim_interfaces/lib:/opt/MVS/lib/64:/opt/MVS/lib/32:/opt/ros/humble/opt/rviz_ogre_vendor/lib:/opt/MVS/lib/64:/opt/MVS/lib/32:/opt/MVS/lib/64:/opt/MVS/lib/32:/opt/ros/humble/lib/x86_64-linux-gnu:/opt/ros/humble/lib:/opt/MVS/lib/64:/opt/MVS/lib/32 PYTHONPATH=/home/blade_master/pnx/pnx_dart_ros2/install/auto_aim_interfaces/local/lib/python3.10/dist-packages:${PYTHONPATH} /usr/bin/cmake --build /home/blade_master/pnx/pnx_dart_ros2/build/light_detector -- -j22 -l22
[5.956s] [ 16%] [32mBuilding CXX object CMakeFiles/light_detector.dir/src/pnp_solver.cpp.o[0m
[5.956s] [ 33%] [32mBuilding CXX object CMakeFiles/light_detector.dir/src/detector.cpp.o[0m
[5.957s] [ 50%] [32mBuilding CXX object CMakeFiles/light_detector_node.dir/rclcpp_components/node_main_light_detector_node.cpp.o[0m
[5.959s] [ 66%] [32mBuilding CXX object CMakeFiles/light_detector.dir/src/detector_node.cpp.o[0m
[9.298s] [ 83%] [32m[1mLinking CXX executable light_detector_node[0m
[9.443s] [ 83%] Built target light_detector_node
[23.780s] [100%] [32m[1mLinking CXX shared library liblight_detector.so[0m
[24.783s] [100%] Built target light_detector
[24.792s] Invoked command in '/home/blade_master/pnx/pnx_dart_ros2/build/light_detector' returned '0': AMENT_PREFIX_PATH=/home/blade_master/pnx/pnx_dart_ros2/install/auto_aim_interfaces:${AMENT_PREFIX_PATH} CMAKE_PREFIX_PATH=/home/blade_master/pnx/pnx_dart_ros2/install/auto_aim_interfaces:/opt/ros/humble LD_LIBRARY_PATH=/home/blade_master/pnx/pnx_dart_ros2/install/auto_aim_interfaces/lib:/opt/MVS/lib/64:/opt/MVS/lib/32:/opt/ros/humble/opt/rviz_ogre_vendor/lib:/opt/MVS/lib/64:/opt/MVS/lib/32:/opt/MVS/lib/64:/opt/MVS/lib/32:/opt/ros/humble/lib/x86_64-linux-gnu:/opt/ros/humble/lib:/opt/MVS/lib/64:/opt/MVS/lib/32 PYTHONPATH=/home/blade_master/pnx/pnx_dart_ros2/install/auto_aim_interfaces/local/lib/python3.10/dist-packages:${PYTHONPATH} /usr/bin/cmake --build /home/blade_master/pnx/pnx_dart_ros2/build/light_detector -- -j22 -l22
[24.795s] Invoking command in '/home/blade_master/pnx/pnx_dart_ros2/build/light_detector': AMENT_PREFIX_PATH=/home/blade_master/pnx/pnx_dart_ros2/install/auto_aim_interfaces:${AMENT_PREFIX_PATH} CMAKE_PREFIX_PATH=/home/blade_master/pnx/pnx_dart_ros2/install/auto_aim_interfaces:/opt/ros/humble LD_LIBRARY_PATH=/home/blade_master/pnx/pnx_dart_ros2/install/auto_aim_interfaces/lib:/opt/MVS/lib/64:/opt/MVS/lib/32:/opt/ros/humble/opt/rviz_ogre_vendor/lib:/opt/MVS/lib/64:/opt/MVS/lib/32:/opt/MVS/lib/64:/opt/MVS/lib/32:/opt/ros/humble/lib/x86_64-linux-gnu:/opt/ros/humble/lib:/opt/MVS/lib/64:/opt/MVS/lib/32 PYTHONPATH=/home/blade_master/pnx/pnx_dart_ros2/install/auto_aim_interfaces/local/lib/python3.10/dist-packages:${PYTHONPATH} /usr/bin/cmake --install /home/blade_master/pnx/pnx_dart_ros2/build/light_detector
[24.799s] -- Install configuration: ""
[24.800s] -- Execute custom install script
[24.800s] -- Symlinking: /home/blade_master/pnx/pnx_dart_ros2/install/light_detector/lib/light_detector/light_detector_node
[24.807s] -- Symlinking: /home/blade_master/pnx/pnx_dart_ros2/install/light_detector/include/detector.hpp
[24.813s] -- Symlinking: /home/blade_master/pnx/pnx_dart_ros2/install/light_detector/include/detector.hpp:Zone.Identifier
[24.819s] -- Symlinking: /home/blade_master/pnx/pnx_dart_ros2/install/light_detector/include/detector_node.hpp
[24.825s] -- Symlinking: /home/blade_master/pnx/pnx_dart_ros2/install/light_detector/include/detector_node.hpp:Zone.Identifier
[24.830s] -- Symlinking: /home/blade_master/pnx/pnx_dart_ros2/install/light_detector/include/pnp_solver.hpp
[24.835s] -- Symlinking: /home/blade_master/pnx/pnx_dart_ros2/install/light_detector/include/pnp_solver.hpp:Zone.Identifier
[24.840s] -- Symlinking: /home/blade_master/pnx/pnx_dart_ros2/install/light_detector/share/light_detector/environment/library_path.sh
[24.845s] -- Symlinking: /home/blade_master/pnx/pnx_dart_ros2/install/light_detector/share/light_detector/environment/library_path.dsv
[24.852s] -- Symlinking: /home/blade_master/pnx/pnx_dart_ros2/install/light_detector/lib/liblight_detector.so
[24.859s] -- Symlinking: /home/blade_master/pnx/pnx_dart_ros2/install/light_detector/share/ament_index/resource_index/package_run_dependencies/light_detector
[24.866s] -- Symlinking: /home/blade_master/pnx/pnx_dart_ros2/install/light_detector/share/ament_index/resource_index/parent_prefix_path/light_detector
[24.873s] -- Symlinking: /home/blade_master/pnx/pnx_dart_ros2/install/light_detector/share/light_detector/environment/ament_prefix_path.sh
[24.879s] -- Symlinking: /home/blade_master/pnx/pnx_dart_ros2/install/light_detector/share/light_detector/environment/ament_prefix_path.dsv
[24.884s] -- Symlinking: /home/blade_master/pnx/pnx_dart_ros2/install/light_detector/share/light_detector/environment/path.sh
[24.890s] -- Symlinking: /home/blade_master/pnx/pnx_dart_ros2/install/light_detector/share/light_detector/environment/path.dsv
[24.895s] -- Symlinking: /home/blade_master/pnx/pnx_dart_ros2/install/light_detector/share/light_detector/local_setup.bash
[24.902s] -- Symlinking: /home/blade_master/pnx/pnx_dart_ros2/install/light_detector/share/light_detector/local_setup.sh
[24.907s] -- Symlinking: /home/blade_master/pnx/pnx_dart_ros2/install/light_detector/share/light_detector/local_setup.zsh
[24.912s] -- Symlinking: /home/blade_master/pnx/pnx_dart_ros2/install/light_detector/share/light_detector/local_setup.dsv
[24.917s] -- Symlinking: /home/blade_master/pnx/pnx_dart_ros2/install/light_detector/share/light_detector/package.dsv
[24.923s] -- Symlinking: /home/blade_master/pnx/pnx_dart_ros2/install/light_detector/share/ament_index/resource_index/packages/light_detector
[24.928s] -- Symlinking: /home/blade_master/pnx/pnx_dart_ros2/install/light_detector/share/ament_index/resource_index/rclcpp_components/light_detector
[24.933s] -- Symlinking: /home/blade_master/pnx/pnx_dart_ros2/install/light_detector/share/light_detector/cmake/ament_cmake_export_dependencies-extras.cmake
[24.938s] -- Symlinking: /home/blade_master/pnx/pnx_dart_ros2/install/light_detector/share/light_detector/cmake/ament_cmake_export_include_directories-extras.cmake
[24.943s] -- Symlinking: /home/blade_master/pnx/pnx_dart_ros2/install/light_detector/share/light_detector/cmake/ament_cmake_export_libraries-extras.cmake
[24.949s] -- Symlinking: /home/blade_master/pnx/pnx_dart_ros2/install/light_detector/share/light_detector/cmake/light_detectorConfig.cmake
[24.956s] -- Symlinking: /home/blade_master/pnx/pnx_dart_ros2/install/light_detector/share/light_detector/cmake/light_detectorConfig-version.cmake
[24.961s] -- Symlinking: /home/blade_master/pnx/pnx_dart_ros2/install/light_detector/share/light_detector/package.xml
[24.969s] Invoked command in '/home/blade_master/pnx/pnx_dart_ros2/build/light_detector' returned '0': AMENT_PREFIX_PATH=/home/blade_master/pnx/pnx_dart_ros2/install/auto_aim_interfaces:${AMENT_PREFIX_PATH} CMAKE_PREFIX_PATH=/home/blade_master/pnx/pnx_dart_ros2/install/auto_aim_interfaces:/opt/ros/humble LD_LIBRARY_PATH=/home/blade_master/pnx/pnx_dart_ros2/install/auto_aim_interfaces/lib:/opt/MVS/lib/64:/opt/MVS/lib/32:/opt/ros/humble/opt/rviz_ogre_vendor/lib:/opt/MVS/lib/64:/opt/MVS/lib/32:/opt/MVS/lib/64:/opt/MVS/lib/32:/opt/ros/humble/lib/x86_64-linux-gnu:/opt/ros/humble/lib:/opt/MVS/lib/64:/opt/MVS/lib/32 PYTHONPATH=/home/blade_master/pnx/pnx_dart_ros2/install/auto_aim_interfaces/local/lib/python3.10/dist-packages:${PYTHONPATH} /usr/bin/cmake --install /home/blade_master/pnx/pnx_dart_ros2/build/light_detector
