[0.067s] Invoking command in '/home/blade_master/pnx/pnx_dart_ros2/build/rm_serial_driver': AMENT_PREFIX_PATH=/home/blade_master/pnx/pnx_dart_ros2/install/auto_aim_interfaces:${AMENT_PREFIX_PATH} CMAKE_PREFIX_PATH=/home/blade_master/pnx/pnx_dart_ros2/install/auto_aim_interfaces:/opt/ros/humble LD_LIBRARY_PATH=/home/blade_master/pnx/pnx_dart_ros2/install/auto_aim_interfaces/lib:/opt/MVS/lib/64:/opt/MVS/lib/32:/opt/MVS/lib/64:/opt/MVS/lib/32:/opt/MVS/lib/64:/opt/MVS/lib/32:/opt/MVS/lib/64:/opt/MVS/lib/32:/opt/ros/humble/opt/rviz_ogre_vendor/lib:/opt/ros/humble/lib/x86_64-linux-gnu:/opt/ros/humble/lib:/opt/MVS/lib/64:/opt/MVS/lib/32 PYTHONPATH=/home/blade_master/pnx/pnx_dart_ros2/install/auto_aim_interfaces/local/lib/python3.10/dist-packages:${PYTHONPATH} /usr/bin/cmake /home/blade_master/pnx/pnx_dart_ros2/src/rm_serial_driver -DAMENT_CMAKE_SYMLINK_INSTALL=1 -DCMAKE_INSTALL_PREFIX=/home/blade_master/pnx/pnx_dart_ros2/install/rm_serial_driver
[0.158s] -- The C compiler identification is GNU 11.4.0
[0.489s] -- The CXX compiler identification is GNU 11.4.0
[0.840s] -- Detecting C compiler ABI info
[0.946s] -- Detecting C compiler ABI info - done
[0.952s] -- Check for working C compiler: /usr/bin/cc - skipped
[0.952s] -- Detecting C compile features
[0.952s] -- Detecting C compile features - done
[0.955s] -- Detecting CXX compiler ABI info
[1.076s] -- Detecting CXX compiler ABI info - done
[1.083s] -- Check for working CXX compiler: /usr/bin/c++ - skipped
[1.083s] -- Detecting CXX compile features
[1.083s] -- Detecting CXX compile features - done
[1.086s] -- Found ament_cmake_auto: 1.3.11 (/opt/ros/humble/share/ament_cmake_auto/cmake)
[1.234s] -- Found Python3: /usr/bin/python3 (found version "3.10.12") found components: Interpreter 
[1.288s] -- Override CMake install command with custom implementation using symlinks instead of copying resources
[1.303s] -- Found auto_aim_interfaces: 0.0.0 (/home/blade_master/pnx/pnx_dart_ros2/install/auto_aim_interfaces/share/auto_aim_interfaces/cmake)
[1.476s] -- Found rosidl_generator_c: 3.1.6 (/opt/ros/humble/share/rosidl_generator_c/cmake)
[1.479s] -- Found rosidl_adapter: 3.1.6 (/opt/ros/humble/share/rosidl_adapter/cmake)
[1.484s] -- Found rosidl_generator_cpp: 3.1.6 (/opt/ros/humble/share/rosidl_generator_cpp/cmake)
[1.492s] -- Using all available rosidl_typesupport_c: rosidl_typesupport_fastrtps_c;rosidl_typesupport_introspection_c
[1.501s] -- Using all available rosidl_typesupport_cpp: rosidl_typesupport_fastrtps_cpp;rosidl_typesupport_introspection_cpp
[1.640s] -- Found rmw_implementation_cmake: 6.1.2 (/opt/ros/humble/share/rmw_implementation_cmake/cmake)
[1.642s] -- Found rmw_fastrtps_cpp: 6.2.7 (/opt/ros/humble/share/rmw_fastrtps_cpp/cmake)
[3.026s] -- Found OpenSSL: /usr/lib/x86_64-linux-gnu/libcrypto.so (found version "3.0.2")  
[4.752s] -- Found FastRTPS: /opt/ros/humble/include  
[8.520s] -- Using RMW implementation 'rmw_fastrtps_cpp' as default
[8.526s] -- Looking for pthread.h
[8.682s] -- Looking for pthread.h - found
[8.682s] -- Performing Test CMAKE_HAVE_LIBC_PTHREAD
[8.804s] -- Performing Test CMAKE_HAVE_LIBC_PTHREAD - Success
[8.805s] -- Found Threads: TRUE  
[8.876s] -- Found asio_cmake_module: 1.2.0 (/opt/ros/humble/share/asio_cmake_module/cmake)
[8.904s] -- Found ASIO: /usr/include  
[9.055s] -- Found eigen3_cmake_module: 0.1.1 (/opt/ros/humble/share/eigen3_cmake_module/cmake)
[9.057s] -- Found Eigen3: TRUE (found version "3.4.0") 
[9.057s] -- Ensuring Eigen3 include directory is part of orocos-kdl CMake target
[9.102s] -- Found ament_lint_auto: 0.12.12 (/opt/ros/humble/share/ament_lint_auto/cmake)
[9.120s] -- Added test 'cppcheck' to perform static code analysis on C / C++ code
[9.120s] -- Configured cppcheck include dirs: /home/blade_master/pnx/pnx_dart_ros2/src/rm_serial_driver/include
[9.120s] -- Configured cppcheck exclude dirs and/or files: 
[9.121s] -- Added test 'cpplint' to check C / C++ code against the Google style
[9.121s] -- Configured cpplint exclude dirs and/or files: 
[9.121s] -- Added test 'flake8' to check Python code syntax and style conventions
[9.121s] -- Added test 'lint_cmake' to check CMake code style
[9.122s] -- Added test 'pep257' to check Python code against some of the docstring style conventions in PEP 257
[9.122s] -- Added test 'xmllint' to check XML markup files
[9.124s] -- Added test 'clang_format' to check C / C++ code style
[9.128s] -- Configuring done
[9.170s] -- Generating done
[9.175s] -- Build files have been written to: /home/blade_master/pnx/pnx_dart_ros2/build/rm_serial_driver
[9.186s] Invoked command in '/home/blade_master/pnx/pnx_dart_ros2/build/rm_serial_driver' returned '0': AMENT_PREFIX_PATH=/home/blade_master/pnx/pnx_dart_ros2/install/auto_aim_interfaces:${AMENT_PREFIX_PATH} CMAKE_PREFIX_PATH=/home/blade_master/pnx/pnx_dart_ros2/install/auto_aim_interfaces:/opt/ros/humble LD_LIBRARY_PATH=/home/blade_master/pnx/pnx_dart_ros2/install/auto_aim_interfaces/lib:/opt/MVS/lib/64:/opt/MVS/lib/32:/opt/MVS/lib/64:/opt/MVS/lib/32:/opt/MVS/lib/64:/opt/MVS/lib/32:/opt/MVS/lib/64:/opt/MVS/lib/32:/opt/ros/humble/opt/rviz_ogre_vendor/lib:/opt/ros/humble/lib/x86_64-linux-gnu:/opt/ros/humble/lib:/opt/MVS/lib/64:/opt/MVS/lib/32 PYTHONPATH=/home/blade_master/pnx/pnx_dart_ros2/install/auto_aim_interfaces/local/lib/python3.10/dist-packages:${PYTHONPATH} /usr/bin/cmake /home/blade_master/pnx/pnx_dart_ros2/src/rm_serial_driver -DAMENT_CMAKE_SYMLINK_INSTALL=1 -DCMAKE_INSTALL_PREFIX=/home/blade_master/pnx/pnx_dart_ros2/install/rm_serial_driver
[9.188s] Invoking command in '/home/blade_master/pnx/pnx_dart_ros2/build/rm_serial_driver': AMENT_PREFIX_PATH=/home/blade_master/pnx/pnx_dart_ros2/install/auto_aim_interfaces:${AMENT_PREFIX_PATH} CMAKE_PREFIX_PATH=/home/blade_master/pnx/pnx_dart_ros2/install/auto_aim_interfaces:/opt/ros/humble LD_LIBRARY_PATH=/home/blade_master/pnx/pnx_dart_ros2/install/auto_aim_interfaces/lib:/opt/MVS/lib/64:/opt/MVS/lib/32:/opt/MVS/lib/64:/opt/MVS/lib/32:/opt/MVS/lib/64:/opt/MVS/lib/32:/opt/MVS/lib/64:/opt/MVS/lib/32:/opt/ros/humble/opt/rviz_ogre_vendor/lib:/opt/ros/humble/lib/x86_64-linux-gnu:/opt/ros/humble/lib:/opt/MVS/lib/64:/opt/MVS/lib/32 PYTHONPATH=/home/blade_master/pnx/pnx_dart_ros2/install/auto_aim_interfaces/local/lib/python3.10/dist-packages:${PYTHONPATH} /usr/bin/cmake --build /home/blade_master/pnx/pnx_dart_ros2/build/rm_serial_driver -- -j22 -l22
[9.221s] [ 40%] [32mBuilding CXX object CMakeFiles/rm_serial_driver.dir/src/crc.cpp.o[0m
[9.221s] [ 40%] [32mBuilding CXX object CMakeFiles/rm_serial_driver.dir/src/rm_serial_driver.cpp.o[0m
[9.221s] [ 60%] [32mBuilding CXX object CMakeFiles/rm_serial_driver_node.dir/rclcpp_components/node_main_rm_serial_driver_node.cpp.o[0m
[12.208s] [ 80%] [32m[1mLinking CXX executable rm_serial_driver_node[0m
[12.452s] [ 80%] Built target rm_serial_driver_node
[20.394s] [100%] [32m[1mLinking CXX shared library librm_serial_driver.so[0m
[21.119s] [100%] Built target rm_serial_driver
[21.127s] Invoked command in '/home/blade_master/pnx/pnx_dart_ros2/build/rm_serial_driver' returned '0': AMENT_PREFIX_PATH=/home/blade_master/pnx/pnx_dart_ros2/install/auto_aim_interfaces:${AMENT_PREFIX_PATH} CMAKE_PREFIX_PATH=/home/blade_master/pnx/pnx_dart_ros2/install/auto_aim_interfaces:/opt/ros/humble LD_LIBRARY_PATH=/home/blade_master/pnx/pnx_dart_ros2/install/auto_aim_interfaces/lib:/opt/MVS/lib/64:/opt/MVS/lib/32:/opt/MVS/lib/64:/opt/MVS/lib/32:/opt/MVS/lib/64:/opt/MVS/lib/32:/opt/MVS/lib/64:/opt/MVS/lib/32:/opt/ros/humble/opt/rviz_ogre_vendor/lib:/opt/ros/humble/lib/x86_64-linux-gnu:/opt/ros/humble/lib:/opt/MVS/lib/64:/opt/MVS/lib/32 PYTHONPATH=/home/blade_master/pnx/pnx_dart_ros2/install/auto_aim_interfaces/local/lib/python3.10/dist-packages:${PYTHONPATH} /usr/bin/cmake --build /home/blade_master/pnx/pnx_dart_ros2/build/rm_serial_driver -- -j22 -l22
[21.130s] Invoking command in '/home/blade_master/pnx/pnx_dart_ros2/build/rm_serial_driver': AMENT_PREFIX_PATH=/home/blade_master/pnx/pnx_dart_ros2/install/auto_aim_interfaces:${AMENT_PREFIX_PATH} CMAKE_PREFIX_PATH=/home/blade_master/pnx/pnx_dart_ros2/install/auto_aim_interfaces:/opt/ros/humble LD_LIBRARY_PATH=/home/blade_master/pnx/pnx_dart_ros2/install/auto_aim_interfaces/lib:/opt/MVS/lib/64:/opt/MVS/lib/32:/opt/MVS/lib/64:/opt/MVS/lib/32:/opt/MVS/lib/64:/opt/MVS/lib/32:/opt/MVS/lib/64:/opt/MVS/lib/32:/opt/ros/humble/opt/rviz_ogre_vendor/lib:/opt/ros/humble/lib/x86_64-linux-gnu:/opt/ros/humble/lib:/opt/MVS/lib/64:/opt/MVS/lib/32 PYTHONPATH=/home/blade_master/pnx/pnx_dart_ros2/install/auto_aim_interfaces/local/lib/python3.10/dist-packages:${PYTHONPATH} /usr/bin/cmake --install /home/blade_master/pnx/pnx_dart_ros2/build/rm_serial_driver
[21.134s] -- Install configuration: ""
[21.134s] -- Execute custom install script
[21.135s] -- Symlinking: /home/blade_master/pnx/pnx_dart_ros2/install/rm_serial_driver/lib/rm_serial_driver/rm_serial_driver_node
[21.142s] -- Symlinking: /home/blade_master/pnx/pnx_dart_ros2/install/rm_serial_driver/include/crc.hpp
[21.148s] -- Symlinking: /home/blade_master/pnx/pnx_dart_ros2/install/rm_serial_driver/include/packet.hpp
[21.153s] -- Symlinking: /home/blade_master/pnx/pnx_dart_ros2/install/rm_serial_driver/include/rm_serial_driver.hpp
[21.160s] -- Symlinking: /home/blade_master/pnx/pnx_dart_ros2/install/rm_serial_driver/share/rm_serial_driver/environment/library_path.sh
[21.166s] -- Symlinking: /home/blade_master/pnx/pnx_dart_ros2/install/rm_serial_driver/share/rm_serial_driver/environment/library_path.dsv
[21.171s] -- Symlinking: /home/blade_master/pnx/pnx_dart_ros2/install/rm_serial_driver/lib/librm_serial_driver.so
[21.178s] -- Symlinking: /home/blade_master/pnx/pnx_dart_ros2/install/rm_serial_driver/share/rm_serial_driver/config/serial_driver.yaml
[21.184s] -- Symlinking: /home/blade_master/pnx/pnx_dart_ros2/install/rm_serial_driver/share/rm_serial_driver/launch/serial_driver.launch.py
[21.193s] -- Symlinking: /home/blade_master/pnx/pnx_dart_ros2/install/rm_serial_driver/share/ament_index/resource_index/package_run_dependencies/rm_serial_driver
[21.202s] -- Symlinking: /home/blade_master/pnx/pnx_dart_ros2/install/rm_serial_driver/share/ament_index/resource_index/parent_prefix_path/rm_serial_driver
[21.208s] -- Symlinking: /home/blade_master/pnx/pnx_dart_ros2/install/rm_serial_driver/share/rm_serial_driver/environment/ament_prefix_path.sh
[21.217s] -- Symlinking: /home/blade_master/pnx/pnx_dart_ros2/install/rm_serial_driver/share/rm_serial_driver/environment/ament_prefix_path.dsv
[21.226s] -- Symlinking: /home/blade_master/pnx/pnx_dart_ros2/install/rm_serial_driver/share/rm_serial_driver/environment/path.sh
[21.233s] -- Symlinking: /home/blade_master/pnx/pnx_dart_ros2/install/rm_serial_driver/share/rm_serial_driver/environment/path.dsv
[21.241s] -- Symlinking: /home/blade_master/pnx/pnx_dart_ros2/install/rm_serial_driver/share/rm_serial_driver/local_setup.bash
[21.249s] -- Symlinking: /home/blade_master/pnx/pnx_dart_ros2/install/rm_serial_driver/share/rm_serial_driver/local_setup.sh
[21.254s] -- Symlinking: /home/blade_master/pnx/pnx_dart_ros2/install/rm_serial_driver/share/rm_serial_driver/local_setup.zsh
[21.263s] -- Symlinking: /home/blade_master/pnx/pnx_dart_ros2/install/rm_serial_driver/share/rm_serial_driver/local_setup.dsv
[21.272s] -- Symlinking: /home/blade_master/pnx/pnx_dart_ros2/install/rm_serial_driver/share/rm_serial_driver/package.dsv
[21.279s] -- Symlinking: /home/blade_master/pnx/pnx_dart_ros2/install/rm_serial_driver/share/ament_index/resource_index/packages/rm_serial_driver
[21.285s] -- Symlinking: /home/blade_master/pnx/pnx_dart_ros2/install/rm_serial_driver/share/ament_index/resource_index/rclcpp_components/rm_serial_driver
[21.292s] -- Symlinking: /home/blade_master/pnx/pnx_dart_ros2/install/rm_serial_driver/share/rm_serial_driver/cmake/ament_cmake_export_dependencies-extras.cmake
[21.299s] -- Symlinking: /home/blade_master/pnx/pnx_dart_ros2/install/rm_serial_driver/share/rm_serial_driver/cmake/ament_cmake_export_include_directories-extras.cmake
[21.309s] -- Symlinking: /home/blade_master/pnx/pnx_dart_ros2/install/rm_serial_driver/share/rm_serial_driver/cmake/ament_cmake_export_libraries-extras.cmake
[21.316s] -- Symlinking: /home/blade_master/pnx/pnx_dart_ros2/install/rm_serial_driver/share/rm_serial_driver/cmake/rm_serial_driverConfig.cmake
[21.322s] -- Symlinking: /home/blade_master/pnx/pnx_dart_ros2/install/rm_serial_driver/share/rm_serial_driver/cmake/rm_serial_driverConfig-version.cmake
[21.333s] -- Symlinking: /home/blade_master/pnx/pnx_dart_ros2/install/rm_serial_driver/share/rm_serial_driver/package.xml
[21.342s] Invoked command in '/home/blade_master/pnx/pnx_dart_ros2/build/rm_serial_driver' returned '0': AMENT_PREFIX_PATH=/home/blade_master/pnx/pnx_dart_ros2/install/auto_aim_interfaces:${AMENT_PREFIX_PATH} CMAKE_PREFIX_PATH=/home/blade_master/pnx/pnx_dart_ros2/install/auto_aim_interfaces:/opt/ros/humble LD_LIBRARY_PATH=/home/blade_master/pnx/pnx_dart_ros2/install/auto_aim_interfaces/lib:/opt/MVS/lib/64:/opt/MVS/lib/32:/opt/MVS/lib/64:/opt/MVS/lib/32:/opt/MVS/lib/64:/opt/MVS/lib/32:/opt/MVS/lib/64:/opt/MVS/lib/32:/opt/ros/humble/opt/rviz_ogre_vendor/lib:/opt/ros/humble/lib/x86_64-linux-gnu:/opt/ros/humble/lib:/opt/MVS/lib/64:/opt/MVS/lib/32 PYTHONPATH=/home/blade_master/pnx/pnx_dart_ros2/install/auto_aim_interfaces/local/lib/python3.10/dist-packages:${PYTHONPATH} /usr/bin/cmake --install /home/blade_master/pnx/pnx_dart_ros2/build/rm_serial_driver
