[0.038s] Invoking command in '/home/blade_master/pnx/pnx_dart_ros2/build/rm_serial_driver': AMENT_PREFIX_PATH=/home/blade_master/pnx/pnx_dart_ros2/install/auto_aim_interfaces:${AMENT_PREFIX_PATH} CMAKE_PREFIX_PATH=/home/blade_master/pnx/pnx_dart_ros2/install/auto_aim_interfaces:/opt/ros/humble LD_LIBRARY_PATH=/home/blade_master/pnx/pnx_dart_ros2/install/auto_aim_interfaces/lib:/opt/MVS/lib/64:/opt/MVS/lib/32:/opt/ros/humble/opt/rviz_ogre_vendor/lib:/opt/MVS/lib/64:/opt/MVS/lib/32:/opt/MVS/lib/64:/opt/MVS/lib/32:/opt/ros/humble/lib/x86_64-linux-gnu:/opt/ros/humble/lib:/opt/MVS/lib/64:/opt/MVS/lib/32 PYTHONPATH=/home/blade_master/pnx/pnx_dart_ros2/install/auto_aim_interfaces/local/lib/python3.10/dist-packages:${PYTHONPATH} /usr/bin/cmake /home/blade_master/pnx/pnx_dart_ros2/src/rm_serial_driver -DAMENT_CMAKE_SYMLINK_INSTALL=1 -DCMAKE_INSTALL_PREFIX=/home/blade_master/pnx/pnx_dart_ros2/install/rm_serial_driver
[0.110s] -- The C compiler identification is GNU 11.4.0
[0.320s] -- The CXX compiler identification is GNU 11.4.0
[0.441s] -- Detecting C compiler ABI info
[0.527s] -- Detecting C compiler ABI info - done
[0.533s] -- Check for working C compiler: /usr/bin/cc - skipped
[0.533s] -- Detecting C compile features
[0.533s] -- Detecting C compile features - done
[0.536s] -- Detecting CXX compiler ABI info
[0.631s] -- Detecting CXX compiler ABI info - done
[0.636s] -- Check for working CXX compiler: /usr/bin/c++ - skipped
[0.637s] -- Detecting CXX compile features
[0.637s] -- Detecting CXX compile features - done
[0.638s] -- Found ament_cmake_auto: 1.3.11 (/opt/ros/humble/share/ament_cmake_auto/cmake)
[0.779s] -- Found Python3: /usr/bin/python3 (found version "3.10.12") found components: Interpreter 
[0.836s] -- Override CMake install command with custom implementation using symlinks instead of copying resources
[0.855s] -- Found auto_aim_interfaces: 0.0.0 (/home/blade_master/pnx/pnx_dart_ros2/install/auto_aim_interfaces/share/auto_aim_interfaces/cmake)
[0.958s] -- Found rosidl_generator_c: 3.1.6 (/opt/ros/humble/share/rosidl_generator_c/cmake)
[0.961s] -- Found rosidl_adapter: 3.1.6 (/opt/ros/humble/share/rosidl_adapter/cmake)
[0.967s] -- Found rosidl_generator_cpp: 3.1.6 (/opt/ros/humble/share/rosidl_generator_cpp/cmake)
[0.975s] -- Using all available rosidl_typesupport_c: rosidl_typesupport_fastrtps_c;rosidl_typesupport_introspection_c
[0.986s] -- Using all available rosidl_typesupport_cpp: rosidl_typesupport_fastrtps_cpp;rosidl_typesupport_introspection_cpp
[1.142s] -- Found rmw_implementation_cmake: 6.1.2 (/opt/ros/humble/share/rmw_implementation_cmake/cmake)
[1.144s] -- Found rmw_fastrtps_cpp: 6.2.7 (/opt/ros/humble/share/rmw_fastrtps_cpp/cmake)
[2.032s] -- Found OpenSSL: /usr/lib/x86_64-linux-gnu/libcrypto.so (found version "3.0.2")  
[2.826s] -- Found FastRTPS: /opt/ros/humble/include  
[4.404s] -- Using RMW implementation 'rmw_fastrtps_cpp' as default
[4.411s] -- Looking for pthread.h
[4.498s] -- Looking for pthread.h - found
[4.498s] -- Performing Test CMAKE_HAVE_LIBC_PTHREAD
[4.602s] -- Performing Test CMAKE_HAVE_LIBC_PTHREAD - Success
[4.603s] -- Found Threads: TRUE  
[4.678s] -- Found asio_cmake_module: 1.2.0 (/opt/ros/humble/share/asio_cmake_module/cmake)
[4.702s] -- Found ASIO: /usr/include  
[4.808s] -- Found eigen3_cmake_module: 0.1.1 (/opt/ros/humble/share/eigen3_cmake_module/cmake)
[4.809s] -- Found Eigen3: TRUE (found version "3.4.0") 
[4.809s] -- Ensuring Eigen3 include directory is part of orocos-kdl CMake target
[4.841s] -- Found ament_lint_auto: 0.12.12 (/opt/ros/humble/share/ament_lint_auto/cmake)
[4.856s] -- Added test 'cppcheck' to perform static code analysis on C / C++ code
[4.856s] -- Configured cppcheck include dirs: /home/blade_master/pnx/pnx_dart_ros2/src/rm_serial_driver/include
[4.856s] -- Configured cppcheck exclude dirs and/or files: 
[4.857s] -- Added test 'cpplint' to check C / C++ code against the Google style
[4.857s] -- Configured cpplint exclude dirs and/or files: 
[4.857s] -- Added test 'flake8' to check Python code syntax and style conventions
[4.858s] -- Added test 'lint_cmake' to check CMake code style
[4.858s] -- Added test 'pep257' to check Python code against some of the docstring style conventions in PEP 257
[4.859s] -- Added test 'xmllint' to check XML markup files
[4.859s] -- Added test 'clang_format' to check C / C++ code style
[4.862s] -- Configuring done
[4.891s] -- Generating done
[4.899s] -- Build files have been written to: /home/blade_master/pnx/pnx_dart_ros2/build/rm_serial_driver
[4.914s] Invoked command in '/home/blade_master/pnx/pnx_dart_ros2/build/rm_serial_driver' returned '0': AMENT_PREFIX_PATH=/home/blade_master/pnx/pnx_dart_ros2/install/auto_aim_interfaces:${AMENT_PREFIX_PATH} CMAKE_PREFIX_PATH=/home/blade_master/pnx/pnx_dart_ros2/install/auto_aim_interfaces:/opt/ros/humble LD_LIBRARY_PATH=/home/blade_master/pnx/pnx_dart_ros2/install/auto_aim_interfaces/lib:/opt/MVS/lib/64:/opt/MVS/lib/32:/opt/ros/humble/opt/rviz_ogre_vendor/lib:/opt/MVS/lib/64:/opt/MVS/lib/32:/opt/MVS/lib/64:/opt/MVS/lib/32:/opt/ros/humble/lib/x86_64-linux-gnu:/opt/ros/humble/lib:/opt/MVS/lib/64:/opt/MVS/lib/32 PYTHONPATH=/home/blade_master/pnx/pnx_dart_ros2/install/auto_aim_interfaces/local/lib/python3.10/dist-packages:${PYTHONPATH} /usr/bin/cmake /home/blade_master/pnx/pnx_dart_ros2/src/rm_serial_driver -DAMENT_CMAKE_SYMLINK_INSTALL=1 -DCMAKE_INSTALL_PREFIX=/home/blade_master/pnx/pnx_dart_ros2/install/rm_serial_driver
[4.916s] Invoking command in '/home/blade_master/pnx/pnx_dart_ros2/build/rm_serial_driver': AMENT_PREFIX_PATH=/home/blade_master/pnx/pnx_dart_ros2/install/auto_aim_interfaces:${AMENT_PREFIX_PATH} CMAKE_PREFIX_PATH=/home/blade_master/pnx/pnx_dart_ros2/install/auto_aim_interfaces:/opt/ros/humble LD_LIBRARY_PATH=/home/blade_master/pnx/pnx_dart_ros2/install/auto_aim_interfaces/lib:/opt/MVS/lib/64:/opt/MVS/lib/32:/opt/ros/humble/opt/rviz_ogre_vendor/lib:/opt/MVS/lib/64:/opt/MVS/lib/32:/opt/MVS/lib/64:/opt/MVS/lib/32:/opt/ros/humble/lib/x86_64-linux-gnu:/opt/ros/humble/lib:/opt/MVS/lib/64:/opt/MVS/lib/32 PYTHONPATH=/home/blade_master/pnx/pnx_dart_ros2/install/auto_aim_interfaces/local/lib/python3.10/dist-packages:${PYTHONPATH} /usr/bin/cmake --build /home/blade_master/pnx/pnx_dart_ros2/build/rm_serial_driver -- -j22 -l22
[4.962s] [ 40%] [32mBuilding CXX object CMakeFiles/rm_serial_driver.dir/src/rm_serial_driver.cpp.o[0m
[4.962s] [ 40%] [32mBuilding CXX object CMakeFiles/rm_serial_driver_node.dir/rclcpp_components/node_main_rm_serial_driver_node.cpp.o[0m
[4.963s] [ 60%] [32mBuilding CXX object CMakeFiles/rm_serial_driver.dir/src/crc.cpp.o[0m
[8.474s] [ 80%] [32m[1mLinking CXX executable rm_serial_driver_node[0m
[8.675s] [ 80%] Built target rm_serial_driver_node
[16.345s] [100%] [32m[1mLinking CXX shared library librm_serial_driver.so[0m
[16.941s] [100%] Built target rm_serial_driver
[16.949s] Invoked command in '/home/blade_master/pnx/pnx_dart_ros2/build/rm_serial_driver' returned '0': AMENT_PREFIX_PATH=/home/blade_master/pnx/pnx_dart_ros2/install/auto_aim_interfaces:${AMENT_PREFIX_PATH} CMAKE_PREFIX_PATH=/home/blade_master/pnx/pnx_dart_ros2/install/auto_aim_interfaces:/opt/ros/humble LD_LIBRARY_PATH=/home/blade_master/pnx/pnx_dart_ros2/install/auto_aim_interfaces/lib:/opt/MVS/lib/64:/opt/MVS/lib/32:/opt/ros/humble/opt/rviz_ogre_vendor/lib:/opt/MVS/lib/64:/opt/MVS/lib/32:/opt/MVS/lib/64:/opt/MVS/lib/32:/opt/ros/humble/lib/x86_64-linux-gnu:/opt/ros/humble/lib:/opt/MVS/lib/64:/opt/MVS/lib/32 PYTHONPATH=/home/blade_master/pnx/pnx_dart_ros2/install/auto_aim_interfaces/local/lib/python3.10/dist-packages:${PYTHONPATH} /usr/bin/cmake --build /home/blade_master/pnx/pnx_dart_ros2/build/rm_serial_driver -- -j22 -l22
[16.951s] Invoking command in '/home/blade_master/pnx/pnx_dart_ros2/build/rm_serial_driver': AMENT_PREFIX_PATH=/home/blade_master/pnx/pnx_dart_ros2/install/auto_aim_interfaces:${AMENT_PREFIX_PATH} CMAKE_PREFIX_PATH=/home/blade_master/pnx/pnx_dart_ros2/install/auto_aim_interfaces:/opt/ros/humble LD_LIBRARY_PATH=/home/blade_master/pnx/pnx_dart_ros2/install/auto_aim_interfaces/lib:/opt/MVS/lib/64:/opt/MVS/lib/32:/opt/ros/humble/opt/rviz_ogre_vendor/lib:/opt/MVS/lib/64:/opt/MVS/lib/32:/opt/MVS/lib/64:/opt/MVS/lib/32:/opt/ros/humble/lib/x86_64-linux-gnu:/opt/ros/humble/lib:/opt/MVS/lib/64:/opt/MVS/lib/32 PYTHONPATH=/home/blade_master/pnx/pnx_dart_ros2/install/auto_aim_interfaces/local/lib/python3.10/dist-packages:${PYTHONPATH} /usr/bin/cmake --install /home/blade_master/pnx/pnx_dart_ros2/build/rm_serial_driver
[16.956s] -- Install configuration: ""
[16.956s] -- Execute custom install script
[16.957s] -- Symlinking: /home/blade_master/pnx/pnx_dart_ros2/install/rm_serial_driver/lib/rm_serial_driver/rm_serial_driver_node
[16.964s] -- Symlinking: /home/blade_master/pnx/pnx_dart_ros2/install/rm_serial_driver/include/crc.hpp
[16.970s] -- Symlinking: /home/blade_master/pnx/pnx_dart_ros2/install/rm_serial_driver/include/packet.hpp
[16.977s] -- Symlinking: /home/blade_master/pnx/pnx_dart_ros2/install/rm_serial_driver/include/rm_serial_driver.hpp
[16.983s] -- Symlinking: /home/blade_master/pnx/pnx_dart_ros2/install/rm_serial_driver/share/rm_serial_driver/environment/library_path.sh
[16.989s] -- Symlinking: /home/blade_master/pnx/pnx_dart_ros2/install/rm_serial_driver/share/rm_serial_driver/environment/library_path.dsv
[16.995s] -- Symlinking: /home/blade_master/pnx/pnx_dart_ros2/install/rm_serial_driver/lib/librm_serial_driver.so
[17.001s] -- Symlinking: /home/blade_master/pnx/pnx_dart_ros2/install/rm_serial_driver/share/rm_serial_driver/config/serial_driver.yaml
[17.007s] -- Symlinking: /home/blade_master/pnx/pnx_dart_ros2/install/rm_serial_driver/share/rm_serial_driver/launch/serial_driver.launch.py
[17.013s] -- Symlinking: /home/blade_master/pnx/pnx_dart_ros2/install/rm_serial_driver/share/ament_index/resource_index/package_run_dependencies/rm_serial_driver
[17.018s] -- Symlinking: /home/blade_master/pnx/pnx_dart_ros2/install/rm_serial_driver/share/ament_index/resource_index/parent_prefix_path/rm_serial_driver
[17.023s] -- Symlinking: /home/blade_master/pnx/pnx_dart_ros2/install/rm_serial_driver/share/rm_serial_driver/environment/ament_prefix_path.sh
[17.030s] -- Symlinking: /home/blade_master/pnx/pnx_dart_ros2/install/rm_serial_driver/share/rm_serial_driver/environment/ament_prefix_path.dsv
[17.036s] -- Symlinking: /home/blade_master/pnx/pnx_dart_ros2/install/rm_serial_driver/share/rm_serial_driver/environment/path.sh
[17.041s] -- Symlinking: /home/blade_master/pnx/pnx_dart_ros2/install/rm_serial_driver/share/rm_serial_driver/environment/path.dsv
[17.047s] -- Symlinking: /home/blade_master/pnx/pnx_dart_ros2/install/rm_serial_driver/share/rm_serial_driver/local_setup.bash
[17.052s] -- Symlinking: /home/blade_master/pnx/pnx_dart_ros2/install/rm_serial_driver/share/rm_serial_driver/local_setup.sh
[17.058s] -- Symlinking: /home/blade_master/pnx/pnx_dart_ros2/install/rm_serial_driver/share/rm_serial_driver/local_setup.zsh
[17.064s] -- Symlinking: /home/blade_master/pnx/pnx_dart_ros2/install/rm_serial_driver/share/rm_serial_driver/local_setup.dsv
[17.070s] -- Symlinking: /home/blade_master/pnx/pnx_dart_ros2/install/rm_serial_driver/share/rm_serial_driver/package.dsv
[17.077s] -- Symlinking: /home/blade_master/pnx/pnx_dart_ros2/install/rm_serial_driver/share/ament_index/resource_index/packages/rm_serial_driver
[17.083s] -- Symlinking: /home/blade_master/pnx/pnx_dart_ros2/install/rm_serial_driver/share/ament_index/resource_index/rclcpp_components/rm_serial_driver
[17.089s] -- Symlinking: /home/blade_master/pnx/pnx_dart_ros2/install/rm_serial_driver/share/rm_serial_driver/cmake/ament_cmake_export_dependencies-extras.cmake
[17.094s] -- Symlinking: /home/blade_master/pnx/pnx_dart_ros2/install/rm_serial_driver/share/rm_serial_driver/cmake/ament_cmake_export_include_directories-extras.cmake
[17.100s] -- Symlinking: /home/blade_master/pnx/pnx_dart_ros2/install/rm_serial_driver/share/rm_serial_driver/cmake/ament_cmake_export_libraries-extras.cmake
[17.105s] -- Symlinking: /home/blade_master/pnx/pnx_dart_ros2/install/rm_serial_driver/share/rm_serial_driver/cmake/rm_serial_driverConfig.cmake
[17.110s] -- Symlinking: /home/blade_master/pnx/pnx_dart_ros2/install/rm_serial_driver/share/rm_serial_driver/cmake/rm_serial_driverConfig-version.cmake
[17.116s] -- Symlinking: /home/blade_master/pnx/pnx_dart_ros2/install/rm_serial_driver/share/rm_serial_driver/package.xml
[17.124s] Invoked command in '/home/blade_master/pnx/pnx_dart_ros2/build/rm_serial_driver' returned '0': AMENT_PREFIX_PATH=/home/blade_master/pnx/pnx_dart_ros2/install/auto_aim_interfaces:${AMENT_PREFIX_PATH} CMAKE_PREFIX_PATH=/home/blade_master/pnx/pnx_dart_ros2/install/auto_aim_interfaces:/opt/ros/humble LD_LIBRARY_PATH=/home/blade_master/pnx/pnx_dart_ros2/install/auto_aim_interfaces/lib:/opt/MVS/lib/64:/opt/MVS/lib/32:/opt/ros/humble/opt/rviz_ogre_vendor/lib:/opt/MVS/lib/64:/opt/MVS/lib/32:/opt/MVS/lib/64:/opt/MVS/lib/32:/opt/ros/humble/lib/x86_64-linux-gnu:/opt/ros/humble/lib:/opt/MVS/lib/64:/opt/MVS/lib/32 PYTHONPATH=/home/blade_master/pnx/pnx_dart_ros2/install/auto_aim_interfaces/local/lib/python3.10/dist-packages:${PYTHONPATH} /usr/bin/cmake --install /home/blade_master/pnx/pnx_dart_ros2/build/rm_serial_driver
