[0.019s] Invoking command in '/home/blade_master/pnx/pnx_dart_ros2/build/rm_gimbal_description': CMAKE_PREFIX_PATH=/opt/ros/humble /usr/bin/cmake /home/blade_master/pnx/pnx_dart_ros2/src/rm_gimbal_description -DAMENT_CMAKE_SYMLINK_INSTALL=1 -DCMAKE_INSTALL_PREFIX=/home/blade_master/pnx/pnx_dart_ros2/install/rm_gimbal_description
[0.087s] -- The C compiler identification is GNU 11.4.0
[0.295s] -- The CXX compiler identification is GNU 11.4.0
[0.422s] -- Detecting C compiler ABI info
[0.502s] -- Detecting C compiler ABI info - done
[0.507s] -- Check for working C compiler: /usr/bin/cc - skipped
[0.507s] -- Detecting C compile features
[0.508s] -- Detecting C compile features - done
[0.510s] -- Detecting CXX compiler ABI info
[0.596s] -- Detecting CXX compiler ABI info - done
[0.602s] -- Check for working CXX compiler: /usr/bin/c++ - skipped
[0.602s] -- Detecting CXX compile features
[0.602s] -- Detecting CXX compile features - done
[0.604s] -- Found ament_cmake: 1.3.11 (/opt/ros/humble/share/ament_cmake/cmake)
[0.714s] -- Found Python3: /usr/bin/python3 (found version "3.10.12") found components: Interpreter 
[0.763s] -- Override CMake install command with custom implementation using symlinks instead of copying resources
[0.779s] -- Found ament_lint_auto: 0.12.12 (/opt/ros/humble/share/ament_lint_auto/cmake)
[0.852s] -- Added test 'lint_cmake' to check CMake code style
[0.853s] -- Added test 'xmllint' to check XML markup files
[0.855s] -- Configuring done
[0.858s] -- Generating done
[0.860s] -- Build files have been written to: /home/blade_master/pnx/pnx_dart_ros2/build/rm_gimbal_description
[0.867s] Invoked command in '/home/blade_master/pnx/pnx_dart_ros2/build/rm_gimbal_description' returned '0': CMAKE_PREFIX_PATH=/opt/ros/humble /usr/bin/cmake /home/blade_master/pnx/pnx_dart_ros2/src/rm_gimbal_description -DAMENT_CMAKE_SYMLINK_INSTALL=1 -DCMAKE_INSTALL_PREFIX=/home/blade_master/pnx/pnx_dart_ros2/install/rm_gimbal_description
[0.869s] Invoking command in '/home/blade_master/pnx/pnx_dart_ros2/build/rm_gimbal_description': CMAKE_PREFIX_PATH=/opt/ros/humble /usr/bin/cmake --build /home/blade_master/pnx/pnx_dart_ros2/build/rm_gimbal_description -- -j22 -l22
[0.896s] Invoked command in '/home/blade_master/pnx/pnx_dart_ros2/build/rm_gimbal_description' returned '0': CMAKE_PREFIX_PATH=/opt/ros/humble /usr/bin/cmake --build /home/blade_master/pnx/pnx_dart_ros2/build/rm_gimbal_description -- -j22 -l22
[0.905s] Invoking command in '/home/blade_master/pnx/pnx_dart_ros2/build/rm_gimbal_description': CMAKE_PREFIX_PATH=/opt/ros/humble /usr/bin/cmake --install /home/blade_master/pnx/pnx_dart_ros2/build/rm_gimbal_description
[0.912s] -- Install configuration: ""
[0.912s] -- Execute custom install script
[0.913s] -- Symlinking: /home/blade_master/pnx/pnx_dart_ros2/install/rm_gimbal_description/share/rm_gimbal_description/urdf/rm_gimbal.urdf.xacro
[0.920s] -- Symlinking: /home/blade_master/pnx/pnx_dart_ros2/install/rm_gimbal_description/share/ament_index/resource_index/package_run_dependencies/rm_gimbal_description
[0.926s] -- Symlinking: /home/blade_master/pnx/pnx_dart_ros2/install/rm_gimbal_description/share/ament_index/resource_index/parent_prefix_path/rm_gimbal_description
[0.932s] -- Symlinking: /home/blade_master/pnx/pnx_dart_ros2/install/rm_gimbal_description/share/rm_gimbal_description/environment/ament_prefix_path.sh
[0.938s] -- Symlinking: /home/blade_master/pnx/pnx_dart_ros2/install/rm_gimbal_description/share/rm_gimbal_description/environment/ament_prefix_path.dsv
[0.944s] -- Symlinking: /home/blade_master/pnx/pnx_dart_ros2/install/rm_gimbal_description/share/rm_gimbal_description/environment/path.sh
[0.950s] -- Symlinking: /home/blade_master/pnx/pnx_dart_ros2/install/rm_gimbal_description/share/rm_gimbal_description/environment/path.dsv
[0.955s] -- Symlinking: /home/blade_master/pnx/pnx_dart_ros2/install/rm_gimbal_description/share/rm_gimbal_description/local_setup.bash
[0.961s] -- Symlinking: /home/blade_master/pnx/pnx_dart_ros2/install/rm_gimbal_description/share/rm_gimbal_description/local_setup.sh
[0.967s] -- Symlinking: /home/blade_master/pnx/pnx_dart_ros2/install/rm_gimbal_description/share/rm_gimbal_description/local_setup.zsh
[0.973s] -- Symlinking: /home/blade_master/pnx/pnx_dart_ros2/install/rm_gimbal_description/share/rm_gimbal_description/local_setup.dsv
[0.979s] -- Symlinking: /home/blade_master/pnx/pnx_dart_ros2/install/rm_gimbal_description/share/rm_gimbal_description/package.dsv
[0.984s] -- Symlinking: /home/blade_master/pnx/pnx_dart_ros2/install/rm_gimbal_description/share/ament_index/resource_index/packages/rm_gimbal_description
[0.990s] -- Symlinking: /home/blade_master/pnx/pnx_dart_ros2/install/rm_gimbal_description/share/rm_gimbal_description/cmake/rm_gimbal_descriptionConfig.cmake
[0.996s] -- Symlinking: /home/blade_master/pnx/pnx_dart_ros2/install/rm_gimbal_description/share/rm_gimbal_description/cmake/rm_gimbal_descriptionConfig-version.cmake
[1.003s] -- Symlinking: /home/blade_master/pnx/pnx_dart_ros2/install/rm_gimbal_description/share/rm_gimbal_description/package.xml
[1.014s] Invoked command in '/home/blade_master/pnx/pnx_dart_ros2/build/rm_gimbal_description' returned '0': CMAKE_PREFIX_PATH=/opt/ros/humble /usr/bin/cmake --install /home/blade_master/pnx/pnx_dart_ros2/build/rm_gimbal_description
