[0.087s] Invoking command in '/home/blade_master/pnx/pnx_dart_ros2/build/rm_auto_aim_dart': AMENT_PREFIX_PATH=/home/blade_master/pnx/pnx_dart_ros2/install/light_detector:/home/blade_master/pnx/pnx_dart_ros2/install/auto_aim_interfaces:${AMENT_PREFIX_PATH} CMAKE_PREFIX_PATH=/home/blade_master/pnx/pnx_dart_ros2/install/light_detector:/home/blade_master/pnx/pnx_dart_ros2/install/auto_aim_interfaces:/opt/ros/humble LD_LIBRARY_PATH=/home/blade_master/pnx/pnx_dart_ros2/install/light_detector/lib:/home/blade_master/pnx/pnx_dart_ros2/install/auto_aim_interfaces/lib:/opt/MVS/lib/64:/opt/MVS/lib/32:/opt/ros/humble/opt/rviz_ogre_vendor/lib:/opt/MVS/lib/64:/opt/MVS/lib/32:/opt/MVS/lib/64:/opt/MVS/lib/32:/opt/ros/humble/lib/x86_64-linux-gnu:/opt/ros/humble/lib:/opt/MVS/lib/64:/opt/MVS/lib/32 PYTHONPATH=/home/blade_master/pnx/pnx_dart_ros2/install/auto_aim_interfaces/local/lib/python3.10/dist-packages:${PYTHONPATH} /usr/bin/cmake /home/blade_master/pnx/pnx_dart_ros2/src/auto_aim/rm_auto_aim_dart -DAMENT_CMAKE_SYMLINK_INSTALL=1 -DCMAKE_INSTALL_PREFIX=/home/blade_master/pnx/pnx_dart_ros2/install/rm_auto_aim_dart
[0.163s] -- The C compiler identification is GNU 11.4.0
[0.415s] -- The CXX compiler identification is GNU 11.4.0
[0.563s] -- Detecting C compiler ABI info
[0.649s] -- Detecting C compiler ABI info - done
[0.654s] -- Check for working C compiler: /usr/bin/cc - skipped
[0.654s] -- Detecting C compile features
[0.655s] -- Detecting C compile features - done
[0.657s] -- Detecting CXX compiler ABI info
[0.752s] -- Detecting CXX compiler ABI info - done
[0.757s] -- Check for working CXX compiler: /usr/bin/c++ - skipped
[0.757s] -- Detecting CXX compile features
[0.757s] -- Detecting CXX compile features - done
[0.759s] -- Found ament_cmake_auto: 1.3.11 (/opt/ros/humble/share/ament_cmake_auto/cmake)
[0.874s] -- Found Python3: /usr/bin/python3 (found version "3.10.12") found components: Interpreter 
[0.927s] -- Override CMake install command with custom implementation using symlinks instead of copying resources
[0.945s] -- Found ament_lint_auto: 0.12.12 (/opt/ros/humble/share/ament_lint_auto/cmake)
[1.008s] -- Added test 'lint_cmake' to check CMake code style
[1.009s] -- Added test 'xmllint' to check XML markup files
[1.010s] -- Configuring done
[1.013s] -- Generating done
[1.014s] -- Build files have been written to: /home/blade_master/pnx/pnx_dart_ros2/build/rm_auto_aim_dart
[1.019s] Invoked command in '/home/blade_master/pnx/pnx_dart_ros2/build/rm_auto_aim_dart' returned '0': AMENT_PREFIX_PATH=/home/blade_master/pnx/pnx_dart_ros2/install/light_detector:/home/blade_master/pnx/pnx_dart_ros2/install/auto_aim_interfaces:${AMENT_PREFIX_PATH} CMAKE_PREFIX_PATH=/home/blade_master/pnx/pnx_dart_ros2/install/light_detector:/home/blade_master/pnx/pnx_dart_ros2/install/auto_aim_interfaces:/opt/ros/humble LD_LIBRARY_PATH=/home/blade_master/pnx/pnx_dart_ros2/install/light_detector/lib:/home/blade_master/pnx/pnx_dart_ros2/install/auto_aim_interfaces/lib:/opt/MVS/lib/64:/opt/MVS/lib/32:/opt/ros/humble/opt/rviz_ogre_vendor/lib:/opt/MVS/lib/64:/opt/MVS/lib/32:/opt/MVS/lib/64:/opt/MVS/lib/32:/opt/ros/humble/lib/x86_64-linux-gnu:/opt/ros/humble/lib:/opt/MVS/lib/64:/opt/MVS/lib/32 PYTHONPATH=/home/blade_master/pnx/pnx_dart_ros2/install/auto_aim_interfaces/local/lib/python3.10/dist-packages:${PYTHONPATH} /usr/bin/cmake /home/blade_master/pnx/pnx_dart_ros2/src/auto_aim/rm_auto_aim_dart -DAMENT_CMAKE_SYMLINK_INSTALL=1 -DCMAKE_INSTALL_PREFIX=/home/blade_master/pnx/pnx_dart_ros2/install/rm_auto_aim_dart
[1.021s] Invoking command in '/home/blade_master/pnx/pnx_dart_ros2/build/rm_auto_aim_dart': AMENT_PREFIX_PATH=/home/blade_master/pnx/pnx_dart_ros2/install/light_detector:/home/blade_master/pnx/pnx_dart_ros2/install/auto_aim_interfaces:${AMENT_PREFIX_PATH} CMAKE_PREFIX_PATH=/home/blade_master/pnx/pnx_dart_ros2/install/light_detector:/home/blade_master/pnx/pnx_dart_ros2/install/auto_aim_interfaces:/opt/ros/humble LD_LIBRARY_PATH=/home/blade_master/pnx/pnx_dart_ros2/install/light_detector/lib:/home/blade_master/pnx/pnx_dart_ros2/install/auto_aim_interfaces/lib:/opt/MVS/lib/64:/opt/MVS/lib/32:/opt/ros/humble/opt/rviz_ogre_vendor/lib:/opt/MVS/lib/64:/opt/MVS/lib/32:/opt/MVS/lib/64:/opt/MVS/lib/32:/opt/ros/humble/lib/x86_64-linux-gnu:/opt/ros/humble/lib:/opt/MVS/lib/64:/opt/MVS/lib/32 PYTHONPATH=/home/blade_master/pnx/pnx_dart_ros2/install/auto_aim_interfaces/local/lib/python3.10/dist-packages:${PYTHONPATH} /usr/bin/cmake --build /home/blade_master/pnx/pnx_dart_ros2/build/rm_auto_aim_dart -- -j22 -l22
[1.048s] Invoked command in '/home/blade_master/pnx/pnx_dart_ros2/build/rm_auto_aim_dart' returned '0': AMENT_PREFIX_PATH=/home/blade_master/pnx/pnx_dart_ros2/install/light_detector:/home/blade_master/pnx/pnx_dart_ros2/install/auto_aim_interfaces:${AMENT_PREFIX_PATH} CMAKE_PREFIX_PATH=/home/blade_master/pnx/pnx_dart_ros2/install/light_detector:/home/blade_master/pnx/pnx_dart_ros2/install/auto_aim_interfaces:/opt/ros/humble LD_LIBRARY_PATH=/home/blade_master/pnx/pnx_dart_ros2/install/light_detector/lib:/home/blade_master/pnx/pnx_dart_ros2/install/auto_aim_interfaces/lib:/opt/MVS/lib/64:/opt/MVS/lib/32:/opt/ros/humble/opt/rviz_ogre_vendor/lib:/opt/MVS/lib/64:/opt/MVS/lib/32:/opt/MVS/lib/64:/opt/MVS/lib/32:/opt/ros/humble/lib/x86_64-linux-gnu:/opt/ros/humble/lib:/opt/MVS/lib/64:/opt/MVS/lib/32 PYTHONPATH=/home/blade_master/pnx/pnx_dart_ros2/install/auto_aim_interfaces/local/lib/python3.10/dist-packages:${PYTHONPATH} /usr/bin/cmake --build /home/blade_master/pnx/pnx_dart_ros2/build/rm_auto_aim_dart -- -j22 -l22
[1.050s] Invoking command in '/home/blade_master/pnx/pnx_dart_ros2/build/rm_auto_aim_dart': AMENT_PREFIX_PATH=/home/blade_master/pnx/pnx_dart_ros2/install/light_detector:/home/blade_master/pnx/pnx_dart_ros2/install/auto_aim_interfaces:${AMENT_PREFIX_PATH} CMAKE_PREFIX_PATH=/home/blade_master/pnx/pnx_dart_ros2/install/light_detector:/home/blade_master/pnx/pnx_dart_ros2/install/auto_aim_interfaces:/opt/ros/humble LD_LIBRARY_PATH=/home/blade_master/pnx/pnx_dart_ros2/install/light_detector/lib:/home/blade_master/pnx/pnx_dart_ros2/install/auto_aim_interfaces/lib:/opt/MVS/lib/64:/opt/MVS/lib/32:/opt/ros/humble/opt/rviz_ogre_vendor/lib:/opt/MVS/lib/64:/opt/MVS/lib/32:/opt/MVS/lib/64:/opt/MVS/lib/32:/opt/ros/humble/lib/x86_64-linux-gnu:/opt/ros/humble/lib:/opt/MVS/lib/64:/opt/MVS/lib/32 PYTHONPATH=/home/blade_master/pnx/pnx_dart_ros2/install/auto_aim_interfaces/local/lib/python3.10/dist-packages:${PYTHONPATH} /usr/bin/cmake --install /home/blade_master/pnx/pnx_dart_ros2/build/rm_auto_aim_dart
[1.054s] -- Install configuration: ""
[1.054s] -- Execute custom install script
[1.055s] -- Symlinking: /home/blade_master/pnx/pnx_dart_ros2/install/rm_auto_aim_dart/share/ament_index/resource_index/package_run_dependencies/rm_auto_aim_dart
[1.061s] -- Symlinking: /home/blade_master/pnx/pnx_dart_ros2/install/rm_auto_aim_dart/share/ament_index/resource_index/parent_prefix_path/rm_auto_aim_dart
[1.066s] -- Symlinking: /home/blade_master/pnx/pnx_dart_ros2/install/rm_auto_aim_dart/share/rm_auto_aim_dart/environment/ament_prefix_path.sh
[1.072s] -- Symlinking: /home/blade_master/pnx/pnx_dart_ros2/install/rm_auto_aim_dart/share/rm_auto_aim_dart/environment/ament_prefix_path.dsv
[1.078s] -- Symlinking: /home/blade_master/pnx/pnx_dart_ros2/install/rm_auto_aim_dart/share/rm_auto_aim_dart/environment/path.sh
[1.085s] -- Symlinking: /home/blade_master/pnx/pnx_dart_ros2/install/rm_auto_aim_dart/share/rm_auto_aim_dart/environment/path.dsv
[1.091s] -- Symlinking: /home/blade_master/pnx/pnx_dart_ros2/install/rm_auto_aim_dart/share/rm_auto_aim_dart/local_setup.bash
[1.098s] -- Symlinking: /home/blade_master/pnx/pnx_dart_ros2/install/rm_auto_aim_dart/share/rm_auto_aim_dart/local_setup.sh
[1.104s] -- Symlinking: /home/blade_master/pnx/pnx_dart_ros2/install/rm_auto_aim_dart/share/rm_auto_aim_dart/local_setup.zsh
[1.110s] -- Symlinking: /home/blade_master/pnx/pnx_dart_ros2/install/rm_auto_aim_dart/share/rm_auto_aim_dart/local_setup.dsv
[1.116s] -- Symlinking: /home/blade_master/pnx/pnx_dart_ros2/install/rm_auto_aim_dart/share/rm_auto_aim_dart/package.dsv
[1.121s] -- Symlinking: /home/blade_master/pnx/pnx_dart_ros2/install/rm_auto_aim_dart/share/ament_index/resource_index/packages/rm_auto_aim_dart
[1.127s] -- Symlinking: /home/blade_master/pnx/pnx_dart_ros2/install/rm_auto_aim_dart/share/rm_auto_aim_dart/cmake/rm_auto_aim_dartConfig.cmake
[1.133s] -- Symlinking: /home/blade_master/pnx/pnx_dart_ros2/install/rm_auto_aim_dart/share/rm_auto_aim_dart/cmake/rm_auto_aim_dartConfig-version.cmake
[1.138s] -- Symlinking: /home/blade_master/pnx/pnx_dart_ros2/install/rm_auto_aim_dart/share/rm_auto_aim_dart/package.xml
[1.146s] Invoked command in '/home/blade_master/pnx/pnx_dart_ros2/build/rm_auto_aim_dart' returned '0': AMENT_PREFIX_PATH=/home/blade_master/pnx/pnx_dart_ros2/install/light_detector:/home/blade_master/pnx/pnx_dart_ros2/install/auto_aim_interfaces:${AMENT_PREFIX_PATH} CMAKE_PREFIX_PATH=/home/blade_master/pnx/pnx_dart_ros2/install/light_detector:/home/blade_master/pnx/pnx_dart_ros2/install/auto_aim_interfaces:/opt/ros/humble LD_LIBRARY_PATH=/home/blade_master/pnx/pnx_dart_ros2/install/light_detector/lib:/home/blade_master/pnx/pnx_dart_ros2/install/auto_aim_interfaces/lib:/opt/MVS/lib/64:/opt/MVS/lib/32:/opt/ros/humble/opt/rviz_ogre_vendor/lib:/opt/MVS/lib/64:/opt/MVS/lib/32:/opt/MVS/lib/64:/opt/MVS/lib/32:/opt/ros/humble/lib/x86_64-linux-gnu:/opt/ros/humble/lib:/opt/MVS/lib/64:/opt/MVS/lib/32 PYTHONPATH=/home/blade_master/pnx/pnx_dart_ros2/install/auto_aim_interfaces/local/lib/python3.10/dist-packages:${PYTHONPATH} /usr/bin/cmake --install /home/blade_master/pnx/pnx_dart_ros2/build/rm_auto_aim_dart
